"9/23/2025 4:31:01 PM","506","Microsoft-Windows-Kernel-Power","Information","The system is entering Modern Standby ","The system is entering Modern Standby 

Reason: Lid."
"9/23/2025 4:31:13 PM","566","Microsoft-Windows-Kernel-Power","Information","The system session has transitioned from 485 to 486.","The system session has transitioned from 485 to 486.

Reason PolicyChange 

BootId: 22"
"9/23/2025 4:39:08 PM","507","Microsoft-Windows-Kernel-Power","Information","The system is exiting Modern Standby ","The system is exiting Modern Standby 

Reason: Austerity Battery Drain Budget Exceeded."
"9/23/2025 4:39:08 PM","566","Microsoft-Windows-Kernel-Power","Information","The system session has transitioned from 486 to 487.","The system session has transitioned from 486 to 487.

Reason 55 

BootId: 22"
"9/23/2025 4:39:08 PM","506","Microsoft-Windows-Kernel-Power","Information","The system is entering Modern Standby ","The system is entering Modern Standby 

Reason: Austerity Battery Drain Budget Exceeded."
"9/23/2025 4:39:18 PM","566","Microsoft-Windows-Kernel-Power","Information","The system session has transitioned from 487 to 488.","The system session has transitioned from 487 to 488.

Reason 55 

BootId: 22"
"9/23/2025 6:39:39 PM","105","Microsoft-Windows-Kernel-Power","Information","Power source change.","Power source change."
"9/23/2025 6:39:39 PM","507","Microsoft-Windows-Kernel-Power","Information","The system is exiting Modern Standby ","The system is exiting Modern Standby 

Reason: AC/DC Display Burst Suppressed."
"9/23/2025 6:39:39 PM","566","Microsoft-Windows-Kernel-Power","Information","The system session has transitioned from 488 to 489.","The system session has transitioned from 488 to 489.

Reason InputMouse 

BootId: 22"
"9/23/2025 6:39:39 PM","506","Microsoft-Windows-Kernel-Power","Information","The system is entering Modern Standby ","The system is entering Modern Standby 

Reason: AC/DC Display Burst Suppressed."
"9/23/2025 6:39:50 PM","566","Microsoft-Windows-Kernel-Power","Information","The system session has transitioned from 489 to 490.","The system session has transitioned from 489 to 490.

Reason InputMouse 

BootId: 22"
"9/23/2025 6:44:43 PM","507","Microsoft-Windows-Kernel-Power","Information","The system is exiting Modern Standby ","The system is exiting Modern Standby 

Reason: 16777224."
"9/23/2025 6:44:43 PM","566","Microsoft-Windows-Kernel-Power","Information","The system session has transitioned from 490 to 491.","The system session has transitioned from 490 to 491.

Reason 16777224 

BootId: 22"
"9/23/2025 6:44:43 PM","506","Microsoft-Windows-Kernel-Power","Information","The system is entering Modern Standby ","The system is entering Modern Standby 

Reason: 16777224."
"9/23/2025 7:22:27 PM","566","Microsoft-Windows-Kernel-Power","Information","The system session has transitioned from 491 to 492.","The system session has transitioned from 491 to 492.

Reason InputMouse 

BootId: 22"
"9/24/2025 12:01:58 AM","507","Microsoft-Windows-Kernel-Power","Information","The system is exiting Modern Standby ","The system is exiting Modern Standby 

Reason: 16777224."
"9/24/2025 12:01:58 AM","566","Microsoft-Windows-Kernel-Power","Information","The system session has transitioned from 492 to 493.","The system session has transitioned from 492 to 493.

Reason 16777224 

BootId: 22"
"9/24/2025 12:01:58 AM","506","Microsoft-Windows-Kernel-Power","Information","The system is entering Modern Standby ","The system is entering Modern Standby 

Reason: 16777224."
"9/24/2025 3:31:59 AM","566","Microsoft-Windows-Kernel-Power","Information","The system session has transitioned from 493 to 494.","The system session has transitioned from 493 to 494.

Reason InputMouse 

BootId: 22"
"9/24/2025 3:31:59 AM","507","Microsoft-Windows-Kernel-Power","Information","The system is exiting Modern Standby ","The system is exiting Modern Standby 

Reason: 16777220."
"9/24/2025 3:31:59 AM","566","Microsoft-Windows-Kernel-Power","Information","The system session has transitioned from 494 to 495.","The system session has transitioned from 494 to 495.

Reason 16777220 

BootId: 22"
"9/24/2025 3:31:59 AM","506","Microsoft-Windows-Kernel-Power","Information","The system is entering Modern Standby ","The system is entering Modern Standby 

Reason: 16777220."
"9/24/2025 7:37:45 AM","566","Microsoft-Windows-Kernel-Power","Information","The system session has transitioned from 495 to 496.","The system session has transitioned from 495 to 496.

Reason InputMouse 

BootId: 22"
"9/24/2025 7:37:52 AM","507","Microsoft-Windows-Kernel-Power","Information","The system is exiting Modern Standby ","The system is exiting Modern Standby 

Reason: 16777220."
"9/24/2025 7:37:52 AM","566","Microsoft-Windows-Kernel-Power","Information","The system session has transitioned from 496 to 497.","The system session has transitioned from 496 to 497.

Reason 16777220 

BootId: 22"
"9/24/2025 7:37:52 AM","506","Microsoft-Windows-Kernel-Power","Information","The system is entering Modern Standby ","The system is entering Modern Standby 

Reason: 16777220."
"9/24/2025 7:45:10 AM","105","Microsoft-Windows-Kernel-Power","Information","Power source change.","Power source change."
"9/24/2025 7:45:10 AM","507","Microsoft-Windows-Kernel-Power","Information","The system is exiting Modern Standby ","The system is exiting Modern Standby 

Reason: AC/DC Display Burst Suppressed."
"9/24/2025 7:45:10 AM","566","Microsoft-Windows-Kernel-Power","Information","The system session has transitioned from 497 to 499.","The system session has transitioned from 497 to 499.

Reason InputMouse 

BootId: 22"
"9/24/2025 7:45:10 AM","506","Microsoft-Windows-Kernel-Power","Information","The system is entering Modern Standby ","The system is entering Modern Standby 

Reason: AC/DC Display Burst Suppressed."
"9/24/2025 7:45:16 AM","566","Microsoft-Windows-Kernel-Power","Information","The system session has transitioned from 499 to 500.","The system session has transitioned from 499 to 500.

Reason InputMouse 

BootId: 22"
"9/24/2025 7:51:21 AM","507","Microsoft-Windows-Kernel-Power","Information","The system is exiting Modern Standby ","The system is exiting Modern Standby 

Reason: Austerity Battery Drain Budget Exceeded."
"9/24/2025 7:51:21 AM","566","Microsoft-Windows-Kernel-Power","Information","The system session has transitioned from 500 to 501.","The system session has transitioned from 500 to 501.

Reason 55 

BootId: 22"
"9/24/2025 7:51:21 AM","506","Microsoft-Windows-Kernel-Power","Information","The system is entering Modern Standby ","The system is entering Modern Standby 

Reason: Austerity Battery Drain Budget Exceeded."
"9/24/2025 7:51:31 AM","566","Microsoft-Windows-Kernel-Power","Information","The system session has transitioned from 501 to 502.","The system session has transitioned from 501 to 502.

Reason 55 

BootId: 22"
"9/24/2025 8:12:35 AM","507","Microsoft-Windows-Kernel-Power","Information","The system is exiting Modern Standby ","The system is exiting Modern Standby 

Reason: Lid."
"9/24/2025 8:12:35 AM","566","Microsoft-Windows-Kernel-Power","Information","The system session has transitioned from 502 to 503.","The system session has transitioned from 502 to 503.

Reason PolicyChange 

BootId: 22"
"9/24/2025 8:12:57 AM","105","Microsoft-Windows-Kernel-Power","Information","Power source change.","Power source change."
"9/24/2025 8:13:06 AM","105","WudfUsbccidDriver","Information","The Smartcard reader reported the following class descriptor (part 2).","The Smartcard reader reported the following class descriptor (part 2)."
"9/24/2025 9:02:56 AM","566","Microsoft-Windows-Kernel-Power","Information","The system session has transitioned from 503 to 504.","The system session has transitioned from 503 to 504.

Reason SessionUnlock 

BootId: 22"
"9/24/2025 9:02:56 AM","506","Microsoft-Windows-Kernel-Power","Information","The system is entering Modern Standby ","The system is entering Modern Standby 

Reason: Idle Timeout."
"9/24/2025 9:03:17 AM","566","Microsoft-Windows-Kernel-Power","Information","The system session has transitioned from 504 to 505.","The system session has transitioned from 504 to 505.

Reason SessionUnlock 

BootId: 22"
"9/24/2025 9:23:32 AM","507","Microsoft-Windows-Kernel-Power","Information","The system is exiting Modern Standby ","The system is exiting Modern Standby 

Reason: Input Mouse."
"9/24/2025 9:23:32 AM","566","Microsoft-Windows-Kernel-Power","Information","The system session has transitioned from 505 to 506.","The system session has transitioned from 505 to 506.

Reason InputHid 

BootId: 22"
"9/24/2025 9:24:03 AM","566","Microsoft-Windows-Kernel-Power","Information","The system session has transitioned from 506 to 507.","The system session has transitioned from 506 to 507.

Reason SessionUnlock 

BootId: 22"
"9/24/2025 9:24:03 AM","506","Microsoft-Windows-Kernel-Power","Information","The system is entering Modern Standby ","The system is entering Modern Standby 

Reason: Idle Timeout."
"9/24/2025 9:25:04 AM","507","Microsoft-Windows-Kernel-Power","Information","The system is exiting Modern Standby ","The system is exiting Modern Standby 

Reason: Input Mouse."
"9/24/2025 9:25:04 AM","566","Microsoft-Windows-Kernel-Power","Information","The system session has transitioned from 507 to 509.","The system session has transitioned from 507 to 509.

Reason InputHid 

BootId: 22"
"9/24/2025 11:39:23 AM","566","Microsoft-Windows-Kernel-Power","Information","The system session has transitioned from 509 to 510.","The system session has transitioned from 509 to 510.

Reason SessionUnlock 

BootId: 22"
"9/24/2025 11:39:23 AM","506","Microsoft-Windows-Kernel-Power","Information","The system is entering Modern Standby ","The system is entering Modern Standby 

Reason: Idle Timeout."
"9/24/2025 11:40:01 AM","566","Microsoft-Windows-Kernel-Power","Information","The system session has transitioned from 510 to 511.","The system session has transitioned from 510 to 511.

Reason SessionUnlock 

BootId: 22"
"9/24/2025 12:10:46 PM","507","Microsoft-Windows-Kernel-Power","Information","The system is exiting Modern Standby ","The system is exiting Modern Standby 

Reason: Input Keyboard."
"9/24/2025 12:10:46 PM","566","Microsoft-Windows-Kernel-Power","Information","The system session has transitioned from 511 to 512.","The system session has transitioned from 511 to 512.

Reason InputAccelerometer 

BootId: 22"
"9/24/2025 1:04:24 PM","105","Microsoft-Windows-Kernel-Power","Information","Power source change.","Power source change."
"9/24/2025 1:04:35 PM","105","Microsoft-Windows-Kernel-Power","Information","Power source change.","Power source change."
"9/24/2025 1:04:45 PM","105","Microsoft-Windows-Kernel-Power","Information","Power source change.","Power source change."
"9/24/2025 1:04:56 PM","105","Microsoft-Windows-Kernel-Power","Information","Power source change.","Power source change."
"9/24/2025 1:05:31 PM","105","Microsoft-Windows-Kernel-Power","Information","Power source change.","Power source change."
"9/24/2025 1:27:54 PM","105","Microsoft-Windows-Kernel-Power","Information","Power source change.","Power source change."
"9/24/2025 8:46:56 PM","105","Microsoft-Windows-Kernel-Power","Information","Power source change.","Power source change."
"9/24/2025 8:46:58 PM","566","Microsoft-Windows-Kernel-Power","Information","The system session has transitioned from 512 to 513.","The system session has transitioned from 512 to 513.

Reason PolicyChange 

BootId: 22"
"9/24/2025 8:46:58 PM","506","Microsoft-Windows-Kernel-Power","Information","The system is entering Modern Standby ","The system is entering Modern Standby 

Reason: Lid."
"9/24/2025 8:47:11 PM","566","Microsoft-Windows-Kernel-Power","Information","The system session has transitioned from 513 to 514.","The system session has transitioned from 513 to 514.

Reason PolicyChange 

BootId: 22"
"9/24/2025 8:54:03 PM","507","Microsoft-Windows-Kernel-Power","Information","The system is exiting Modern Standby ","The system is exiting Modern Standby 

Reason: Austerity Battery Drain Budget Exceeded."
"9/24/2025 8:54:03 PM","566","Microsoft-Windows-Kernel-Power","Information","The system session has transitioned from 514 to 515.","The system session has transitioned from 514 to 515.

Reason 55 

BootId: 22"
"9/24/2025 8:54:03 PM","506","Microsoft-Windows-Kernel-Power","Information","The system is entering Modern Standby ","The system is entering Modern Standby 

Reason: Austerity Battery Drain Budget Exceeded."
"9/24/2025 8:54:14 PM","566","Microsoft-Windows-Kernel-Power","Information","The system session has transitioned from 515 to 516.","The system session has transitioned from 515 to 516.

Reason 55 

BootId: 22"
"9/24/2025 9:44:29 PM","105","Microsoft-Windows-Kernel-Power","Information","Power source change.","Power source change."
"9/24/2025 9:44:29 PM","507","Microsoft-Windows-Kernel-Power","Information","The system is exiting Modern Standby ","The system is exiting Modern Standby 

Reason: AC/DC Display Burst Suppressed."
"9/24/2025 9:44:29 PM","566","Microsoft-Windows-Kernel-Power","Information","The system session has transitioned from 516 to 517.","The system session has transitioned from 516 to 517.

Reason InputMouse 

BootId: 22"
"9/24/2025 9:44:29 PM","506","Microsoft-Windows-Kernel-Power","Information","The system is entering Modern Standby ","The system is entering Modern Standby 

Reason: AC/DC Display Burst Suppressed."
"9/24/2025 9:44:40 PM","566","Microsoft-Windows-Kernel-Power","Information","The system session has transitioned from 517 to 518.","The system session has transitioned from 517 to 518.

Reason InputMouse 

BootId: 22"
"9/24/2025 10:37:50 PM","507","Microsoft-Windows-Kernel-Power","Information","The system is exiting Modern Standby ","The system is exiting Modern Standby 

Reason: 16777224."
"9/24/2025 10:37:50 PM","566","Microsoft-Windows-Kernel-Power","Information","The system session has transitioned from 518 to 519.","The system session has transitioned from 518 to 519.

Reason 16777224 

BootId: 22"
"9/24/2025 10:37:50 PM","506","Microsoft-Windows-Kernel-Power","Information","The system is entering Modern Standby ","The system is entering Modern Standby 

Reason: 16777224."
"9/24/2025 10:49:18 PM","566","Microsoft-Windows-Kernel-Power","Information","The system session has transitioned from 519 to 520.","The system session has transitioned from 519 to 520.

Reason InputMouse 

BootId: 22"
"9/25/2025 12:17:24 AM","507","Microsoft-Windows-Kernel-Power","Information","The system is exiting Modern Standby ","The system is exiting Modern Standby 

Reason: 16777224."
"9/25/2025 12:17:24 AM","566","Microsoft-Windows-Kernel-Power","Information","The system session has transitioned from 520 to 521.","The system session has transitioned from 520 to 521.

Reason 16777224 

BootId: 22"
"9/25/2025 12:17:24 AM","506","Microsoft-Windows-Kernel-Power","Information","The system is entering Modern Standby ","The system is entering Modern Standby 

Reason: 16777224."
"9/25/2025 12:25:02 AM","566","Microsoft-Windows-Kernel-Power","Information","The system session has transitioned from 521 to 522.","The system session has transitioned from 521 to 522.

Reason InputMouse 

BootId: 22"
"9/25/2025 12:25:02 AM","507","Microsoft-Windows-Kernel-Power","Information","The system is exiting Modern Standby ","The system is exiting Modern Standby 

Reason: 16777220."
"9/25/2025 12:25:02 AM","566","Microsoft-Windows-Kernel-Power","Information","The system session has transitioned from 522 to 523.","The system session has transitioned from 522 to 523.

Reason 16777220 

BootId: 22"
"9/25/2025 12:25:02 AM","506","Microsoft-Windows-Kernel-Power","Information","The system is entering Modern Standby ","The system is entering Modern Standby 

Reason: 16777220."
"9/25/2025 1:28:17 AM","566","Microsoft-Windows-Kernel-Power","Information","The system session has transitioned from 523 to 524.","The system session has transitioned from 523 to 524.

Reason InputMouse 

BootId: 22"
"9/25/2025 2:28:49 AM","507","Microsoft-Windows-Kernel-Power","Information","The system is exiting Modern Standby ","The system is exiting Modern Standby 

Reason: 16777220."
"9/25/2025 2:28:49 AM","566","Microsoft-Windows-Kernel-Power","Information","The system session has transitioned from 524 to 525.","The system session has transitioned from 524 to 525.

Reason 16777220 

BootId: 22"
"9/25/2025 2:28:49 AM","506","Microsoft-Windows-Kernel-Power","Information","The system is entering Modern Standby ","The system is entering Modern Standby 

Reason: 16777220."
"9/25/2025 3:17:29 AM","566","Microsoft-Windows-Kernel-Power","Information","The system session has transitioned from 525 to 526.","The system session has transitioned from 525 to 526.

Reason InputMouse 

BootId: 22"
"9/25/2025 3:37:09 AM","507","Microsoft-Windows-Kernel-Power","Information","The system is exiting Modern Standby ","The system is exiting Modern Standby 

Reason: 16777224."
"9/25/2025 3:37:09 AM","566","Microsoft-Windows-Kernel-Power","Information","The system session has transitioned from 526 to 527.","The system session has transitioned from 526 to 527.

Reason 16777224 

BootId: 22"
"9/25/2025 3:37:09 AM","506","Microsoft-Windows-Kernel-Power","Information","The system is entering Modern Standby ","The system is entering Modern Standby 

Reason: 16777224."
"9/25/2025 3:52:43 AM","566","Microsoft-Windows-Kernel-Power","Information","The system session has transitioned from 527 to 528.","The system session has transitioned from 527 to 528.

Reason InputMouse 

BootId: 22"
"9/25/2025 3:52:43 AM","507","Microsoft-Windows-Kernel-Power","Information","The system is exiting Modern Standby ","The system is exiting Modern Standby 

Reason: 16777220."
"9/25/2025 3:52:43 AM","566","Microsoft-Windows-Kernel-Power","Information","The system session has transitioned from 528 to 529.","The system session has transitioned from 528 to 529.

Reason 16777220 

BootId: 22"
"9/25/2025 3:52:43 AM","506","Microsoft-Windows-Kernel-Power","Information","The system is entering Modern Standby ","The system is entering Modern Standby 

Reason: 16777220."
"9/25/2025 3:55:15 AM","566","Microsoft-Windows-Kernel-Power","Information","The system session has transitioned from 529 to 530.","The system session has transitioned from 529 to 530.

Reason InputMouse 

BootId: 22"
"9/25/2025 3:55:15 AM","507","Microsoft-Windows-Kernel-Power","Information","The system is exiting Modern Standby ","The system is exiting Modern Standby 

Reason: 16777220."
"9/25/2025 3:55:15 AM","566","Microsoft-Windows-Kernel-Power","Information","The system session has transitioned from 530 to 531.","The system session has transitioned from 530 to 531.

Reason 16777220 

BootId: 22"
"9/25/2025 3:55:15 AM","506","Microsoft-Windows-Kernel-Power","Information","The system is entering Modern Standby ","The system is entering Modern Standby 

Reason: 16777220."
"9/25/2025 4:25:23 AM","566","Microsoft-Windows-Kernel-Power","Information","The system session has transitioned from 531 to 532.","The system session has transitioned from 531 to 532.

Reason InputMouse 

BootId: 22"
"9/25/2025 4:25:23 AM","507","Microsoft-Windows-Kernel-Power","Information","The system is exiting Modern Standby ","The system is exiting Modern Standby 

Reason: 16777220."
"9/25/2025 4:25:24 AM","566","Microsoft-Windows-Kernel-Power","Information","The system session has transitioned from 532 to 533.","The system session has transitioned from 532 to 533.

Reason 16777220 

BootId: 22"
"9/25/2025 4:25:24 AM","506","Microsoft-Windows-Kernel-Power","Information","The system is entering Modern Standby ","The system is entering Modern Standby 

Reason: 16777220."
"9/25/2025 4:27:02 AM","566","Microsoft-Windows-Kernel-Power","Information","The system session has transitioned from 533 to 534.","The system session has transitioned from 533 to 534.

Reason InputMouse 

BootId: 22"
"9/25/2025 4:27:02 AM","507","Microsoft-Windows-Kernel-Power","Information","The system is exiting Modern Standby ","The system is exiting Modern Standby 

Reason: 16777220."
"9/25/2025 4:27:02 AM","566","Microsoft-Windows-Kernel-Power","Information","The system session has transitioned from 534 to 535.","The system session has transitioned from 534 to 535.

Reason 16777220 

BootId: 22"
"9/25/2025 4:27:02 AM","506","Microsoft-Windows-Kernel-Power","Information","The system is entering Modern Standby ","The system is entering Modern Standby 

Reason: 16777220."
"9/25/2025 4:57:07 AM","566","Microsoft-Windows-Kernel-Power","Information","The system session has transitioned from 535 to 536.","The system session has transitioned from 535 to 536.

Reason InputMouse 

BootId: 22"
"9/25/2025 4:57:08 AM","507","Microsoft-Windows-Kernel-Power","Information","The system is exiting Modern Standby ","The system is exiting Modern Standby 

Reason: 16777220."
"9/25/2025 4:57:08 AM","566","Microsoft-Windows-Kernel-Power","Information","The system session has transitioned from 536 to 537.","The system session has transitioned from 536 to 537.

Reason 16777220 

BootId: 22"
"9/25/2025 4:57:08 AM","506","Microsoft-Windows-Kernel-Power","Information","The system is entering Modern Standby ","The system is entering Modern Standby 

Reason: 16777220."
"9/25/2025 4:58:22 AM","566","Microsoft-Windows-Kernel-Power","Information","The system session has transitioned from 537 to 538.","The system session has transitioned from 537 to 538.

Reason InputMouse 

BootId: 22"
"9/25/2025 4:58:22 AM","507","Microsoft-Windows-Kernel-Power","Information","The system is exiting Modern Standby ","The system is exiting Modern Standby 

Reason: 16777220."
"9/25/2025 4:58:22 AM","566","Microsoft-Windows-Kernel-Power","Information","The system session has transitioned from 538 to 539.","The system session has transitioned from 538 to 539.

Reason 16777220 

BootId: 22"
"9/25/2025 4:58:22 AM","506","Microsoft-Windows-Kernel-Power","Information","The system is entering Modern Standby ","The system is entering Modern Standby 

Reason: 16777220."
"9/25/2025 5:28:28 AM","566","Microsoft-Windows-Kernel-Power","Information","The system session has transitioned from 539 to 540.","The system session has transitioned from 539 to 540.

Reason InputMouse 

BootId: 22"
"9/25/2025 5:28:28 AM","507","Microsoft-Windows-Kernel-Power","Information","The system is exiting Modern Standby ","The system is exiting Modern Standby 

Reason: 16777220."
"9/25/2025 5:28:28 AM","566","Microsoft-Windows-Kernel-Power","Information","The system session has transitioned from 540 to 541.","The system session has transitioned from 540 to 541.

Reason 16777220 

BootId: 22"
"9/25/2025 5:28:28 AM","506","Microsoft-Windows-Kernel-Power","Information","The system is entering Modern Standby ","The system is entering Modern Standby 

Reason: 16777220."
"9/25/2025 5:30:01 AM","566","Microsoft-Windows-Kernel-Power","Information","The system session has transitioned from 541 to 542.","The system session has transitioned from 541 to 542.

Reason InputMouse 

BootId: 22"
"9/25/2025 5:37:03 AM","507","Microsoft-Windows-Kernel-Power","Information","The system is exiting Modern Standby ","The system is exiting Modern Standby 

Reason: 16777224."
"9/25/2025 5:37:03 AM","566","Microsoft-Windows-Kernel-Power","Information","The system session has transitioned from 542 to 543.","The system session has transitioned from 542 to 543.

Reason 16777224 

BootId: 22"
"9/25/2025 5:37:03 AM","506","Microsoft-Windows-Kernel-Power","Information","The system is entering Modern Standby ","The system is entering Modern Standby 

Reason: 16777224."
"9/25/2025 5:55:14 AM","566","Microsoft-Windows-Kernel-Power","Information","The system session has transitioned from 543 to 544.","The system session has transitioned from 543 to 544.

Reason InputMouse 

BootId: 22"
"9/25/2025 6:29:33 AM","507","Microsoft-Windows-Kernel-Power","Information","The system is exiting Modern Standby ","The system is exiting Modern Standby 

Reason: 16777220."
"9/25/2025 6:29:33 AM","566","Microsoft-Windows-Kernel-Power","Information","The system session has transitioned from 544 to 545.","The system session has transitioned from 544 to 545.

Reason 16777220 

BootId: 22"
"9/25/2025 6:29:33 AM","506","Microsoft-Windows-Kernel-Power","Information","The system is entering Modern Standby ","The system is entering Modern Standby 

Reason: 16777220."
"9/25/2025 7:34:37 AM","566","Microsoft-Windows-Kernel-Power","Information","The system session has transitioned from 545 to 546.","The system session has transitioned from 545 to 546.

Reason InputMouse 

BootId: 22"
"9/25/2025 7:37:25 AM","105","Microsoft-Windows-Kernel-Power","Information","Power source change.","Power source change."
"9/25/2025 7:37:25 AM","507","Microsoft-Windows-Kernel-Power","Information","The system is exiting Modern Standby ","The system is exiting Modern Standby 

Reason: AC/DC Display Burst Suppressed."
"9/25/2025 7:37:25 AM","566","Microsoft-Windows-Kernel-Power","Information","The system session has transitioned from 546 to 547.","The system session has transitioned from 546 to 547.

Reason InputMouse 

BootId: 22"
"9/25/2025 7:37:25 AM","506","Microsoft-Windows-Kernel-Power","Information","The system is entering Modern Standby ","The system is entering Modern Standby 

Reason: AC/DC Display Burst Suppressed."
"9/25/2025 7:37:35 AM","566","Microsoft-Windows-Kernel-Power","Information","The system session has transitioned from 547 to 548.","The system session has transitioned from 547 to 548.

Reason InputMouse 

BootId: 22"
"9/25/2025 7:41:18 AM","507","Microsoft-Windows-Kernel-Power","Information","The system is exiting Modern Standby ","The system is exiting Modern Standby 

Reason: Austerity Battery Drain Budget Exceeded."
"9/25/2025 7:41:18 AM","566","Microsoft-Windows-Kernel-Power","Information","The system session has transitioned from 548 to 549.","The system session has transitioned from 548 to 549.

Reason 55 

BootId: 22"
"9/25/2025 7:41:18 AM","506","Microsoft-Windows-Kernel-Power","Information","The system is entering Modern Standby ","The system is entering Modern Standby 

Reason: Austerity Battery Drain Budget Exceeded."
"9/25/2025 7:41:28 AM","566","Microsoft-Windows-Kernel-Power","Information","The system session has transitioned from 549 to 550.","The system session has transitioned from 549 to 550.

Reason 55 

BootId: 22"
"9/25/2025 8:10:13 AM","507","Microsoft-Windows-Kernel-Power","Information","The system is exiting Modern Standby ","The system is exiting Modern Standby 

Reason: Lid."
"9/25/2025 8:10:13 AM","566","Microsoft-Windows-Kernel-Power","Information","The system session has transitioned from 550 to 551.","The system session has transitioned from 550 to 551.

Reason PolicyChange 

BootId: 22"
"9/25/2025 8:10:43 AM","566","Microsoft-Windows-Kernel-Power","Information","The system session has transitioned from 551 to 552.","The system session has transitioned from 551 to 552.

Reason SessionUnlock 

BootId: 22"
"9/25/2025 8:10:43 AM","506","Microsoft-Windows-Kernel-Power","Information","The system is entering Modern Standby ","The system is entering Modern Standby 

Reason: Idle Timeout."
"9/25/2025 8:12:46 AM","507","Microsoft-Windows-Kernel-Power","Information","The system is exiting Modern Standby ","The system is exiting Modern Standby 

Reason: Lid."
"9/25/2025 8:12:46 AM","566","Microsoft-Windows-Kernel-Power","Information","The system session has transitioned from 552 to 554.","The system session has transitioned from 552 to 554.

Reason PolicyChange 

BootId: 22"
"9/25/2025 8:12:46 AM","506","Microsoft-Windows-Kernel-Power","Information","The system is entering Modern Standby ","The system is entering Modern Standby 

Reason: Lid."
"9/25/2025 8:14:26 AM","566","Microsoft-Windows-Kernel-Power","Information","The system session has transitioned from 554 to 555.","The system session has transitioned from 554 to 555.

Reason PolicyChange 

BootId: 22"
"9/25/2025 8:14:48 AM","507","Microsoft-Windows-Kernel-Power","Information","The system is exiting Modern Standby ","The system is exiting Modern Standby 

Reason: Austerity Battery Drain Budget Exceeded."
"9/25/2025 8:14:48 AM","566","Microsoft-Windows-Kernel-Power","Information","The system session has transitioned from 555 to 556.","The system session has transitioned from 555 to 556.

Reason 55 

BootId: 22"
"9/25/2025 8:14:48 AM","506","Microsoft-Windows-Kernel-Power","Information","The system is entering Modern Standby ","The system is entering Modern Standby 

Reason: Austerity Battery Drain Budget Exceeded."
"9/25/2025 8:14:59 AM","566","Microsoft-Windows-Kernel-Power","Information","The system session has transitioned from 556 to 557.","The system session has transitioned from 556 to 557.

Reason 55 

BootId: 22"
"9/25/2025 8:29:30 AM","507","Microsoft-Windows-Kernel-Power","Information","The system is exiting Modern Standby ","The system is exiting Modern Standby 

Reason: Lid."
"9/25/2025 8:29:30 AM","566","Microsoft-Windows-Kernel-Power","Information","The system session has transitioned from 557 to 558.","The system session has transitioned from 557 to 558.

Reason PolicyChange 

BootId: 22"
"9/25/2025 8:29:40 AM","105","Microsoft-Windows-Kernel-Power","Information","Power source change.","Power source change."
"9/25/2025 8:29:54 AM","105","WudfUsbccidDriver","Information","The Smartcard reader reported the following class descriptor (part 2).","The Smartcard reader reported the following class descriptor (part 2)."
"9/25/2025 8:32:09 AM","566","Microsoft-Windows-Kernel-Power","Information","The system session has transitioned from 558 to 559.","The system session has transitioned from 558 to 559.

Reason PolicyChange 

BootId: 22"
"9/25/2025 8:32:09 AM","506","Microsoft-Windows-Kernel-Power","Information","The system is entering Modern Standby ","The system is entering Modern Standby 

Reason: Lid."
"9/25/2025 8:32:16 AM","566","Microsoft-Windows-Kernel-Power","Information","The system session has transitioned from 559 to 560.","The system session has transitioned from 559 to 560.

Reason PolicyChange 

BootId: 22"
"9/25/2025 8:32:16 AM","507","Microsoft-Windows-Kernel-Power","Information","The system is exiting Modern Standby ","The system is exiting Modern Standby 

Reason: 16777220."
"9/25/2025 8:32:16 AM","566","Microsoft-Windows-Kernel-Power","Information","The system session has transitioned from 560 to 561.","The system session has transitioned from 560 to 561.

Reason 16777220 

BootId: 22"
"9/25/2025 8:32:16 AM","506","Microsoft-Windows-Kernel-Power","Information","The system is entering Modern Standby ","The system is entering Modern Standby 

Reason: 16777220."
"9/25/2025 8:32:26 AM","507","Microsoft-Windows-Kernel-Power","Information","The system is exiting Modern Standby ","The system is exiting Modern Standby 

Reason: Lid."
"9/25/2025 8:32:26 AM","566","Microsoft-Windows-Kernel-Power","Information","The system session has transitioned from 561 to 563.","The system session has transitioned from 561 to 563.

Reason PolicyChange 

BootId: 22"
"9/25/2025 8:34:39 AM","566","Microsoft-Windows-Kernel-Power","Information","The system session has transitioned from 563 to 564.","The system session has transitioned from 563 to 564.

Reason PolicyChange 

BootId: 22"
"9/25/2025 8:34:39 AM","506","Microsoft-Windows-Kernel-Power","Information","The system is entering Modern Standby ","The system is entering Modern Standby 

Reason: Lid."
"9/25/2025 8:34:44 AM","507","Microsoft-Windows-Kernel-Power","Information","The system is exiting Modern Standby ","The system is exiting Modern Standby 

Reason: Lid."
"9/25/2025 8:34:44 AM","566","Microsoft-Windows-Kernel-Power","Information","The system session has transitioned from 564 to 566.","The system session has transitioned from 564 to 566.

Reason PolicyChange 

BootId: 22"
"9/25/2025 8:41:50 AM","566","Microsoft-Windows-Kernel-Power","Information","The system session has transitioned from 566 to 567.","The system session has transitioned from 566 to 567.

Reason PolicyChange 

BootId: 22"
"9/25/2025 8:41:50 AM","506","Microsoft-Windows-Kernel-Power","Information","The system is entering Modern Standby ","The system is entering Modern Standby 

Reason: Lid."
"9/25/2025 8:41:59 AM","507","Microsoft-Windows-Kernel-Power","Information","The system is exiting Modern Standby ","The system is exiting Modern Standby 

Reason: Lid."
"9/25/2025 8:41:59 AM","566","Microsoft-Windows-Kernel-Power","Information","The system session has transitioned from 567 to 569.","The system session has transitioned from 567 to 569.

Reason PolicyChange 

BootId: 22"
"9/25/2025 8:59:05 AM","105","Microsoft-Windows-Kernel-Power","Information","Power source change.","Power source change."
"9/25/2025 8:59:43 AM","566","Microsoft-Windows-Kernel-Power","Information","The system session has transitioned from 569 to 570.","The system session has transitioned from 569 to 570.

Reason PolicyChange 

BootId: 22"
"9/25/2025 8:59:43 AM","506","Microsoft-Windows-Kernel-Power","Information","The system is entering Modern Standby ","The system is entering Modern Standby 

Reason: Lid."
"9/25/2025 8:59:47 AM","507","Microsoft-Windows-Kernel-Power","Information","The system is exiting Modern Standby ","The system is exiting Modern Standby 

Reason: Lid."
"9/25/2025 8:59:47 AM","566","Microsoft-Windows-Kernel-Power","Information","The system session has transitioned from 570 to 572.","The system session has transitioned from 570 to 572.

Reason PolicyChange 

BootId: 22"
"9/25/2025 9:02:02 AM","566","Microsoft-Windows-Kernel-Power","Information","The system session has transitioned from 572 to 573.","The system session has transitioned from 572 to 573.

Reason PolicyChange 

BootId: 22"
"9/25/2025 9:02:02 AM","506","Microsoft-Windows-Kernel-Power","Information","The system is entering Modern Standby ","The system is entering Modern Standby 

Reason: Lid."
"9/25/2025 9:02:05 AM","566","Microsoft-Windows-Kernel-Power","Information","The system session has transitioned from 573 to 574.","The system session has transitioned from 573 to 574.

Reason PolicyChange 

BootId: 22"
"9/25/2025 9:07:09 AM","507","Microsoft-Windows-Kernel-Power","Information","The system is exiting Modern Standby ","The system is exiting Modern Standby 

Reason: Austerity Battery Drain Budget Exceeded."
"9/25/2025 9:07:09 AM","566","Microsoft-Windows-Kernel-Power","Information","The system session has transitioned from 574 to 575.","The system session has transitioned from 574 to 575.

Reason 55 

BootId: 22"
"9/25/2025 9:07:09 AM","506","Microsoft-Windows-Kernel-Power","Information","The system is entering Modern Standby ","The system is entering Modern Standby 

Reason: Austerity Battery Drain Budget Exceeded."
"9/25/2025 9:07:19 AM","566","Microsoft-Windows-Kernel-Power","Information","The system session has transitioned from 575 to 576.","The system session has transitioned from 575 to 576.

Reason 55 

BootId: 22"
"9/25/2025 9:27:35 AM","105","Microsoft-Windows-Kernel-Power","Information","Power source change.","Power source change."
"9/25/2025 9:27:36 AM","507","Microsoft-Windows-Kernel-Power","Information","The system is exiting Modern Standby ","The system is exiting Modern Standby 

Reason: Lid."
"9/25/2025 9:27:36 AM","566","Microsoft-Windows-Kernel-Power","Information","The system session has transitioned from 576 to 577.","The system session has transitioned from 576 to 577.

Reason PolicyChange 

BootId: 22"
"9/25/2025 9:28:17 AM","105","Microsoft-Windows-Kernel-Power","Information","Power source change.","Power source change."
"9/25/2025 9:28:24 AM","566","Microsoft-Windows-Kernel-Power","Information","The system session has transitioned from 577 to 578.","The system session has transitioned from 577 to 578.

Reason PolicyChange 

BootId: 22"
"9/25/2025 9:28:24 AM","506","Microsoft-Windows-Kernel-Power","Information","The system is entering Modern Standby ","The system is entering Modern Standby 

Reason: Lid."
"9/25/2025 9:28:27 AM","566","Microsoft-Windows-Kernel-Power","Information","The system session has transitioned from 578 to 579.","The system session has transitioned from 578 to 579.

Reason PolicyChange 

BootId: 22"
"9/25/2025 9:28:30 AM","507","Microsoft-Windows-Kernel-Power","Information","The system is exiting Modern Standby ","The system is exiting Modern Standby 

Reason: Lid."
"9/25/2025 9:28:30 AM","566","Microsoft-Windows-Kernel-Power","Information","The system session has transitioned from 579 to 580.","The system session has transitioned from 579 to 580.

Reason PolicyChange 

BootId: 22"
"9/25/2025 9:52:42 AM","566","Microsoft-Windows-Kernel-Power","Information","The system session has transitioned from 580 to 581.","The system session has transitioned from 580 to 581.

Reason PolicyChange 

BootId: 22"
"9/25/2025 9:52:42 AM","506","Microsoft-Windows-Kernel-Power","Information","The system is entering Modern Standby ","The system is entering Modern Standby 

Reason: Lid."
"9/25/2025 9:52:45 AM","566","Microsoft-Windows-Kernel-Power","Information","The system session has transitioned from 581 to 582.","The system session has transitioned from 581 to 582.

Reason PolicyChange 

BootId: 22"
"9/25/2025 9:57:23 AM","507","Microsoft-Windows-Kernel-Power","Information","The system is exiting Modern Standby ","The system is exiting Modern Standby 

Reason: Austerity Battery Drain Budget Exceeded."
"9/25/2025 9:57:23 AM","566","Microsoft-Windows-Kernel-Power","Information","The system session has transitioned from 582 to 583.","The system session has transitioned from 582 to 583.

Reason 55 

BootId: 22"
"9/25/2025 9:57:23 AM","506","Microsoft-Windows-Kernel-Power","Information","The system is entering Modern Standby ","The system is entering Modern Standby 

Reason: Austerity Battery Drain Budget Exceeded."
"9/25/2025 9:57:30 AM","566","Microsoft-Windows-Kernel-Power","Information","The system session has transitioned from 583 to 584.","The system session has transitioned from 583 to 584.

Reason 55 

BootId: 22"
"9/25/2025 10:10:29 AM","507","Microsoft-Windows-Kernel-Power","Information","The system is exiting Modern Standby ","The system is exiting Modern Standby 

Reason: Lid."
"9/25/2025 10:10:29 AM","566","Microsoft-Windows-Kernel-Power","Information","The system session has transitioned from 584 to 585.","The system session has transitioned from 584 to 585.

Reason PolicyChange 

BootId: 22"
"9/25/2025 10:10:43 AM","566","Microsoft-Windows-Kernel-Power","Information","The system session has transitioned from 585 to 586.","The system session has transitioned from 585 to 586.

Reason PolicyChange 

BootId: 22"
"9/25/2025 10:10:43 AM","506","Microsoft-Windows-Kernel-Power","Information","The system is entering Modern Standby ","The system is entering Modern Standby 

Reason: Lid."
"9/25/2025 10:10:47 AM","566","Microsoft-Windows-Kernel-Power","Information","The system session has transitioned from 586 to 587.","The system session has transitioned from 586 to 587.

Reason PolicyChange 

BootId: 22"
"9/25/2025 10:11:36 AM","507","Microsoft-Windows-Kernel-Power","Information","The system is exiting Modern Standby ","The system is exiting Modern Standby 

Reason: Lid."
"9/25/2025 10:11:36 AM","566","Microsoft-Windows-Kernel-Power","Information","The system session has transitioned from 587 to 588.","The system session has transitioned from 587 to 588.

Reason PolicyChange 

BootId: 22"
"9/25/2025 10:12:41 AM","566","Microsoft-Windows-Kernel-Power","Information","The system session has transitioned from 588 to 589.","The system session has transitioned from 588 to 589.

Reason SessionUnlock 

BootId: 22"
"9/25/2025 10:12:41 AM","506","Microsoft-Windows-Kernel-Power","Information","The system is entering Modern Standby ","The system is entering Modern Standby 

Reason: Idle Timeout."
"9/25/2025 10:13:10 AM","105","Microsoft-Windows-Kernel-Power","Information","Power source change.","Power source change."
"9/25/2025 10:13:11 AM","507","Microsoft-Windows-Kernel-Power","Information","The system is exiting Modern Standby ","The system is exiting Modern Standby 

Reason: AC/DC Display Burst."
"9/25/2025 10:13:11 AM","566","Microsoft-Windows-Kernel-Power","Information","The system session has transitioned from 589 to 591.","The system session has transitioned from 589 to 591.

Reason AcDcBurst 

BootId: 22"
"9/25/2025 10:16:24 AM","105","Microsoft-Windows-Kernel-Power","Information","Power source change.","Power source change."
"9/25/2025 10:19:21 AM","566","Microsoft-Windows-Kernel-Power","Information","The system session has transitioned from 591 to 592.","The system session has transitioned from 591 to 592.

Reason PolicyChange 

BootId: 22"
"9/25/2025 10:19:21 AM","506","Microsoft-Windows-Kernel-Power","Information","The system is entering Modern Standby ","The system is entering Modern Standby 

Reason: Lid."
"9/25/2025 10:19:24 AM","566","Microsoft-Windows-Kernel-Power","Information","The system session has transitioned from 592 to 593.","The system session has transitioned from 592 to 593.

Reason PolicyChange 

BootId: 22"
"9/25/2025 10:19:41 AM","507","Microsoft-Windows-Kernel-Power","Information","The system is exiting Modern Standby ","The system is exiting Modern Standby 

Reason: Lid."
"9/25/2025 10:19:41 AM","566","Microsoft-Windows-Kernel-Power","Information","The system session has transitioned from 593 to 594.","The system session has transitioned from 593 to 594.

Reason PolicyChange 

BootId: 22"
"9/25/2025 10:20:15 AM","566","Microsoft-Windows-Kernel-Power","Information","The system session has transitioned from 594 to 595.","The system session has transitioned from 594 to 595.

Reason SessionUnlock 

BootId: 22"
"9/25/2025 10:20:15 AM","506","Microsoft-Windows-Kernel-Power","Information","The system is entering Modern Standby ","The system is entering Modern Standby 

Reason: Idle Timeout."
"9/25/2025 10:20:26 AM","507","Microsoft-Windows-Kernel-Power","Information","The system is exiting Modern Standby ","The system is exiting Modern Standby 

Reason: Input Keyboard."
"9/25/2025 10:20:26 AM","566","Microsoft-Windows-Kernel-Power","Information","The system session has transitioned from 595 to 597.","The system session has transitioned from 595 to 597.

Reason InputAccelerometer 

BootId: 22"
"9/25/2025 10:48:14 AM","105","Microsoft-Windows-Kernel-Power","Information","Power source change.","Power source change."
"9/25/2025 2:31:34 PM","566","Microsoft-Windows-Kernel-Power","Information","The system session has transitioned from 597 to 598.","The system session has transitioned from 597 to 598.

Reason SessionUnlock 

BootId: 22"
"9/25/2025 2:31:34 PM","506","Microsoft-Windows-Kernel-Power","Information","The system is entering Modern Standby ","The system is entering Modern Standby 

Reason: Idle Timeout."
"9/25/2025 2:31:43 PM","566","Microsoft-Windows-Kernel-Power","Information","The system session has transitioned from 598 to 599.","The system session has transitioned from 598 to 599.

Reason SessionUnlock 

BootId: 22"
"9/25/2025 2:57:50 PM","507","Microsoft-Windows-Kernel-Power","Information","The system is exiting Modern Standby ","The system is exiting Modern Standby 

Reason: 16777224."
"9/25/2025 2:57:50 PM","566","Microsoft-Windows-Kernel-Power","Information","The system session has transitioned from 599 to 600.","The system session has transitioned from 599 to 600.

Reason 16777224 

BootId: 22"
"9/25/2025 2:57:50 PM","506","Microsoft-Windows-Kernel-Power","Information","The system is entering Modern Standby ","The system is entering Modern Standby 

Reason: 16777224."
"9/25/2025 2:57:52 PM","507","Microsoft-Windows-Kernel-Power","Information","The system is exiting Modern Standby ","The system is exiting Modern Standby 

Reason: Input Touchpad."
"9/25/2025 2:57:52 PM","566","Microsoft-Windows-Kernel-Power","Information","The system session has transitioned from 600 to 602.","The system session has transitioned from 600 to 602.

Reason InputPoUserPresent 

BootId: 22"
"9/25/2025 5:50:36 PM","566","Microsoft-Windows-Kernel-Power","Information","The system session has transitioned from 602 to 603.","The system session has transitioned from 602 to 603.

Reason SessionUnlock 

BootId: 22"
"9/25/2025 5:50:36 PM","506","Microsoft-Windows-Kernel-Power","Information","The system is entering Modern Standby ","The system is entering Modern Standby 

Reason: Idle Timeout."
"9/25/2025 5:50:43 PM","566","Microsoft-Windows-Kernel-Power","Information","The system session has transitioned from 603 to 604.","The system session has transitioned from 603 to 604.

Reason SessionUnlock 

BootId: 22"
"9/25/2025 5:55:18 PM","507","Microsoft-Windows-Kernel-Power","Information","The system is exiting Modern Standby ","The system is exiting Modern Standby 

Reason: 16777224."
"9/25/2025 5:55:18 PM","566","Microsoft-Windows-Kernel-Power","Information","The system session has transitioned from 604 to 605.","The system session has transitioned from 604 to 605.

Reason 16777224 

BootId: 22"
"9/25/2025 5:55:18 PM","506","Microsoft-Windows-Kernel-Power","Information","The system is entering Modern Standby ","The system is entering Modern Standby 

Reason: 16777224."
"9/25/2025 6:25:43 PM","507","Microsoft-Windows-Kernel-Power","Information","The system is exiting Modern Standby ","The system is exiting Modern Standby 

Reason: Input Mouse."
"9/25/2025 6:25:43 PM","566","Microsoft-Windows-Kernel-Power","Information","The system session has transitioned from 605 to 607.","The system session has transitioned from 605 to 607.

Reason InputHid 

BootId: 22"
"9/25/2025 9:36:43 PM","105","Microsoft-Windows-Kernel-Power","Information","Power source change.","Power source change."
"9/25/2025 9:38:16 PM","105","Microsoft-Windows-Kernel-Power","Information","Power source change.","Power source change."
"9/25/2025 9:38:33 PM","566","Microsoft-Windows-Kernel-Power","Information","The system session has transitioned from 607 to 608.","The system session has transitioned from 607 to 608.

Reason PolicyChange 

BootId: 22"
"9/25/2025 9:38:33 PM","506","Microsoft-Windows-Kernel-Power","Information","The system is entering Modern Standby ","The system is entering Modern Standby 

Reason: Lid."
"9/25/2025 9:38:37 PM","566","Microsoft-Windows-Kernel-Power","Information","The system session has transitioned from 608 to 609.","The system session has transitioned from 608 to 609.

Reason PolicyChange 

BootId: 22"
"9/25/2025 9:39:55 PM","507","Microsoft-Windows-Kernel-Power","Information","The system is exiting Modern Standby ","The system is exiting Modern Standby 

Reason: Input Mouse."
"9/25/2025 9:39:55 PM","566","Microsoft-Windows-Kernel-Power","Information","The system session has transitioned from 609 to 610.","The system session has transitioned from 609 to 610.

Reason InputHid 

BootId: 22"
"9/25/2025 9:40:33 PM","566","Microsoft-Windows-Kernel-Power","Information","The system session has transitioned from 610 to 611.","The system session has transitioned from 610 to 611.

Reason SessionUnlock 

BootId: 22"
"9/25/2025 9:40:33 PM","506","Microsoft-Windows-Kernel-Power","Information","The system is entering Modern Standby ","The system is entering Modern Standby 

Reason: Idle Timeout."
"9/25/2025 10:10:15 PM","566","Microsoft-Windows-Kernel-Power","Information","The system session has transitioned from 611 to 612.","The system session has transitioned from 611 to 612.

Reason SessionUnlock 

BootId: 22"
"9/25/2025 11:38:51 PM","507","Microsoft-Windows-Kernel-Power","Information","The system is exiting Modern Standby ","The system is exiting Modern Standby 

Reason: 16777224."
"9/25/2025 11:38:51 PM","566","Microsoft-Windows-Kernel-Power","Information","The system session has transitioned from 612 to 613.","The system session has transitioned from 612 to 613.

Reason 16777224 

BootId: 22"
"9/25/2025 11:38:51 PM","506","Microsoft-Windows-Kernel-Power","Information","The system is entering Modern Standby ","The system is entering Modern Standby 

Reason: 16777224."
"9/25/2025 11:45:50 PM","566","Microsoft-Windows-Kernel-Power","Information","The system session has transitioned from 613 to 614.","The system session has transitioned from 613 to 614.

Reason SessionUnlock 

BootId: 22"
"9/25/2025 11:47:13 PM","507","Microsoft-Windows-Kernel-Power","Information","The system is exiting Modern Standby ","The system is exiting Modern Standby 

Reason: 16777220."
"9/25/2025 11:47:13 PM","566","Microsoft-Windows-Kernel-Power","Information","The system session has transitioned from 614 to 615.","The system session has transitioned from 614 to 615.

Reason 16777220 

BootId: 22"
"9/25/2025 11:47:13 PM","506","Microsoft-Windows-Kernel-Power","Information","The system is entering Modern Standby ","The system is entering Modern Standby 

Reason: 16777220."
"9/25/2025 11:47:15 PM","566","Microsoft-Windows-Kernel-Power","Information","The system session has transitioned from 615 to 616.","The system session has transitioned from 615 to 616.

Reason SessionUnlock 

BootId: 22"
"9/26/2025 12:26:39 AM","507","Microsoft-Windows-Kernel-Power","Information","The system is exiting Modern Standby ","The system is exiting Modern Standby 

Reason: 16777220."
"9/26/2025 12:26:39 AM","566","Microsoft-Windows-Kernel-Power","Information","The system session has transitioned from 616 to 617.","The system session has transitioned from 616 to 617.

Reason 16777220 

BootId: 22"
"9/26/2025 12:26:39 AM","506","Microsoft-Windows-Kernel-Power","Information","The system is entering Modern Standby ","The system is entering Modern Standby 

Reason: 16777220."
