"9/21/2025 1:17:06 AM","507","Microsoft-Windows-Kernel-Power","Information","The system is exiting Modern Standby ","The system is exiting Modern Standby 

Reason: 16777220."
"9/21/2025 1:17:06 AM","566","Microsoft-Windows-Kernel-Power","Information","The system session has transitioned from 356 to 357.","The system session has transitioned from 356 to 357.

Reason 16777220 

BootId: 22"
"9/21/2025 1:17:06 AM","506","Microsoft-Windows-Kernel-Power","Information","The system is entering Modern Standby ","The system is entering Modern Standby 

Reason: 16777220."
"9/21/2025 1:20:17 AM","566","Microsoft-Windows-Kernel-Power","Information","The system session has transitioned from 357 to 358.","The system session has transitioned from 357 to 358.

Reason InputMouse 

BootId: 22"
"9/21/2025 1:20:18 AM","507","Microsoft-Windows-Kernel-Power","Information","The system is exiting Modern Standby ","The system is exiting Modern Standby 

Reason: 16777220."
"9/21/2025 1:20:18 AM","566","Microsoft-Windows-Kernel-Power","Information","The system session has transitioned from 358 to 359.","The system session has transitioned from 358 to 359.

Reason 16777220 

BootId: 22"
"9/21/2025 1:20:18 AM","506","Microsoft-Windows-Kernel-Power","Information","The system is entering Modern Standby ","The system is entering Modern Standby 

Reason: 16777220."
"9/21/2025 2:20:41 AM","566","Microsoft-Windows-Kernel-Power","Information","The system session has transitioned from 359 to 360.","The system session has transitioned from 359 to 360.

Reason InputMouse 

BootId: 22"
"9/21/2025 2:20:41 AM","507","Microsoft-Windows-Kernel-Power","Information","The system is exiting Modern Standby ","The system is exiting Modern Standby 

Reason: 16777220."
"9/21/2025 2:20:41 AM","566","Microsoft-Windows-Kernel-Power","Information","The system session has transitioned from 360 to 361.","The system session has transitioned from 360 to 361.

Reason 16777220 

BootId: 22"
"9/21/2025 2:20:41 AM","506","Microsoft-Windows-Kernel-Power","Information","The system is entering Modern Standby ","The system is entering Modern Standby 

Reason: 16777220."
"9/21/2025 3:23:29 AM","566","Microsoft-Windows-Kernel-Power","Information","The system session has transitioned from 361 to 362.","The system session has transitioned from 361 to 362.

Reason InputMouse 

BootId: 22"
"9/21/2025 3:23:30 AM","507","Microsoft-Windows-Kernel-Power","Information","The system is exiting Modern Standby ","The system is exiting Modern Standby 

Reason: 16777220."
"9/21/2025 3:23:30 AM","566","Microsoft-Windows-Kernel-Power","Information","The system session has transitioned from 362 to 363.","The system session has transitioned from 362 to 363.

Reason 16777220 

BootId: 22"
"9/21/2025 3:23:30 AM","506","Microsoft-Windows-Kernel-Power","Information","The system is entering Modern Standby ","The system is entering Modern Standby 

Reason: 16777220."
"9/21/2025 5:27:24 AM","566","Microsoft-Windows-Kernel-Power","Information","The system session has transitioned from 363 to 364.","The system session has transitioned from 363 to 364.

Reason InputMouse 

BootId: 22"
"9/21/2025 5:27:25 AM","507","Microsoft-Windows-Kernel-Power","Information","The system is exiting Modern Standby ","The system is exiting Modern Standby 

Reason: 16777220."
"9/21/2025 5:27:25 AM","566","Microsoft-Windows-Kernel-Power","Information","The system session has transitioned from 364 to 365.","The system session has transitioned from 364 to 365.

Reason 16777220 

BootId: 22"
"9/21/2025 5:27:25 AM","506","Microsoft-Windows-Kernel-Power","Information","The system is entering Modern Standby ","The system is entering Modern Standby 

Reason: 16777220."
"9/21/2025 5:29:54 AM","566","Microsoft-Windows-Kernel-Power","Information","The system session has transitioned from 365 to 366.","The system session has transitioned from 365 to 366.

Reason InputMouse 

BootId: 22"
"9/21/2025 5:29:54 AM","507","Microsoft-Windows-Kernel-Power","Information","The system is exiting Modern Standby ","The system is exiting Modern Standby 

Reason: 16777220."
"9/21/2025 5:29:54 AM","566","Microsoft-Windows-Kernel-Power","Information","The system session has transitioned from 366 to 367.","The system session has transitioned from 366 to 367.

Reason 16777220 

BootId: 22"
"9/21/2025 5:29:54 AM","506","Microsoft-Windows-Kernel-Power","Information","The system is entering Modern Standby ","The system is entering Modern Standby 

Reason: 16777220."
"9/21/2025 6:43:38 AM","566","Microsoft-Windows-Kernel-Power","Information","The system session has transitioned from 367 to 368.","The system session has transitioned from 367 to 368.

Reason InputMouse 

BootId: 22"
"9/21/2025 6:43:39 AM","507","Microsoft-Windows-Kernel-Power","Information","The system is exiting Modern Standby ","The system is exiting Modern Standby 

Reason: 16777220."
"9/21/2025 6:43:39 AM","566","Microsoft-Windows-Kernel-Power","Information","The system session has transitioned from 368 to 369.","The system session has transitioned from 368 to 369.

Reason 16777220 

BootId: 22"
"9/21/2025 6:43:39 AM","506","Microsoft-Windows-Kernel-Power","Information","The system is entering Modern Standby ","The system is entering Modern Standby 

Reason: 16777220."
"9/21/2025 8:41:42 AM","566","Microsoft-Windows-Kernel-Power","Information","The system session has transitioned from 369 to 370.","The system session has transitioned from 369 to 370.

Reason InputMouse 

BootId: 22"
"9/21/2025 8:41:43 AM","507","Microsoft-Windows-Kernel-Power","Information","The system is exiting Modern Standby ","The system is exiting Modern Standby 

Reason: 16777220."
"9/21/2025 8:41:43 AM","566","Microsoft-Windows-Kernel-Power","Information","The system session has transitioned from 370 to 371.","The system session has transitioned from 370 to 371.

Reason 16777220 

BootId: 22"
"9/21/2025 8:41:43 AM","506","Microsoft-Windows-Kernel-Power","Information","The system is entering Modern Standby ","The system is entering Modern Standby 

Reason: 16777220."
"9/21/2025 9:42:01 AM","566","Microsoft-Windows-Kernel-Power","Information","The system session has transitioned from 371 to 372.","The system session has transitioned from 371 to 372.

Reason InputMouse 

BootId: 22"
"9/21/2025 9:42:03 AM","507","Microsoft-Windows-Kernel-Power","Information","The system is exiting Modern Standby ","The system is exiting Modern Standby 

Reason: 16777220."
"9/21/2025 9:42:03 AM","566","Microsoft-Windows-Kernel-Power","Information","The system session has transitioned from 372 to 373.","The system session has transitioned from 372 to 373.

Reason 16777220 

BootId: 22"
"9/21/2025 9:42:03 AM","506","Microsoft-Windows-Kernel-Power","Information","The system is entering Modern Standby ","The system is entering Modern Standby 

Reason: 16777220."
"9/21/2025 11:42:21 AM","566","Microsoft-Windows-Kernel-Power","Information","The system session has transitioned from 373 to 374.","The system session has transitioned from 373 to 374.

Reason InputMouse 

BootId: 22"
"9/21/2025 11:42:21 AM","507","Microsoft-Windows-Kernel-Power","Information","The system is exiting Modern Standby ","The system is exiting Modern Standby 

Reason: 16777220."
"9/21/2025 11:42:21 AM","566","Microsoft-Windows-Kernel-Power","Information","The system session has transitioned from 374 to 375.","The system session has transitioned from 374 to 375.

Reason 16777220 

BootId: 22"
"9/21/2025 11:42:21 AM","506","Microsoft-Windows-Kernel-Power","Information","The system is entering Modern Standby ","The system is entering Modern Standby 

Reason: 16777220."
"9/21/2025 11:43:24 AM","566","Microsoft-Windows-Kernel-Power","Information","The system session has transitioned from 375 to 376.","The system session has transitioned from 375 to 376.

Reason InputMouse 

BootId: 22"
"9/21/2025 12:39:12 PM","507","Microsoft-Windows-Kernel-Power","Information","The system is exiting Modern Standby ","The system is exiting Modern Standby 

Reason: 16777220."
"9/21/2025 12:39:12 PM","566","Microsoft-Windows-Kernel-Power","Information","The system session has transitioned from 376 to 377.","The system session has transitioned from 376 to 377.

Reason 16777220 

BootId: 22"
"9/21/2025 12:39:12 PM","506","Microsoft-Windows-Kernel-Power","Information","The system is entering Modern Standby ","The system is entering Modern Standby 

Reason: 16777220."
"9/21/2025 1:39:16 PM","566","Microsoft-Windows-Kernel-Power","Information","The system session has transitioned from 377 to 378.","The system session has transitioned from 377 to 378.

Reason InputMouse 

BootId: 22"
"9/21/2025 1:39:17 PM","507","Microsoft-Windows-Kernel-Power","Information","The system is exiting Modern Standby ","The system is exiting Modern Standby 

Reason: 16777220."
"9/21/2025 1:39:17 PM","566","Microsoft-Windows-Kernel-Power","Information","The system session has transitioned from 378 to 379.","The system session has transitioned from 378 to 379.

Reason 16777220 

BootId: 22"
"9/21/2025 1:39:17 PM","506","Microsoft-Windows-Kernel-Power","Information","The system is entering Modern Standby ","The system is entering Modern Standby 

Reason: 16777220."
"9/21/2025 1:44:18 PM","566","Microsoft-Windows-Kernel-Power","Information","The system session has transitioned from 379 to 380.","The system session has transitioned from 379 to 380.

Reason InputMouse 

BootId: 22"
"9/21/2025 1:44:19 PM","507","Microsoft-Windows-Kernel-Power","Information","The system is exiting Modern Standby ","The system is exiting Modern Standby 

Reason: 16777220."
"9/21/2025 1:44:19 PM","566","Microsoft-Windows-Kernel-Power","Information","The system session has transitioned from 380 to 381.","The system session has transitioned from 380 to 381.

Reason 16777220 

BootId: 22"
"9/21/2025 1:44:19 PM","506","Microsoft-Windows-Kernel-Power","Information","The system is entering Modern Standby ","The system is entering Modern Standby 

Reason: 16777220."
"9/21/2025 2:56:21 PM","566","Microsoft-Windows-Kernel-Power","Information","The system session has transitioned from 381 to 382.","The system session has transitioned from 381 to 382.

Reason InputMouse 

BootId: 22"
"9/21/2025 2:56:21 PM","507","Microsoft-Windows-Kernel-Power","Information","The system is exiting Modern Standby ","The system is exiting Modern Standby 

Reason: 16777220."
"9/21/2025 2:56:21 PM","566","Microsoft-Windows-Kernel-Power","Information","The system session has transitioned from 382 to 383.","The system session has transitioned from 382 to 383.

Reason 16777220 

BootId: 22"
"9/21/2025 2:56:21 PM","506","Microsoft-Windows-Kernel-Power","Information","The system is entering Modern Standby ","The system is entering Modern Standby 

Reason: 16777220."
"9/21/2025 3:01:23 PM","566","Microsoft-Windows-Kernel-Power","Information","The system session has transitioned from 383 to 384.","The system session has transitioned from 383 to 384.

Reason InputMouse 

BootId: 22"
"9/21/2025 3:01:23 PM","507","Microsoft-Windows-Kernel-Power","Information","The system is exiting Modern Standby ","The system is exiting Modern Standby 

Reason: 16777220."
"9/21/2025 3:01:23 PM","566","Microsoft-Windows-Kernel-Power","Information","The system session has transitioned from 384 to 385.","The system session has transitioned from 384 to 385.

Reason 16777220 

BootId: 22"
"9/21/2025 3:01:23 PM","506","Microsoft-Windows-Kernel-Power","Information","The system is entering Modern Standby ","The system is entering Modern Standby 

Reason: 16777220."
"9/21/2025 4:01:27 PM","566","Microsoft-Windows-Kernel-Power","Information","The system session has transitioned from 385 to 386.","The system session has transitioned from 385 to 386.

Reason InputMouse 

BootId: 22"
"9/21/2025 4:01:27 PM","507","Microsoft-Windows-Kernel-Power","Information","The system is exiting Modern Standby ","The system is exiting Modern Standby 

Reason: 16777220."
"9/21/2025 4:01:27 PM","566","Microsoft-Windows-Kernel-Power","Information","The system session has transitioned from 386 to 387.","The system session has transitioned from 386 to 387.

Reason 16777220 

BootId: 22"
"9/21/2025 4:01:27 PM","506","Microsoft-Windows-Kernel-Power","Information","The system is entering Modern Standby ","The system is entering Modern Standby 

Reason: 16777220."
"9/21/2025 4:06:29 PM","566","Microsoft-Windows-Kernel-Power","Information","The system session has transitioned from 387 to 388.","The system session has transitioned from 387 to 388.

Reason InputMouse 

BootId: 22"
"9/21/2025 4:06:29 PM","507","Microsoft-Windows-Kernel-Power","Information","The system is exiting Modern Standby ","The system is exiting Modern Standby 

Reason: 16777220."
"9/21/2025 4:06:29 PM","566","Microsoft-Windows-Kernel-Power","Information","The system session has transitioned from 388 to 389.","The system session has transitioned from 388 to 389.

Reason 16777220 

BootId: 22"
"9/21/2025 4:06:29 PM","506","Microsoft-Windows-Kernel-Power","Information","The system is entering Modern Standby ","The system is entering Modern Standby 

Reason: 16777220."
"9/21/2025 5:11:37 PM","566","Microsoft-Windows-Kernel-Power","Information","The system session has transitioned from 389 to 390.","The system session has transitioned from 389 to 390.

Reason InputMouse 

BootId: 22"
"9/21/2025 5:12:26 PM","507","Microsoft-Windows-Kernel-Power","Information","The system is exiting Modern Standby ","The system is exiting Modern Standby 

Reason: 16777220."
"9/21/2025 5:12:26 PM","566","Microsoft-Windows-Kernel-Power","Information","The system session has transitioned from 390 to 391.","The system session has transitioned from 390 to 391.

Reason 16777220 

BootId: 22"
"9/21/2025 5:12:26 PM","506","Microsoft-Windows-Kernel-Power","Information","The system is entering Modern Standby ","The system is entering Modern Standby 

Reason: 16777220."
"9/21/2025 6:16:56 PM","566","Microsoft-Windows-Kernel-Power","Information","The system session has transitioned from 391 to 392.","The system session has transitioned from 391 to 392.

Reason InputMouse 

BootId: 22"
"9/21/2025 6:16:56 PM","507","Microsoft-Windows-Kernel-Power","Information","The system is exiting Modern Standby ","The system is exiting Modern Standby 

Reason: 16777220."
"9/21/2025 6:16:56 PM","566","Microsoft-Windows-Kernel-Power","Information","The system session has transitioned from 392 to 393.","The system session has transitioned from 392 to 393.

Reason 16777220 

BootId: 22"
"9/21/2025 6:16:56 PM","506","Microsoft-Windows-Kernel-Power","Information","The system is entering Modern Standby ","The system is entering Modern Standby 

Reason: 16777220."
"9/21/2025 6:21:58 PM","566","Microsoft-Windows-Kernel-Power","Information","The system session has transitioned from 393 to 394.","The system session has transitioned from 393 to 394.

Reason InputMouse 

BootId: 22"
"9/21/2025 6:39:13 PM","507","Microsoft-Windows-Kernel-Power","Information","The system is exiting Modern Standby ","The system is exiting Modern Standby 

Reason: 16777220."
"9/21/2025 6:39:13 PM","566","Microsoft-Windows-Kernel-Power","Information","The system session has transitioned from 394 to 395.","The system session has transitioned from 394 to 395.

Reason 16777220 

BootId: 22"
"9/21/2025 6:39:13 PM","506","Microsoft-Windows-Kernel-Power","Information","The system is entering Modern Standby ","The system is entering Modern Standby 

Reason: 16777220."
"9/21/2025 7:39:15 PM","566","Microsoft-Windows-Kernel-Power","Information","The system session has transitioned from 395 to 396.","The system session has transitioned from 395 to 396.

Reason InputMouse 

BootId: 22"
"9/21/2025 7:39:15 PM","507","Microsoft-Windows-Kernel-Power","Information","The system is exiting Modern Standby ","The system is exiting Modern Standby 

Reason: 16777220."
"9/21/2025 7:39:15 PM","566","Microsoft-Windows-Kernel-Power","Information","The system session has transitioned from 396 to 397.","The system session has transitioned from 396 to 397.

Reason 16777220 

BootId: 22"
"9/21/2025 7:39:15 PM","506","Microsoft-Windows-Kernel-Power","Information","The system is entering Modern Standby ","The system is entering Modern Standby 

Reason: 16777220."
"9/21/2025 7:44:21 PM","566","Microsoft-Windows-Kernel-Power","Information","The system session has transitioned from 397 to 398.","The system session has transitioned from 397 to 398.

Reason InputMouse 

BootId: 22"
"9/21/2025 7:44:25 PM","507","Microsoft-Windows-Kernel-Power","Information","The system is exiting Modern Standby ","The system is exiting Modern Standby 

Reason: 16777220."
"9/21/2025 7:44:25 PM","566","Microsoft-Windows-Kernel-Power","Information","The system session has transitioned from 398 to 399.","The system session has transitioned from 398 to 399.

Reason 16777220 

BootId: 22"
"9/21/2025 7:44:25 PM","506","Microsoft-Windows-Kernel-Power","Information","The system is entering Modern Standby ","The system is entering Modern Standby 

Reason: 16777220."
"9/21/2025 8:56:36 PM","566","Microsoft-Windows-Kernel-Power","Information","The system session has transitioned from 399 to 400.","The system session has transitioned from 399 to 400.

Reason InputMouse 

BootId: 22"
"9/21/2025 8:56:36 PM","507","Microsoft-Windows-Kernel-Power","Information","The system is exiting Modern Standby ","The system is exiting Modern Standby 

Reason: 16777220."
"9/21/2025 8:56:36 PM","566","Microsoft-Windows-Kernel-Power","Information","The system session has transitioned from 400 to 401.","The system session has transitioned from 400 to 401.

Reason 16777220 

BootId: 22"
"9/21/2025 8:56:36 PM","506","Microsoft-Windows-Kernel-Power","Information","The system is entering Modern Standby ","The system is entering Modern Standby 

Reason: 16777220."
"9/21/2025 9:01:38 PM","566","Microsoft-Windows-Kernel-Power","Information","The system session has transitioned from 401 to 402.","The system session has transitioned from 401 to 402.

Reason InputMouse 

BootId: 22"
"9/21/2025 9:01:39 PM","507","Microsoft-Windows-Kernel-Power","Information","The system is exiting Modern Standby ","The system is exiting Modern Standby 

Reason: 16777220."
"9/21/2025 9:01:39 PM","566","Microsoft-Windows-Kernel-Power","Information","The system session has transitioned from 402 to 403.","The system session has transitioned from 402 to 403.

Reason 16777220 

BootId: 22"
"9/21/2025 9:01:39 PM","506","Microsoft-Windows-Kernel-Power","Information","The system is entering Modern Standby ","The system is entering Modern Standby 

Reason: 16777220."
"9/21/2025 9:16:43 PM","566","Microsoft-Windows-Kernel-Power","Information","The system session has transitioned from 403 to 404.","The system session has transitioned from 403 to 404.

Reason InputMouse 

BootId: 22"
"9/21/2025 9:16:43 PM","507","Microsoft-Windows-Kernel-Power","Information","The system is exiting Modern Standby ","The system is exiting Modern Standby 

Reason: 16777220."
"9/21/2025 9:16:43 PM","566","Microsoft-Windows-Kernel-Power","Information","The system session has transitioned from 404 to 405.","The system session has transitioned from 404 to 405.

Reason 16777220 

BootId: 22"
"9/21/2025 9:16:43 PM","506","Microsoft-Windows-Kernel-Power","Information","The system is entering Modern Standby ","The system is entering Modern Standby 

Reason: 16777220."
"9/21/2025 9:46:47 PM","566","Microsoft-Windows-Kernel-Power","Information","The system session has transitioned from 405 to 406.","The system session has transitioned from 405 to 406.

Reason InputMouse 

BootId: 22"
"9/21/2025 9:46:47 PM","507","Microsoft-Windows-Kernel-Power","Information","The system is exiting Modern Standby ","The system is exiting Modern Standby 

Reason: 16777220."
"9/21/2025 9:46:47 PM","566","Microsoft-Windows-Kernel-Power","Information","The system session has transitioned from 406 to 407.","The system session has transitioned from 406 to 407.

Reason 16777220 

BootId: 22"
"9/21/2025 9:46:47 PM","506","Microsoft-Windows-Kernel-Power","Information","The system is entering Modern Standby ","The system is entering Modern Standby 

Reason: 16777220."
"9/21/2025 9:51:49 PM","566","Microsoft-Windows-Kernel-Power","Information","The system session has transitioned from 407 to 408.","The system session has transitioned from 407 to 408.

Reason InputMouse 

BootId: 22"
"9/21/2025 9:51:50 PM","507","Microsoft-Windows-Kernel-Power","Information","The system is exiting Modern Standby ","The system is exiting Modern Standby 

Reason: 16777220."
"9/21/2025 9:51:50 PM","566","Microsoft-Windows-Kernel-Power","Information","The system session has transitioned from 408 to 409.","The system session has transitioned from 408 to 409.

Reason 16777220 

BootId: 22"
"9/21/2025 9:51:50 PM","506","Microsoft-Windows-Kernel-Power","Information","The system is entering Modern Standby ","The system is entering Modern Standby 

Reason: 16777220."
"9/21/2025 10:06:53 PM","566","Microsoft-Windows-Kernel-Power","Information","The system session has transitioned from 409 to 410.","The system session has transitioned from 409 to 410.

Reason InputMouse 

BootId: 22"
"9/21/2025 10:06:53 PM","507","Microsoft-Windows-Kernel-Power","Information","The system is exiting Modern Standby ","The system is exiting Modern Standby 

Reason: 16777220."
"9/21/2025 10:06:53 PM","566","Microsoft-Windows-Kernel-Power","Information","The system session has transitioned from 410 to 411.","The system session has transitioned from 410 to 411.

Reason 16777220 

BootId: 22"
"9/21/2025 10:06:53 PM","506","Microsoft-Windows-Kernel-Power","Information","The system is entering Modern Standby ","The system is entering Modern Standby 

Reason: 16777220."
"9/21/2025 11:07:33 PM","566","Microsoft-Windows-Kernel-Power","Information","The system session has transitioned from 411 to 412.","The system session has transitioned from 411 to 412.

Reason InputMouse 

BootId: 22"
"9/21/2025 11:07:34 PM","507","Microsoft-Windows-Kernel-Power","Information","The system is exiting Modern Standby ","The system is exiting Modern Standby 

Reason: 16777220."
"9/21/2025 11:07:34 PM","566","Microsoft-Windows-Kernel-Power","Information","The system session has transitioned from 412 to 413.","The system session has transitioned from 412 to 413.

Reason 16777220 

BootId: 22"
"9/21/2025 11:07:34 PM","506","Microsoft-Windows-Kernel-Power","Information","The system is entering Modern Standby ","The system is entering Modern Standby 

Reason: 16777220."
"9/21/2025 11:12:35 PM","566","Microsoft-Windows-Kernel-Power","Information","The system session has transitioned from 413 to 414.","The system session has transitioned from 413 to 414.

Reason InputMouse 

BootId: 22"
"9/21/2025 11:12:36 PM","507","Microsoft-Windows-Kernel-Power","Information","The system is exiting Modern Standby ","The system is exiting Modern Standby 

Reason: 16777220."
"9/21/2025 11:12:36 PM","566","Microsoft-Windows-Kernel-Power","Information","The system session has transitioned from 414 to 415.","The system session has transitioned from 414 to 415.

Reason 16777220 

BootId: 22"
"9/21/2025 11:12:36 PM","506","Microsoft-Windows-Kernel-Power","Information","The system is entering Modern Standby ","The system is entering Modern Standby 

Reason: 16777220."
"9/21/2025 11:43:10 PM","566","Microsoft-Windows-Kernel-Power","Information","The system session has transitioned from 415 to 416.","The system session has transitioned from 415 to 416.

Reason InputMouse 

BootId: 22"
"9/21/2025 11:43:10 PM","507","Microsoft-Windows-Kernel-Power","Information","The system is exiting Modern Standby ","The system is exiting Modern Standby 

Reason: 16777220."
"9/21/2025 11:43:10 PM","566","Microsoft-Windows-Kernel-Power","Information","The system session has transitioned from 416 to 417.","The system session has transitioned from 416 to 417.

Reason 16777220 

BootId: 22"
"9/21/2025 11:43:10 PM","506","Microsoft-Windows-Kernel-Power","Information","The system is entering Modern Standby ","The system is entering Modern Standby 

Reason: 16777220."
"9/21/2025 11:48:12 PM","566","Microsoft-Windows-Kernel-Power","Information","The system session has transitioned from 417 to 418.","The system session has transitioned from 417 to 418.

Reason InputMouse 

BootId: 22"
"9/22/2025 12:20:30 AM","507","Microsoft-Windows-Kernel-Power","Information","The system is exiting Modern Standby ","The system is exiting Modern Standby 

Reason: 16777224."
"9/22/2025 12:20:30 AM","566","Microsoft-Windows-Kernel-Power","Information","The system session has transitioned from 418 to 419.","The system session has transitioned from 418 to 419.

Reason 16777224 

BootId: 22"
"9/22/2025 12:20:30 AM","506","Microsoft-Windows-Kernel-Power","Information","The system is entering Modern Standby ","The system is entering Modern Standby 

Reason: 16777224."
"9/22/2025 1:36:26 AM","566","Microsoft-Windows-Kernel-Power","Information","The system session has transitioned from 419 to 420.","The system session has transitioned from 419 to 420.

Reason InputMouse 

BootId: 22"
"9/22/2025 1:36:26 AM","507","Microsoft-Windows-Kernel-Power","Information","The system is exiting Modern Standby ","The system is exiting Modern Standby 

Reason: 16777220."
"9/22/2025 1:36:26 AM","566","Microsoft-Windows-Kernel-Power","Information","The system session has transitioned from 420 to 421.","The system session has transitioned from 420 to 421.

Reason 16777220 

BootId: 22"
"9/22/2025 1:36:26 AM","506","Microsoft-Windows-Kernel-Power","Information","The system is entering Modern Standby ","The system is entering Modern Standby 

Reason: 16777220."
"9/22/2025 1:41:28 AM","566","Microsoft-Windows-Kernel-Power","Information","The system session has transitioned from 421 to 422.","The system session has transitioned from 421 to 422.

Reason InputMouse 

BootId: 22"
"9/22/2025 1:41:29 AM","507","Microsoft-Windows-Kernel-Power","Information","The system is exiting Modern Standby ","The system is exiting Modern Standby 

Reason: 16777220."
"9/22/2025 1:41:29 AM","566","Microsoft-Windows-Kernel-Power","Information","The system session has transitioned from 422 to 423.","The system session has transitioned from 422 to 423.

Reason 16777220 

BootId: 22"
"9/22/2025 1:41:29 AM","506","Microsoft-Windows-Kernel-Power","Information","The system is entering Modern Standby ","The system is entering Modern Standby 

Reason: 16777220."
"9/22/2025 2:56:42 AM","566","Microsoft-Windows-Kernel-Power","Information","The system session has transitioned from 423 to 424.","The system session has transitioned from 423 to 424.

Reason InputMouse 

BootId: 22"
"9/22/2025 2:56:43 AM","507","Microsoft-Windows-Kernel-Power","Information","The system is exiting Modern Standby ","The system is exiting Modern Standby 

Reason: 16777220."
"9/22/2025 2:56:43 AM","566","Microsoft-Windows-Kernel-Power","Information","The system session has transitioned from 424 to 425.","The system session has transitioned from 424 to 425.

Reason 16777220 

BootId: 22"
"9/22/2025 2:56:43 AM","506","Microsoft-Windows-Kernel-Power","Information","The system is entering Modern Standby ","The system is entering Modern Standby 

Reason: 16777220."
"9/22/2025 3:01:45 AM","566","Microsoft-Windows-Kernel-Power","Information","The system session has transitioned from 425 to 426.","The system session has transitioned from 425 to 426.

Reason InputMouse 

BootId: 22"
"9/22/2025 3:01:46 AM","507","Microsoft-Windows-Kernel-Power","Information","The system is exiting Modern Standby ","The system is exiting Modern Standby 

Reason: 16777220."
"9/22/2025 3:01:46 AM","566","Microsoft-Windows-Kernel-Power","Information","The system session has transitioned from 426 to 427.","The system session has transitioned from 426 to 427.

Reason 16777220 

BootId: 22"
"9/22/2025 3:01:46 AM","506","Microsoft-Windows-Kernel-Power","Information","The system is entering Modern Standby ","The system is entering Modern Standby 

Reason: 16777220."
"9/22/2025 4:01:53 AM","566","Microsoft-Windows-Kernel-Power","Information","The system session has transitioned from 427 to 428.","The system session has transitioned from 427 to 428.

Reason InputMouse 

BootId: 22"
"9/22/2025 4:01:53 AM","507","Microsoft-Windows-Kernel-Power","Information","The system is exiting Modern Standby ","The system is exiting Modern Standby 

Reason: 16777220."
"9/22/2025 4:01:53 AM","566","Microsoft-Windows-Kernel-Power","Information","The system session has transitioned from 428 to 429.","The system session has transitioned from 428 to 429.

Reason 16777220 

BootId: 22"
"9/22/2025 4:01:53 AM","506","Microsoft-Windows-Kernel-Power","Information","The system is entering Modern Standby ","The system is entering Modern Standby 

Reason: 16777220."
"9/22/2025 4:06:54 AM","566","Microsoft-Windows-Kernel-Power","Information","The system session has transitioned from 429 to 430.","The system session has transitioned from 429 to 430.

Reason InputMouse 

BootId: 22"
"9/22/2025 4:06:55 AM","507","Microsoft-Windows-Kernel-Power","Information","The system is exiting Modern Standby ","The system is exiting Modern Standby 

Reason: 16777220."
"9/22/2025 4:06:55 AM","566","Microsoft-Windows-Kernel-Power","Information","The system session has transitioned from 430 to 431.","The system session has transitioned from 430 to 431.

Reason 16777220 

BootId: 22"
"9/22/2025 4:06:55 AM","506","Microsoft-Windows-Kernel-Power","Information","The system is entering Modern Standby ","The system is entering Modern Standby 

Reason: 16777220."
"9/22/2025 5:07:11 AM","566","Microsoft-Windows-Kernel-Power","Information","The system session has transitioned from 431 to 432.","The system session has transitioned from 431 to 432.

Reason InputMouse 

BootId: 22"
"9/22/2025 5:07:12 AM","507","Microsoft-Windows-Kernel-Power","Information","The system is exiting Modern Standby ","The system is exiting Modern Standby 

Reason: 16777220."
"9/22/2025 5:07:12 AM","566","Microsoft-Windows-Kernel-Power","Information","The system session has transitioned from 432 to 433.","The system session has transitioned from 432 to 433.

Reason 16777220 

BootId: 22"
"9/22/2025 5:07:12 AM","506","Microsoft-Windows-Kernel-Power","Information","The system is entering Modern Standby ","The system is entering Modern Standby 

Reason: 16777220."
"9/22/2025 5:12:14 AM","566","Microsoft-Windows-Kernel-Power","Information","The system session has transitioned from 433 to 434.","The system session has transitioned from 433 to 434.

Reason InputMouse 

BootId: 22"
"9/22/2025 5:12:15 AM","507","Microsoft-Windows-Kernel-Power","Information","The system is exiting Modern Standby ","The system is exiting Modern Standby 

Reason: 16777220."
"9/22/2025 5:12:15 AM","566","Microsoft-Windows-Kernel-Power","Information","The system session has transitioned from 434 to 435.","The system session has transitioned from 434 to 435.

Reason 16777220 

BootId: 22"
"9/22/2025 5:12:15 AM","506","Microsoft-Windows-Kernel-Power","Information","The system is entering Modern Standby ","The system is entering Modern Standby 

Reason: 16777220."
"9/22/2025 6:12:24 AM","566","Microsoft-Windows-Kernel-Power","Information","The system session has transitioned from 435 to 436.","The system session has transitioned from 435 to 436.

Reason InputMouse 

BootId: 22"
"9/22/2025 6:12:24 AM","507","Microsoft-Windows-Kernel-Power","Information","The system is exiting Modern Standby ","The system is exiting Modern Standby 

Reason: 16777220."
"9/22/2025 6:12:24 AM","566","Microsoft-Windows-Kernel-Power","Information","The system session has transitioned from 436 to 437.","The system session has transitioned from 436 to 437.

Reason 16777220 

BootId: 22"
"9/22/2025 6:12:24 AM","506","Microsoft-Windows-Kernel-Power","Information","The system is entering Modern Standby ","The system is entering Modern Standby 

Reason: 16777220."
"9/22/2025 6:16:14 AM","566","Microsoft-Windows-Kernel-Power","Information","The system session has transitioned from 437 to 438.","The system session has transitioned from 437 to 438.

Reason InputMouse 

BootId: 22"
"9/22/2025 6:16:15 AM","507","Microsoft-Windows-Kernel-Power","Information","The system is exiting Modern Standby ","The system is exiting Modern Standby 

Reason: 16777220."
"9/22/2025 6:16:15 AM","566","Microsoft-Windows-Kernel-Power","Information","The system session has transitioned from 438 to 439.","The system session has transitioned from 438 to 439.

Reason 16777220 

BootId: 22"
"9/22/2025 6:16:15 AM","506","Microsoft-Windows-Kernel-Power","Information","The system is entering Modern Standby ","The system is entering Modern Standby 

Reason: 16777220."
"9/22/2025 8:04:07 AM","507","Microsoft-Windows-Kernel-Power","Information","The system is exiting Modern Standby ","The system is exiting Modern Standby 

Reason: Lid."
"9/22/2025 8:04:07 AM","566","Microsoft-Windows-Kernel-Power","Information","The system session has transitioned from 439 to 441.","The system session has transitioned from 439 to 441.

Reason PolicyChange 

BootId: 22"
"9/22/2025 8:04:12 AM","105","WudfUsbccidDriver","Information","The Smartcard reader reported the following class descriptor (part 2).","The Smartcard reader reported the following class descriptor (part 2)."
"9/22/2025 8:53:23 AM","105","WudfUsbccidDriver","Information","The Smartcard reader reported the following class descriptor (part 2).","The Smartcard reader reported the following class descriptor (part 2)."
"9/22/2025 5:22:31 PM","566","Microsoft-Windows-Kernel-Power","Information","The system session has transitioned from 441 to 442.","The system session has transitioned from 441 to 442.

Reason SessionUnlock 

BootId: 22"
"9/22/2025 5:22:31 PM","506","Microsoft-Windows-Kernel-Power","Information","The system is entering Modern Standby ","The system is entering Modern Standby 

Reason: Idle Timeout."
"9/22/2025 5:22:32 PM","566","Microsoft-Windows-Kernel-Power","Information","The system session has transitioned from 442 to 443.","The system session has transitioned from 442 to 443.

Reason SessionUnlock 

BootId: 22"
"9/22/2025 5:39:18 PM","507","Microsoft-Windows-Kernel-Power","Information","The system is exiting Modern Standby ","The system is exiting Modern Standby 

Reason: 16777224."
"9/22/2025 5:39:18 PM","566","Microsoft-Windows-Kernel-Power","Information","The system session has transitioned from 443 to 444.","The system session has transitioned from 443 to 444.

Reason 16777224 

BootId: 22"
"9/22/2025 5:39:18 PM","506","Microsoft-Windows-Kernel-Power","Information","The system is entering Modern Standby ","The system is entering Modern Standby 

Reason: 16777224."
"9/22/2025 6:12:25 PM","566","Microsoft-Windows-Kernel-Power","Information","The system session has transitioned from 444 to 445.","The system session has transitioned from 444 to 445.

Reason SessionUnlock 

BootId: 22"
"9/22/2025 10:02:41 PM","507","Microsoft-Windows-Kernel-Power","Information","The system is exiting Modern Standby ","The system is exiting Modern Standby 

Reason: Input Keyboard."
"9/22/2025 10:02:41 PM","566","Microsoft-Windows-Kernel-Power","Information","The system session has transitioned from 445 to 446.","The system session has transitioned from 445 to 446.

Reason InputAccelerometer 

BootId: 22"
"9/22/2025 10:04:09 PM","566","Microsoft-Windows-Kernel-Power","Information","The system session has transitioned from 446 to 447.","The system session has transitioned from 446 to 447.

Reason SessionUnlock 

BootId: 22"
"9/22/2025 10:04:09 PM","506","Microsoft-Windows-Kernel-Power","Information","The system is entering Modern Standby ","The system is entering Modern Standby 

Reason: Idle Timeout."
"9/22/2025 10:33:43 PM","566","Microsoft-Windows-Kernel-Power","Information","The system session has transitioned from 447 to 448.","The system session has transitioned from 447 to 448.

Reason SessionUnlock 

BootId: 22"
"9/22/2025 11:39:08 PM","507","Microsoft-Windows-Kernel-Power","Information","The system is exiting Modern Standby ","The system is exiting Modern Standby 

Reason: 16777224."
"9/22/2025 11:39:08 PM","566","Microsoft-Windows-Kernel-Power","Information","The system session has transitioned from 448 to 449.","The system session has transitioned from 448 to 449.

Reason 16777224 

BootId: 22"
"9/22/2025 11:39:08 PM","506","Microsoft-Windows-Kernel-Power","Information","The system is entering Modern Standby ","The system is entering Modern Standby 

Reason: 16777224."
"9/23/2025 12:21:53 AM","566","Microsoft-Windows-Kernel-Power","Information","The system session has transitioned from 449 to 450.","The system session has transitioned from 449 to 450.

Reason SessionUnlock 

BootId: 22"
"9/23/2025 12:39:22 AM","507","Microsoft-Windows-Kernel-Power","Information","The system is exiting Modern Standby ","The system is exiting Modern Standby 

Reason: 16777220."
"9/23/2025 12:39:22 AM","566","Microsoft-Windows-Kernel-Power","Information","The system session has transitioned from 450 to 451.","The system session has transitioned from 450 to 451.

Reason 16777220 

BootId: 22"
"9/23/2025 12:39:22 AM","506","Microsoft-Windows-Kernel-Power","Information","The system is entering Modern Standby ","The system is entering Modern Standby 

Reason: 16777220."
"9/23/2025 12:54:29 AM","566","Microsoft-Windows-Kernel-Power","Information","The system session has transitioned from 451 to 452.","The system session has transitioned from 451 to 452.

Reason SessionUnlock 

BootId: 22"
"9/23/2025 12:54:29 AM","507","Microsoft-Windows-Kernel-Power","Information","The system is exiting Modern Standby ","The system is exiting Modern Standby 

Reason: 16777220."
"9/23/2025 12:54:29 AM","566","Microsoft-Windows-Kernel-Power","Information","The system session has transitioned from 452 to 453.","The system session has transitioned from 452 to 453.

Reason 16777220 

BootId: 22"
"9/23/2025 12:54:29 AM","506","Microsoft-Windows-Kernel-Power","Information","The system is entering Modern Standby ","The system is entering Modern Standby 

Reason: 16777220."
"9/23/2025 12:56:50 AM","566","Microsoft-Windows-Kernel-Power","Information","The system session has transitioned from 453 to 454.","The system session has transitioned from 453 to 454.

Reason SessionUnlock 

BootId: 22"
"9/23/2025 1:19:49 AM","507","Microsoft-Windows-Kernel-Power","Information","The system is exiting Modern Standby ","The system is exiting Modern Standby 

Reason: Input Keyboard."
"9/23/2025 1:19:49 AM","566","Microsoft-Windows-Kernel-Power","Information","The system session has transitioned from 454 to 455.","The system session has transitioned from 454 to 455.

Reason InputAccelerometer 

BootId: 22"
"9/23/2025 1:20:17 AM","105","WudfUsbccidDriver","Information","The Smartcard reader reported the following class descriptor (part 2).","The Smartcard reader reported the following class descriptor (part 2)."
"9/23/2025 3:26:44 AM","566","Microsoft-Windows-Kernel-Power","Information","The system session has transitioned from 455 to 456.","The system session has transitioned from 455 to 456.

Reason PolicyChange 

BootId: 22"
"9/23/2025 3:26:44 AM","506","Microsoft-Windows-Kernel-Power","Information","The system is entering Modern Standby ","The system is entering Modern Standby 

Reason: Lid."
"9/23/2025 3:26:47 AM","566","Microsoft-Windows-Kernel-Power","Information","The system session has transitioned from 456 to 457.","The system session has transitioned from 456 to 457.

Reason PolicyChange 

BootId: 22"
"9/23/2025 3:26:48 AM","507","Microsoft-Windows-Kernel-Power","Information","The system is exiting Modern Standby ","The system is exiting Modern Standby 

Reason: 16777220."
"9/23/2025 3:26:48 AM","566","Microsoft-Windows-Kernel-Power","Information","The system session has transitioned from 457 to 458.","The system session has transitioned from 457 to 458.

Reason 16777220 

BootId: 22"
"9/23/2025 3:26:48 AM","506","Microsoft-Windows-Kernel-Power","Information","The system is entering Modern Standby ","The system is entering Modern Standby 

Reason: 16777220."
"9/23/2025 3:43:20 AM","566","Microsoft-Windows-Kernel-Power","Information","The system session has transitioned from 458 to 459.","The system session has transitioned from 458 to 459.

Reason PolicyChange 

BootId: 22"
"9/23/2025 4:27:18 AM","507","Microsoft-Windows-Kernel-Power","Information","The system is exiting Modern Standby ","The system is exiting Modern Standby 

Reason: 16777224."
"9/23/2025 4:27:18 AM","566","Microsoft-Windows-Kernel-Power","Information","The system session has transitioned from 459 to 460.","The system session has transitioned from 459 to 460.

Reason 16777224 

BootId: 22"
"9/23/2025 4:27:18 AM","506","Microsoft-Windows-Kernel-Power","Information","The system is entering Modern Standby ","The system is entering Modern Standby 

Reason: 16777224."
"9/23/2025 4:59:43 AM","566","Microsoft-Windows-Kernel-Power","Information","The system session has transitioned from 460 to 461.","The system session has transitioned from 460 to 461.

Reason PolicyChange 

BootId: 22"
"9/23/2025 5:59:47 AM","507","Microsoft-Windows-Kernel-Power","Information","The system is exiting Modern Standby ","The system is exiting Modern Standby 

Reason: 16777220."
"9/23/2025 5:59:47 AM","566","Microsoft-Windows-Kernel-Power","Information","The system session has transitioned from 461 to 462.","The system session has transitioned from 461 to 462.

Reason 16777220 

BootId: 22"
"9/23/2025 5:59:47 AM","506","Microsoft-Windows-Kernel-Power","Information","The system is entering Modern Standby ","The system is entering Modern Standby 

Reason: 16777220."
"9/23/2025 7:06:00 AM","566","Microsoft-Windows-Kernel-Power","Information","The system session has transitioned from 462 to 463.","The system session has transitioned from 462 to 463.

Reason PolicyChange 

BootId: 22"
"9/23/2025 7:06:36 AM","507","Microsoft-Windows-Kernel-Power","Information","The system is exiting Modern Standby ","The system is exiting Modern Standby 

Reason: 16777220."
"9/23/2025 7:06:36 AM","566","Microsoft-Windows-Kernel-Power","Information","The system session has transitioned from 463 to 464.","The system session has transitioned from 463 to 464.

Reason 16777220 

BootId: 22"
"9/23/2025 7:06:36 AM","506","Microsoft-Windows-Kernel-Power","Information","The system is entering Modern Standby ","The system is entering Modern Standby 

Reason: 16777220."
"9/23/2025 7:31:53 AM","105","Microsoft-Windows-Kernel-Power","Information","Power source change.","Power source change."
"9/23/2025 7:31:53 AM","507","Microsoft-Windows-Kernel-Power","Information","The system is exiting Modern Standby ","The system is exiting Modern Standby 

Reason: AC/DC Display Burst Suppressed."
"9/23/2025 7:31:53 AM","566","Microsoft-Windows-Kernel-Power","Information","The system session has transitioned from 464 to 466.","The system session has transitioned from 464 to 466.

Reason InputMouse 

BootId: 22"
"9/23/2025 7:31:53 AM","506","Microsoft-Windows-Kernel-Power","Information","The system is entering Modern Standby ","The system is entering Modern Standby 

Reason: AC/DC Display Burst Suppressed."
"9/23/2025 7:31:56 AM","566","Microsoft-Windows-Kernel-Power","Information","The system session has transitioned from 466 to 467.","The system session has transitioned from 466 to 467.

Reason InputMouse 

BootId: 22"
"9/23/2025 7:35:26 AM","507","Microsoft-Windows-Kernel-Power","Information","The system is exiting Modern Standby ","The system is exiting Modern Standby 

Reason: Austerity Battery Drain Budget Exceeded."
"9/23/2025 7:35:26 AM","566","Microsoft-Windows-Kernel-Power","Information","The system session has transitioned from 467 to 468.","The system session has transitioned from 467 to 468.

Reason 55 

BootId: 22"
"9/23/2025 7:35:26 AM","506","Microsoft-Windows-Kernel-Power","Information","The system is entering Modern Standby ","The system is entering Modern Standby 

Reason: Austerity Battery Drain Budget Exceeded."
"9/23/2025 7:35:36 AM","566","Microsoft-Windows-Kernel-Power","Information","The system session has transitioned from 468 to 469.","The system session has transitioned from 468 to 469.

Reason 55 

BootId: 22"
"9/23/2025 8:16:35 AM","507","Microsoft-Windows-Kernel-Power","Information","The system is exiting Modern Standby ","The system is exiting Modern Standby 

Reason: Lid."
"9/23/2025 8:16:35 AM","566","Microsoft-Windows-Kernel-Power","Information","The system session has transitioned from 469 to 470.","The system session has transitioned from 469 to 470.

Reason PolicyChange 

BootId: 22"
"9/23/2025 8:17:09 AM","566","Microsoft-Windows-Kernel-Power","Information","The system session has transitioned from 470 to 471.","The system session has transitioned from 470 to 471.

Reason SessionUnlock 

BootId: 22"
"9/23/2025 8:17:09 AM","506","Microsoft-Windows-Kernel-Power","Information","The system is entering Modern Standby ","The system is entering Modern Standby 

Reason: Idle Timeout."
"9/23/2025 8:18:39 AM","105","Microsoft-Windows-Kernel-Power","Information","Power source change.","Power source change."
"9/23/2025 8:18:40 AM","507","Microsoft-Windows-Kernel-Power","Information","The system is exiting Modern Standby ","The system is exiting Modern Standby 

Reason: AC/DC Display Burst."
"9/23/2025 8:18:40 AM","566","Microsoft-Windows-Kernel-Power","Information","The system session has transitioned from 471 to 473.","The system session has transitioned from 471 to 473.

Reason AcDcBurst 

BootId: 22"
"9/23/2025 8:18:46 AM","566","Microsoft-Windows-Kernel-Power","Information","The system session has transitioned from 473 to 474.","The system session has transitioned from 473 to 474.

Reason AcDcBurst 

BootId: 22"
"9/23/2025 8:18:46 AM","506","Microsoft-Windows-Kernel-Power","Information","The system is entering Modern Standby ","The system is entering Modern Standby 

Reason: AC/DC Display Burst."
"9/23/2025 8:19:08 AM","507","Microsoft-Windows-Kernel-Power","Information","The system is exiting Modern Standby ","The system is exiting Modern Standby 

Reason: Input Mouse."
"9/23/2025 8:19:08 AM","566","Microsoft-Windows-Kernel-Power","Information","The system session has transitioned from 474 to 476.","The system session has transitioned from 474 to 476.

Reason InputHid 

BootId: 22"
"9/23/2025 8:19:20 AM","105","WudfUsbccidDriver","Information","The Smartcard reader reported the following class descriptor (part 2).","The Smartcard reader reported the following class descriptor (part 2)."
"9/23/2025 9:53:05 AM","566","Microsoft-Windows-Kernel-Power","Information","The system session has transitioned from 476 to 477.","The system session has transitioned from 476 to 477.

Reason SessionUnlock 

BootId: 22"
"9/23/2025 9:53:05 AM","506","Microsoft-Windows-Kernel-Power","Information","The system is entering Modern Standby ","The system is entering Modern Standby 

Reason: Idle Timeout."
"9/23/2025 9:53:10 AM","566","Microsoft-Windows-Kernel-Power","Information","The system session has transitioned from 477 to 478.","The system session has transitioned from 477 to 478.

Reason SessionUnlock 

BootId: 22"
"9/23/2025 10:27:45 AM","507","Microsoft-Windows-Kernel-Power","Information","The system is exiting Modern Standby ","The system is exiting Modern Standby 

Reason: 16777224."
"9/23/2025 10:27:45 AM","566","Microsoft-Windows-Kernel-Power","Information","The system session has transitioned from 478 to 479.","The system session has transitioned from 478 to 479.

Reason 16777224 

BootId: 22"
"9/23/2025 10:27:45 AM","506","Microsoft-Windows-Kernel-Power","Information","The system is entering Modern Standby ","The system is entering Modern Standby 

Reason: 16777224."
"9/23/2025 11:09:54 AM","566","Microsoft-Windows-Kernel-Power","Information","The system session has transitioned from 479 to 480.","The system session has transitioned from 479 to 480.

Reason SessionUnlock 

BootId: 22"
"9/23/2025 11:15:00 AM","507","Microsoft-Windows-Kernel-Power","Information","The system is exiting Modern Standby ","The system is exiting Modern Standby 

Reason: Input Mouse."
"9/23/2025 11:15:00 AM","566","Microsoft-Windows-Kernel-Power","Information","The system session has transitioned from 480 to 481.","The system session has transitioned from 480 to 481.

Reason InputHid 

BootId: 22"
"9/23/2025 1:14:12 PM","566","Microsoft-Windows-Kernel-Power","Information","The system session has transitioned from 481 to 482.","The system session has transitioned from 481 to 482.

Reason SessionUnlock 

BootId: 22"
"9/23/2025 1:14:12 PM","506","Microsoft-Windows-Kernel-Power","Information","The system is entering Modern Standby ","The system is entering Modern Standby 

Reason: Idle Timeout."
"9/23/2025 1:14:40 PM","566","Microsoft-Windows-Kernel-Power","Information","The system session has transitioned from 482 to 483.","The system session has transitioned from 482 to 483.

Reason SessionUnlock 

BootId: 22"
"9/23/2025 1:20:40 PM","507","Microsoft-Windows-Kernel-Power","Information","The system is exiting Modern Standby ","The system is exiting Modern Standby 

Reason: Input Mouse."
"9/23/2025 1:20:40 PM","566","Microsoft-Windows-Kernel-Power","Information","The system session has transitioned from 483 to 484.","The system session has transitioned from 483 to 484.

Reason InputHid 

BootId: 22"
"9/23/2025 4:30:59 PM","105","Microsoft-Windows-Kernel-Power","Information","Power source change.","Power source change."
"9/23/2025 4:31:01 PM","566","Microsoft-Windows-Kernel-Power","Information","The system session has transitioned from 484 to 485.","The system session has transitioned from 484 to 485.

Reason PolicyChange 

BootId: 22"
