"9/26/2025 12:36:25 AM","566","Microsoft-Windows-Kernel-Power","Information","The system session has transitioned from 617 to 618.","The system session has transitioned from 617 to 618.

Reason SessionUnlock 

BootId: 22"
"9/26/2025 12:36:26 AM","507","Microsoft-Windows-Kernel-Power","Information","The system is exiting Modern Standby ","The system is exiting Modern Standby 

Reason: 16777220."
"9/26/2025 12:36:26 AM","566","Microsoft-Windows-Kernel-Power","Information","The system session has transitioned from 618 to 619.","The system session has transitioned from 618 to 619.

Reason 16777220 

BootId: 22"
"9/26/2025 12:36:26 AM","506","Microsoft-Windows-Kernel-Power","Information","The system is entering Modern Standby ","The system is entering Modern Standby 

Reason: 16777220."
"9/26/2025 12:40:09 AM","566","Microsoft-Windows-Kernel-Power","Information","The system session has transitioned from 619 to 620.","The system session has transitioned from 619 to 620.

Reason SessionUnlock 

BootId: 22"
"9/26/2025 12:40:10 AM","507","Microsoft-Windows-Kernel-Power","Information","The system is exiting Modern Standby ","The system is exiting Modern Standby 

Reason: 16777220."
"9/26/2025 12:40:10 AM","566","Microsoft-Windows-Kernel-Power","Information","The system session has transitioned from 620 to 621.","The system session has transitioned from 620 to 621.

Reason 16777220 

BootId: 22"
"9/26/2025 12:40:10 AM","506","Microsoft-Windows-Kernel-Power","Information","The system is entering Modern Standby ","The system is entering Modern Standby 

Reason: 16777220."
"9/26/2025 12:41:30 AM","566","Microsoft-Windows-Kernel-Power","Information","The system session has transitioned from 621 to 622.","The system session has transitioned from 621 to 622.

Reason SessionUnlock 

BootId: 22"
"9/26/2025 12:41:31 AM","507","Microsoft-Windows-Kernel-Power","Information","The system is exiting Modern Standby ","The system is exiting Modern Standby 

Reason: 16777220."
"9/26/2025 12:41:31 AM","566","Microsoft-Windows-Kernel-Power","Information","The system session has transitioned from 622 to 623.","The system session has transitioned from 622 to 623.

Reason 16777220 

BootId: 22"
"9/26/2025 12:41:31 AM","506","Microsoft-Windows-Kernel-Power","Information","The system is entering Modern Standby ","The system is entering Modern Standby 

Reason: 16777220."
"9/26/2025 12:44:00 AM","566","Microsoft-Windows-Kernel-Power","Information","The system session has transitioned from 623 to 624.","The system session has transitioned from 623 to 624.

Reason SessionUnlock 

BootId: 22"
"9/26/2025 1:39:16 AM","507","Microsoft-Windows-Kernel-Power","Information","The system is exiting Modern Standby ","The system is exiting Modern Standby 

Reason: 16777224."
"9/26/2025 1:39:16 AM","566","Microsoft-Windows-Kernel-Power","Information","The system session has transitioned from 624 to 625.","The system session has transitioned from 624 to 625.

Reason 16777224 

BootId: 22"
"9/26/2025 1:39:16 AM","506","Microsoft-Windows-Kernel-Power","Information","The system is entering Modern Standby ","The system is entering Modern Standby 

Reason: 16777224."
"9/26/2025 1:44:17 AM","566","Microsoft-Windows-Kernel-Power","Information","The system session has transitioned from 625 to 626.","The system session has transitioned from 625 to 626.

Reason SessionUnlock 

BootId: 22"
"9/26/2025 2:38:46 AM","507","Microsoft-Windows-Kernel-Power","Information","The system is exiting Modern Standby ","The system is exiting Modern Standby 

Reason: 16777224."
"9/26/2025 2:38:46 AM","566","Microsoft-Windows-Kernel-Power","Information","The system session has transitioned from 626 to 627.","The system session has transitioned from 626 to 627.

Reason 16777224 

BootId: 22"
"9/26/2025 2:38:46 AM","506","Microsoft-Windows-Kernel-Power","Information","The system is entering Modern Standby ","The system is entering Modern Standby 

Reason: 16777224."
"9/26/2025 2:43:43 AM","566","Microsoft-Windows-Kernel-Power","Information","The system session has transitioned from 627 to 628.","The system session has transitioned from 627 to 628.

Reason SessionUnlock 

BootId: 22"
"9/26/2025 3:18:18 AM","507","Microsoft-Windows-Kernel-Power","Information","The system is exiting Modern Standby ","The system is exiting Modern Standby 

Reason: 16777220."
"9/26/2025 3:18:18 AM","566","Microsoft-Windows-Kernel-Power","Information","The system session has transitioned from 628 to 629.","The system session has transitioned from 628 to 629.

Reason 16777220 

BootId: 22"
"9/26/2025 3:18:18 AM","506","Microsoft-Windows-Kernel-Power","Information","The system is entering Modern Standby ","The system is entering Modern Standby 

Reason: 16777220."
"9/26/2025 3:20:20 AM","566","Microsoft-Windows-Kernel-Power","Information","The system session has transitioned from 629 to 630.","The system session has transitioned from 629 to 630.

Reason SessionUnlock 

BootId: 22"
"9/26/2025 3:39:18 AM","507","Microsoft-Windows-Kernel-Power","Information","The system is exiting Modern Standby ","The system is exiting Modern Standby 

Reason: 16777224."
"9/26/2025 3:39:18 AM","566","Microsoft-Windows-Kernel-Power","Information","The system session has transitioned from 630 to 631.","The system session has transitioned from 630 to 631.

Reason 16777224 

BootId: 22"
"9/26/2025 3:39:18 AM","506","Microsoft-Windows-Kernel-Power","Information","The system is entering Modern Standby ","The system is entering Modern Standby 

Reason: 16777224."
"9/26/2025 3:42:34 AM","566","Microsoft-Windows-Kernel-Power","Information","The system session has transitioned from 631 to 632.","The system session has transitioned from 631 to 632.

Reason SessionUnlock 

BootId: 22"
"9/26/2025 4:39:16 AM","507","Microsoft-Windows-Kernel-Power","Information","The system is exiting Modern Standby ","The system is exiting Modern Standby 

Reason: 16777224."
"9/26/2025 4:39:16 AM","566","Microsoft-Windows-Kernel-Power","Information","The system session has transitioned from 632 to 633.","The system session has transitioned from 632 to 633.

Reason 16777224 

BootId: 22"
"9/26/2025 4:39:16 AM","506","Microsoft-Windows-Kernel-Power","Information","The system is entering Modern Standby ","The system is entering Modern Standby 

Reason: 16777224."
"9/26/2025 4:43:34 AM","566","Microsoft-Windows-Kernel-Power","Information","The system session has transitioned from 633 to 634.","The system session has transitioned from 633 to 634.

Reason SessionUnlock 

BootId: 22"
"9/26/2025 4:47:15 AM","507","Microsoft-Windows-Kernel-Power","Information","The system is exiting Modern Standby ","The system is exiting Modern Standby 

Reason: 16777220."
"9/26/2025 4:47:15 AM","566","Microsoft-Windows-Kernel-Power","Information","The system session has transitioned from 634 to 635.","The system session has transitioned from 634 to 635.

Reason 16777220 

BootId: 22"
"9/26/2025 4:47:15 AM","506","Microsoft-Windows-Kernel-Power","Information","The system is entering Modern Standby ","The system is entering Modern Standby 

Reason: 16777220."
"9/26/2025 4:47:17 AM","566","Microsoft-Windows-Kernel-Power","Information","The system session has transitioned from 635 to 636.","The system session has transitioned from 635 to 636.

Reason SessionUnlock 

BootId: 22"
"9/26/2025 5:38:46 AM","507","Microsoft-Windows-Kernel-Power","Information","The system is exiting Modern Standby ","The system is exiting Modern Standby 

Reason: 16777224."
"9/26/2025 5:38:46 AM","566","Microsoft-Windows-Kernel-Power","Information","The system session has transitioned from 636 to 637.","The system session has transitioned from 636 to 637.

Reason 16777224 

BootId: 22"
"9/26/2025 5:38:46 AM","506","Microsoft-Windows-Kernel-Power","Information","The system is entering Modern Standby ","The system is entering Modern Standby 

Reason: 16777224."
"9/26/2025 5:41:54 AM","566","Microsoft-Windows-Kernel-Power","Information","The system session has transitioned from 637 to 638.","The system session has transitioned from 637 to 638.

Reason SessionUnlock 

BootId: 22"
"9/26/2025 6:39:16 AM","507","Microsoft-Windows-Kernel-Power","Information","The system is exiting Modern Standby ","The system is exiting Modern Standby 

Reason: 16777224."
"9/26/2025 6:39:16 AM","566","Microsoft-Windows-Kernel-Power","Information","The system session has transitioned from 638 to 639.","The system session has transitioned from 638 to 639.

Reason 16777224 

BootId: 22"
"9/26/2025 6:39:16 AM","506","Microsoft-Windows-Kernel-Power","Information","The system is entering Modern Standby ","The system is entering Modern Standby 

Reason: 16777224."
"9/26/2025 6:44:30 AM","566","Microsoft-Windows-Kernel-Power","Information","The system session has transitioned from 639 to 640.","The system session has transitioned from 639 to 640.

Reason SessionUnlock 

BootId: 22"
"9/26/2025 7:39:16 AM","507","Microsoft-Windows-Kernel-Power","Information","The system is exiting Modern Standby ","The system is exiting Modern Standby 

Reason: 16777224."
"9/26/2025 7:39:16 AM","566","Microsoft-Windows-Kernel-Power","Information","The system session has transitioned from 640 to 641.","The system session has transitioned from 640 to 641.

Reason 16777224 

BootId: 22"
"9/26/2025 7:39:16 AM","506","Microsoft-Windows-Kernel-Power","Information","The system is entering Modern Standby ","The system is entering Modern Standby 

Reason: 16777224."
"9/26/2025 7:43:14 AM","566","Microsoft-Windows-Kernel-Power","Information","The system session has transitioned from 641 to 642.","The system session has transitioned from 641 to 642.

Reason SessionUnlock 

BootId: 22"
"9/26/2025 8:09:52 AM","507","Microsoft-Windows-Kernel-Power","Information","The system is exiting Modern Standby ","The system is exiting Modern Standby 

Reason: Input Mouse."
"9/26/2025 8:09:52 AM","566","Microsoft-Windows-Kernel-Power","Information","The system session has transitioned from 642 to 643.","The system session has transitioned from 642 to 643.

Reason InputHid 

BootId: 22"
"9/26/2025 8:10:22 AM","566","Microsoft-Windows-Kernel-Power","Information","The system session has transitioned from 643 to 644.","The system session has transitioned from 643 to 644.

Reason SessionUnlock 

BootId: 22"
"9/26/2025 8:10:22 AM","506","Microsoft-Windows-Kernel-Power","Information","The system is entering Modern Standby ","The system is entering Modern Standby 

Reason: Idle Timeout."
"9/26/2025 8:12:10 AM","507","Microsoft-Windows-Kernel-Power","Information","The system is exiting Modern Standby ","The system is exiting Modern Standby 

Reason: Lid."
"9/26/2025 8:12:10 AM","566","Microsoft-Windows-Kernel-Power","Information","The system session has transitioned from 644 to 646.","The system session has transitioned from 644 to 646.

Reason PolicyChange 

BootId: 22"
"9/26/2025 10:52:24 AM","105","Microsoft-Windows-Kernel-Power","Information","Power source change.","Power source change."
"9/26/2025 10:55:04 AM","105","Microsoft-Windows-Kernel-Power","Information","Power source change.","Power source change."
"9/26/2025 3:57:36 PM","566","Microsoft-Windows-Kernel-Power","Information","The system session has transitioned from 646 to 647.","The system session has transitioned from 646 to 647.

Reason SessionUnlock 

BootId: 22"
"9/26/2025 3:57:36 PM","506","Microsoft-Windows-Kernel-Power","Information","The system is entering Modern Standby ","The system is entering Modern Standby 

Reason: Idle Timeout."
"9/26/2025 3:57:43 PM","566","Microsoft-Windows-Kernel-Power","Information","The system session has transitioned from 647 to 648.","The system session has transitioned from 647 to 648.

Reason SessionUnlock 

BootId: 22"
"9/26/2025 4:04:15 PM","507","Microsoft-Windows-Kernel-Power","Information","The system is exiting Modern Standby ","The system is exiting Modern Standby 

Reason: Input Mouse."
"9/26/2025 4:04:15 PM","566","Microsoft-Windows-Kernel-Power","Information","The system session has transitioned from 648 to 649.","The system session has transitioned from 648 to 649.

Reason InputHid 

BootId: 22"
"9/26/2025 5:41:46 PM","105","Microsoft-Windows-Kernel-Power","Information","Power source change.","Power source change."
"9/26/2025 5:42:13 PM","566","Microsoft-Windows-Kernel-Power","Information","The system session has transitioned from 649 to 650.","The system session has transitioned from 649 to 650.

Reason PolicyChange 

BootId: 22"
"9/26/2025 5:42:13 PM","506","Microsoft-Windows-Kernel-Power","Information","The system is entering Modern Standby ","The system is entering Modern Standby 

Reason: Lid."
"9/26/2025 5:42:14 PM","566","Microsoft-Windows-Kernel-Power","Information","The system session has transitioned from 650 to 651.","The system session has transitioned from 650 to 651.

Reason PolicyChange 

BootId: 22"
"9/26/2025 5:50:19 PM","507","Microsoft-Windows-Kernel-Power","Information","The system is exiting Modern Standby ","The system is exiting Modern Standby 

Reason: Austerity Battery Drain Budget Exceeded."
"9/26/2025 5:50:19 PM","566","Microsoft-Windows-Kernel-Power","Information","The system session has transitioned from 651 to 652.","The system session has transitioned from 651 to 652.

Reason 55 

BootId: 22"
"9/26/2025 5:50:19 PM","506","Microsoft-Windows-Kernel-Power","Information","The system is entering Modern Standby ","The system is entering Modern Standby 

Reason: Austerity Battery Drain Budget Exceeded."
"9/26/2025 5:50:27 PM","566","Microsoft-Windows-Kernel-Power","Information","The system session has transitioned from 652 to 653.","The system session has transitioned from 652 to 653.

Reason 55 

BootId: 22"
"9/26/2025 6:16:51 PM","105","Microsoft-Windows-Kernel-Power","Information","Power source change.","Power source change."
"9/26/2025 6:16:51 PM","507","Microsoft-Windows-Kernel-Power","Information","The system is exiting Modern Standby ","The system is exiting Modern Standby 

Reason: AC/DC Display Burst Suppressed."
"9/26/2025 6:16:51 PM","566","Microsoft-Windows-Kernel-Power","Information","The system session has transitioned from 653 to 654.","The system session has transitioned from 653 to 654.

Reason InputMouse 

BootId: 22"
"9/26/2025 6:16:51 PM","506","Microsoft-Windows-Kernel-Power","Information","The system is entering Modern Standby ","The system is entering Modern Standby 

Reason: AC/DC Display Burst Suppressed."
"9/26/2025 6:16:57 PM","566","Microsoft-Windows-Kernel-Power","Information","The system session has transitioned from 654 to 655.","The system session has transitioned from 654 to 655.

Reason InputMouse 

BootId: 22"
"9/26/2025 6:20:40 PM","507","Microsoft-Windows-Kernel-Power","Information","The system is exiting Modern Standby ","The system is exiting Modern Standby 

Reason: 16777224."
"9/26/2025 6:20:40 PM","566","Microsoft-Windows-Kernel-Power","Information","The system session has transitioned from 655 to 656.","The system session has transitioned from 655 to 656.

Reason 16777224 

BootId: 22"
"9/26/2025 6:20:40 PM","506","Microsoft-Windows-Kernel-Power","Information","The system is entering Modern Standby ","The system is entering Modern Standby 

Reason: 16777224."
"9/26/2025 6:23:44 PM","566","Microsoft-Windows-Kernel-Power","Information","The system session has transitioned from 656 to 657.","The system session has transitioned from 656 to 657.

Reason InputMouse 

BootId: 22"
"9/26/2025 8:20:46 PM","507","Microsoft-Windows-Kernel-Power","Information","The system is exiting Modern Standby ","The system is exiting Modern Standby 

Reason: 16777224."
"9/26/2025 8:20:46 PM","566","Microsoft-Windows-Kernel-Power","Information","The system session has transitioned from 657 to 658.","The system session has transitioned from 657 to 658.

Reason 16777224 

BootId: 22"
"9/26/2025 8:20:46 PM","506","Microsoft-Windows-Kernel-Power","Information","The system is entering Modern Standby ","The system is entering Modern Standby 

Reason: 16777224."
"9/26/2025 8:23:25 PM","566","Microsoft-Windows-Kernel-Power","Information","The system session has transitioned from 658 to 659.","The system session has transitioned from 658 to 659.

Reason InputMouse 

BootId: 22"
"9/26/2025 10:20:46 PM","507","Microsoft-Windows-Kernel-Power","Information","The system is exiting Modern Standby ","The system is exiting Modern Standby 

Reason: 16777224."
"9/26/2025 10:20:46 PM","566","Microsoft-Windows-Kernel-Power","Information","The system session has transitioned from 659 to 660.","The system session has transitioned from 659 to 660.

Reason 16777224 

BootId: 22"
"9/26/2025 10:20:46 PM","506","Microsoft-Windows-Kernel-Power","Information","The system is entering Modern Standby ","The system is entering Modern Standby 

Reason: 16777224."
"9/26/2025 10:25:11 PM","566","Microsoft-Windows-Kernel-Power","Information","The system session has transitioned from 660 to 661.","The system session has transitioned from 660 to 661.

Reason InputMouse 

BootId: 22"
"9/26/2025 11:20:46 PM","507","Microsoft-Windows-Kernel-Power","Information","The system is exiting Modern Standby ","The system is exiting Modern Standby 

Reason: 16777224."
"9/26/2025 11:20:46 PM","566","Microsoft-Windows-Kernel-Power","Information","The system session has transitioned from 661 to 662.","The system session has transitioned from 661 to 662.

Reason 16777224 

BootId: 22"
"9/26/2025 11:20:46 PM","506","Microsoft-Windows-Kernel-Power","Information","The system is entering Modern Standby ","The system is entering Modern Standby 

Reason: 16777224."
"9/26/2025 11:23:48 PM","566","Microsoft-Windows-Kernel-Power","Information","The system session has transitioned from 662 to 663.","The system session has transitioned from 662 to 663.

Reason InputMouse 

BootId: 22"
"9/27/2025 12:20:46 AM","507","Microsoft-Windows-Kernel-Power","Information","The system is exiting Modern Standby ","The system is exiting Modern Standby 

Reason: 16777224."
"9/27/2025 12:20:46 AM","566","Microsoft-Windows-Kernel-Power","Information","The system session has transitioned from 663 to 664.","The system session has transitioned from 663 to 664.

Reason 16777224 

BootId: 22"
"9/27/2025 12:20:46 AM","506","Microsoft-Windows-Kernel-Power","Information","The system is entering Modern Standby ","The system is entering Modern Standby 

Reason: 16777224."
"9/27/2025 12:39:37 AM","566","Microsoft-Windows-Kernel-Power","Information","The system session has transitioned from 664 to 665.","The system session has transitioned from 664 to 665.

Reason InputMouse 

BootId: 22"
"9/27/2025 12:39:38 AM","507","Microsoft-Windows-Kernel-Power","Information","The system is exiting Modern Standby ","The system is exiting Modern Standby 

Reason: 16777220."
"9/27/2025 12:39:38 AM","566","Microsoft-Windows-Kernel-Power","Information","The system session has transitioned from 665 to 666.","The system session has transitioned from 665 to 666.

Reason 16777220 

BootId: 22"
"9/27/2025 12:39:38 AM","506","Microsoft-Windows-Kernel-Power","Information","The system is entering Modern Standby ","The system is entering Modern Standby 

Reason: 16777220."
"9/27/2025 12:40:35 AM","566","Microsoft-Windows-Kernel-Power","Information","The system session has transitioned from 666 to 667.","The system session has transitioned from 666 to 667.

Reason InputMouse 

BootId: 22"
"9/27/2025 12:40:36 AM","507","Microsoft-Windows-Kernel-Power","Information","The system is exiting Modern Standby ","The system is exiting Modern Standby 

Reason: 16777220."
"9/27/2025 12:40:36 AM","566","Microsoft-Windows-Kernel-Power","Information","The system session has transitioned from 667 to 668.","The system session has transitioned from 667 to 668.

Reason 16777220 

BootId: 22"
"9/27/2025 12:40:36 AM","506","Microsoft-Windows-Kernel-Power","Information","The system is entering Modern Standby ","The system is entering Modern Standby 

Reason: 16777220."
"9/27/2025 12:45:20 AM","566","Microsoft-Windows-Kernel-Power","Information","The system session has transitioned from 668 to 669.","The system session has transitioned from 668 to 669.

Reason InputMouse 

BootId: 22"
"9/27/2025 12:45:20 AM","507","Microsoft-Windows-Kernel-Power","Information","The system is exiting Modern Standby ","The system is exiting Modern Standby 

Reason: 16777220."
"9/27/2025 12:45:20 AM","566","Microsoft-Windows-Kernel-Power","Information","The system session has transitioned from 669 to 670.","The system session has transitioned from 669 to 670.

Reason 16777220 

BootId: 22"
"9/27/2025 12:45:20 AM","506","Microsoft-Windows-Kernel-Power","Information","The system is entering Modern Standby ","The system is entering Modern Standby 

Reason: 16777220."
"9/27/2025 12:46:41 AM","566","Microsoft-Windows-Kernel-Power","Information","The system session has transitioned from 670 to 671.","The system session has transitioned from 670 to 671.

Reason InputMouse 

BootId: 22"
"9/27/2025 12:46:41 AM","507","Microsoft-Windows-Kernel-Power","Information","The system is exiting Modern Standby ","The system is exiting Modern Standby 

Reason: 16777220."
"9/27/2025 12:46:41 AM","566","Microsoft-Windows-Kernel-Power","Information","The system session has transitioned from 671 to 672.","The system session has transitioned from 671 to 672.

Reason 16777220 

BootId: 22"
"9/27/2025 12:46:41 AM","506","Microsoft-Windows-Kernel-Power","Information","The system is entering Modern Standby ","The system is entering Modern Standby 

Reason: 16777220."
"9/27/2025 12:49:20 AM","566","Microsoft-Windows-Kernel-Power","Information","The system session has transitioned from 672 to 673.","The system session has transitioned from 672 to 673.

Reason InputMouse 

BootId: 22"
"9/27/2025 1:20:16 AM","507","Microsoft-Windows-Kernel-Power","Information","The system is exiting Modern Standby ","The system is exiting Modern Standby 

Reason: 16777224."
"9/27/2025 1:20:16 AM","566","Microsoft-Windows-Kernel-Power","Information","The system session has transitioned from 673 to 674.","The system session has transitioned from 673 to 674.

Reason 16777224 

BootId: 22"
"9/27/2025 1:20:16 AM","506","Microsoft-Windows-Kernel-Power","Information","The system is entering Modern Standby ","The system is entering Modern Standby 

Reason: 16777224."
"9/27/2025 1:20:31 AM","566","Microsoft-Windows-Kernel-Power","Information","The system session has transitioned from 674 to 675.","The system session has transitioned from 674 to 675.

Reason InputMouse 

BootId: 22"
"9/27/2025 2:20:17 AM","507","Microsoft-Windows-Kernel-Power","Information","The system is exiting Modern Standby ","The system is exiting Modern Standby 

Reason: 16777224."
"9/27/2025 2:20:17 AM","566","Microsoft-Windows-Kernel-Power","Information","The system session has transitioned from 675 to 676.","The system session has transitioned from 675 to 676.

Reason 16777224 

BootId: 22"
"9/27/2025 2:20:17 AM","506","Microsoft-Windows-Kernel-Power","Information","The system is entering Modern Standby ","The system is entering Modern Standby 

Reason: 16777224."
"9/27/2025 2:22:10 AM","566","Microsoft-Windows-Kernel-Power","Information","The system session has transitioned from 676 to 677.","The system session has transitioned from 676 to 677.

Reason InputMouse 

BootId: 22"
"9/27/2025 3:02:10 AM","507","Microsoft-Windows-Kernel-Power","Information","The system is exiting Modern Standby ","The system is exiting Modern Standby 

Reason: 16777220."
"9/27/2025 3:02:10 AM","566","Microsoft-Windows-Kernel-Power","Information","The system session has transitioned from 677 to 678.","The system session has transitioned from 677 to 678.

Reason 16777220 

BootId: 22"
"9/27/2025 3:02:10 AM","506","Microsoft-Windows-Kernel-Power","Information","The system is entering Modern Standby ","The system is entering Modern Standby 

Reason: 16777220."
"9/27/2025 3:02:14 AM","566","Microsoft-Windows-Kernel-Power","Information","The system session has transitioned from 678 to 679.","The system session has transitioned from 678 to 679.

Reason InputMouse 

BootId: 22"
"9/27/2025 3:20:17 AM","507","Microsoft-Windows-Kernel-Power","Information","The system is exiting Modern Standby ","The system is exiting Modern Standby 

Reason: 16777224."
"9/27/2025 3:20:17 AM","566","Microsoft-Windows-Kernel-Power","Information","The system session has transitioned from 679 to 680.","The system session has transitioned from 679 to 680.

Reason 16777224 

BootId: 22"
"9/27/2025 3:20:17 AM","506","Microsoft-Windows-Kernel-Power","Information","The system is entering Modern Standby ","The system is entering Modern Standby 

Reason: 16777224."
"9/27/2025 3:21:29 AM","566","Microsoft-Windows-Kernel-Power","Information","The system session has transitioned from 680 to 681.","The system session has transitioned from 680 to 681.

Reason InputMouse 

BootId: 22"
"9/27/2025 4:20:18 AM","507","Microsoft-Windows-Kernel-Power","Information","The system is exiting Modern Standby ","The system is exiting Modern Standby 

Reason: 16777224."
"9/27/2025 4:20:18 AM","566","Microsoft-Windows-Kernel-Power","Information","The system session has transitioned from 681 to 682.","The system session has transitioned from 681 to 682.

Reason 16777224 

BootId: 22"
"9/27/2025 4:20:18 AM","506","Microsoft-Windows-Kernel-Power","Information","The system is entering Modern Standby ","The system is entering Modern Standby 

Reason: 16777224."
"9/27/2025 4:22:14 AM","566","Microsoft-Windows-Kernel-Power","Information","The system session has transitioned from 682 to 683.","The system session has transitioned from 682 to 683.

Reason InputMouse 

BootId: 22"
"9/27/2025 5:20:17 AM","507","Microsoft-Windows-Kernel-Power","Information","The system is exiting Modern Standby ","The system is exiting Modern Standby 

Reason: 16777224."
"9/27/2025 5:20:17 AM","566","Microsoft-Windows-Kernel-Power","Information","The system session has transitioned from 683 to 684.","The system session has transitioned from 683 to 684.

Reason 16777224 

BootId: 22"
"9/27/2025 5:20:17 AM","506","Microsoft-Windows-Kernel-Power","Information","The system is entering Modern Standby ","The system is entering Modern Standby 

Reason: 16777224."
"9/27/2025 5:21:36 AM","566","Microsoft-Windows-Kernel-Power","Information","The system session has transitioned from 684 to 685.","The system session has transitioned from 684 to 685.

Reason InputMouse 

BootId: 22"
"9/27/2025 6:20:18 AM","507","Microsoft-Windows-Kernel-Power","Information","The system is exiting Modern Standby ","The system is exiting Modern Standby 

Reason: 16777224."
"9/27/2025 6:20:18 AM","566","Microsoft-Windows-Kernel-Power","Information","The system session has transitioned from 685 to 686.","The system session has transitioned from 685 to 686.

Reason 16777224 

BootId: 22"
"9/27/2025 6:20:18 AM","506","Microsoft-Windows-Kernel-Power","Information","The system is entering Modern Standby ","The system is entering Modern Standby 

Reason: 16777224."
"9/27/2025 6:21:48 AM","566","Microsoft-Windows-Kernel-Power","Information","The system session has transitioned from 686 to 687.","The system session has transitioned from 686 to 687.

Reason InputMouse 

BootId: 22"
"9/27/2025 7:20:18 AM","507","Microsoft-Windows-Kernel-Power","Information","The system is exiting Modern Standby ","The system is exiting Modern Standby 

Reason: 16777224."
"9/27/2025 7:20:18 AM","566","Microsoft-Windows-Kernel-Power","Information","The system session has transitioned from 687 to 688.","The system session has transitioned from 687 to 688.

Reason 16777224 

BootId: 22"
"9/27/2025 7:20:18 AM","506","Microsoft-Windows-Kernel-Power","Information","The system is entering Modern Standby ","The system is entering Modern Standby 

Reason: 16777224."
"9/27/2025 7:22:28 AM","566","Microsoft-Windows-Kernel-Power","Information","The system session has transitioned from 688 to 689.","The system session has transitioned from 688 to 689.

Reason InputMouse 

BootId: 22"
"9/27/2025 8:20:18 AM","507","Microsoft-Windows-Kernel-Power","Information","The system is exiting Modern Standby ","The system is exiting Modern Standby 

Reason: 16777224."
"9/27/2025 8:20:18 AM","566","Microsoft-Windows-Kernel-Power","Information","The system session has transitioned from 689 to 690.","The system session has transitioned from 689 to 690.

Reason 16777224 

BootId: 22"
"9/27/2025 8:20:18 AM","506","Microsoft-Windows-Kernel-Power","Information","The system is entering Modern Standby ","The system is entering Modern Standby 

Reason: 16777224."
"9/27/2025 8:22:14 AM","566","Microsoft-Windows-Kernel-Power","Information","The system session has transitioned from 690 to 691.","The system session has transitioned from 690 to 691.

Reason InputMouse 

BootId: 22"
"9/27/2025 9:20:18 AM","507","Microsoft-Windows-Kernel-Power","Information","The system is exiting Modern Standby ","The system is exiting Modern Standby 

Reason: 16777224."
"9/27/2025 9:20:18 AM","566","Microsoft-Windows-Kernel-Power","Information","The system session has transitioned from 691 to 692.","The system session has transitioned from 691 to 692.

Reason 16777224 

BootId: 22"
"9/27/2025 9:20:18 AM","506","Microsoft-Windows-Kernel-Power","Information","The system is entering Modern Standby ","The system is entering Modern Standby 

Reason: 16777224."
"9/27/2025 9:22:23 AM","566","Microsoft-Windows-Kernel-Power","Information","The system session has transitioned from 692 to 693.","The system session has transitioned from 692 to 693.

Reason InputMouse 

BootId: 22"
"9/27/2025 10:22:54 AM","507","Microsoft-Windows-Kernel-Power","Information","The system is exiting Modern Standby ","The system is exiting Modern Standby 

Reason: 16777220."
"9/27/2025 10:22:54 AM","566","Microsoft-Windows-Kernel-Power","Information","The system session has transitioned from 693 to 694.","The system session has transitioned from 693 to 694.

Reason 16777220 

BootId: 22"
"9/27/2025 10:22:54 AM","506","Microsoft-Windows-Kernel-Power","Information","The system is entering Modern Standby ","The system is entering Modern Standby 

Reason: 16777220."
"9/27/2025 10:22:59 AM","566","Microsoft-Windows-Kernel-Power","Information","The system session has transitioned from 694 to 695.","The system session has transitioned from 694 to 695.

Reason InputMouse 

BootId: 22"
"9/27/2025 11:20:20 AM","507","Microsoft-Windows-Kernel-Power","Information","The system is exiting Modern Standby ","The system is exiting Modern Standby 

Reason: 16777224."
"9/27/2025 11:20:20 AM","566","Microsoft-Windows-Kernel-Power","Information","The system session has transitioned from 695 to 696.","The system session has transitioned from 695 to 696.

Reason 16777224 

BootId: 22"
"9/27/2025 11:20:20 AM","506","Microsoft-Windows-Kernel-Power","Information","The system is entering Modern Standby ","The system is entering Modern Standby 

Reason: 16777224."
"9/27/2025 11:22:54 AM","566","Microsoft-Windows-Kernel-Power","Information","The system session has transitioned from 696 to 697.","The system session has transitioned from 696 to 697.

Reason InputMouse 

BootId: 22"
"9/27/2025 12:20:19 PM","507","Microsoft-Windows-Kernel-Power","Information","The system is exiting Modern Standby ","The system is exiting Modern Standby 

Reason: 16777224."
"9/27/2025 12:20:19 PM","566","Microsoft-Windows-Kernel-Power","Information","The system session has transitioned from 697 to 698.","The system session has transitioned from 697 to 698.

Reason 16777224 

BootId: 22"
"9/27/2025 12:20:19 PM","506","Microsoft-Windows-Kernel-Power","Information","The system is entering Modern Standby ","The system is entering Modern Standby 

Reason: 16777224."
"9/27/2025 12:22:15 PM","566","Microsoft-Windows-Kernel-Power","Information","The system session has transitioned from 698 to 699.","The system session has transitioned from 698 to 699.

Reason InputMouse 

BootId: 22"
"9/27/2025 1:20:36 PM","507","Microsoft-Windows-Kernel-Power","Information","The system is exiting Modern Standby ","The system is exiting Modern Standby 

Reason: 16777224."
"9/27/2025 1:20:36 PM","566","Microsoft-Windows-Kernel-Power","Information","The system session has transitioned from 699 to 700.","The system session has transitioned from 699 to 700.

Reason 16777224 

BootId: 22"
"9/27/2025 1:20:36 PM","506","Microsoft-Windows-Kernel-Power","Information","The system is entering Modern Standby ","The system is entering Modern Standby 

Reason: 16777224."
"9/27/2025 1:23:54 PM","566","Microsoft-Windows-Kernel-Power","Information","The system session has transitioned from 700 to 701.","The system session has transitioned from 700 to 701.

Reason InputMouse 

BootId: 22"
"9/27/2025 2:20:24 PM","507","Microsoft-Windows-Kernel-Power","Information","The system is exiting Modern Standby ","The system is exiting Modern Standby 

Reason: 16777224."
"9/27/2025 2:20:24 PM","566","Microsoft-Windows-Kernel-Power","Information","The system session has transitioned from 701 to 702.","The system session has transitioned from 701 to 702.

Reason 16777224 

BootId: 22"
"9/27/2025 2:20:24 PM","506","Microsoft-Windows-Kernel-Power","Information","The system is entering Modern Standby ","The system is entering Modern Standby 

Reason: 16777224."
"9/27/2025 2:22:22 PM","566","Microsoft-Windows-Kernel-Power","Information","The system session has transitioned from 702 to 703.","The system session has transitioned from 702 to 703.

Reason InputMouse 

BootId: 22"
"9/27/2025 4:20:26 PM","507","Microsoft-Windows-Kernel-Power","Information","The system is exiting Modern Standby ","The system is exiting Modern Standby 

Reason: 16777224."
"9/27/2025 4:20:26 PM","566","Microsoft-Windows-Kernel-Power","Information","The system session has transitioned from 703 to 704.","The system session has transitioned from 703 to 704.

Reason 16777224 

BootId: 22"
"9/27/2025 4:20:26 PM","506","Microsoft-Windows-Kernel-Power","Information","The system is entering Modern Standby ","The system is entering Modern Standby 

Reason: 16777224."
"9/27/2025 4:22:32 PM","566","Microsoft-Windows-Kernel-Power","Information","The system session has transitioned from 704 to 705.","The system session has transitioned from 704 to 705.

Reason InputMouse 

BootId: 22"
"9/27/2025 4:55:25 PM","507","Microsoft-Windows-Kernel-Power","Information","The system is exiting Modern Standby ","The system is exiting Modern Standby 

Reason: 16777224."
"9/27/2025 4:55:25 PM","566","Microsoft-Windows-Kernel-Power","Information","The system session has transitioned from 705 to 706.","The system session has transitioned from 705 to 706.

Reason 16777224 

BootId: 22"
"9/27/2025 4:55:25 PM","506","Microsoft-Windows-Kernel-Power","Information","The system is entering Modern Standby ","The system is entering Modern Standby 

Reason: 16777224."
"9/27/2025 4:56:24 PM","566","Microsoft-Windows-Kernel-Power","Information","The system session has transitioned from 706 to 707.","The system session has transitioned from 706 to 707.

Reason InputMouse 

BootId: 22"
"9/27/2025 6:20:29 PM","507","Microsoft-Windows-Kernel-Power","Information","The system is exiting Modern Standby ","The system is exiting Modern Standby 

Reason: 16777224."
"9/27/2025 6:20:29 PM","566","Microsoft-Windows-Kernel-Power","Information","The system session has transitioned from 707 to 708.","The system session has transitioned from 707 to 708.

Reason 16777224 

BootId: 22"
"9/27/2025 6:20:29 PM","506","Microsoft-Windows-Kernel-Power","Information","The system is entering Modern Standby ","The system is entering Modern Standby 

Reason: 16777224."
"9/27/2025 6:22:42 PM","566","Microsoft-Windows-Kernel-Power","Information","The system session has transitioned from 708 to 709.","The system session has transitioned from 708 to 709.

Reason InputMouse 

BootId: 22"
"9/27/2025 7:25:28 PM","507","Microsoft-Windows-Kernel-Power","Information","The system is exiting Modern Standby ","The system is exiting Modern Standby 

Reason: 16777224."
"9/27/2025 7:25:28 PM","566","Microsoft-Windows-Kernel-Power","Information","The system session has transitioned from 709 to 710.","The system session has transitioned from 709 to 710.

Reason 16777224 

BootId: 22"
"9/27/2025 7:25:28 PM","506","Microsoft-Windows-Kernel-Power","Information","The system is entering Modern Standby ","The system is entering Modern Standby 

Reason: 16777224."
"9/27/2025 7:26:39 PM","566","Microsoft-Windows-Kernel-Power","Information","The system session has transitioned from 710 to 711.","The system session has transitioned from 710 to 711.

Reason InputMouse 

BootId: 22"
"9/27/2025 8:20:17 PM","507","Microsoft-Windows-Kernel-Power","Information","The system is exiting Modern Standby ","The system is exiting Modern Standby 

Reason: 16777224."
"9/27/2025 8:20:17 PM","566","Microsoft-Windows-Kernel-Power","Information","The system session has transitioned from 711 to 712.","The system session has transitioned from 711 to 712.

Reason 16777224 

BootId: 22"
"9/27/2025 8:20:17 PM","506","Microsoft-Windows-Kernel-Power","Information","The system is entering Modern Standby ","The system is entering Modern Standby 

Reason: 16777224."
"9/27/2025 8:21:30 PM","566","Microsoft-Windows-Kernel-Power","Information","The system session has transitioned from 712 to 713.","The system session has transitioned from 712 to 713.

Reason InputMouse 

BootId: 22"
"9/27/2025 9:20:24 PM","507","Microsoft-Windows-Kernel-Power","Information","The system is exiting Modern Standby ","The system is exiting Modern Standby 

Reason: 16777224."
"9/27/2025 9:20:24 PM","566","Microsoft-Windows-Kernel-Power","Information","The system session has transitioned from 713 to 714.","The system session has transitioned from 713 to 714.

Reason 16777224 

BootId: 22"
"9/27/2025 9:20:24 PM","506","Microsoft-Windows-Kernel-Power","Information","The system is entering Modern Standby ","The system is entering Modern Standby 

Reason: 16777224."
"9/27/2025 9:21:50 PM","566","Microsoft-Windows-Kernel-Power","Information","The system session has transitioned from 714 to 715.","The system session has transitioned from 714 to 715.

Reason InputMouse 

BootId: 22"
"9/27/2025 10:20:54 PM","507","Microsoft-Windows-Kernel-Power","Information","The system is exiting Modern Standby ","The system is exiting Modern Standby 

Reason: 16777224."
"9/27/2025 10:20:54 PM","566","Microsoft-Windows-Kernel-Power","Information","The system session has transitioned from 715 to 716.","The system session has transitioned from 715 to 716.

Reason 16777224 

BootId: 22"
"9/27/2025 10:20:54 PM","506","Microsoft-Windows-Kernel-Power","Information","The system is entering Modern Standby ","The system is entering Modern Standby 

Reason: 16777224."
"9/27/2025 10:22:39 PM","566","Microsoft-Windows-Kernel-Power","Information","The system session has transitioned from 716 to 717.","The system session has transitioned from 716 to 717.

Reason InputMouse 

BootId: 22"
"9/27/2025 11:20:55 PM","507","Microsoft-Windows-Kernel-Power","Information","The system is exiting Modern Standby ","The system is exiting Modern Standby 

Reason: 16777224."
"9/27/2025 11:20:55 PM","566","Microsoft-Windows-Kernel-Power","Information","The system session has transitioned from 717 to 718.","The system session has transitioned from 717 to 718.

Reason 16777224 

BootId: 22"
"9/27/2025 11:20:55 PM","506","Microsoft-Windows-Kernel-Power","Information","The system is entering Modern Standby ","The system is entering Modern Standby 

Reason: 16777224."
"9/27/2025 11:23:37 PM","566","Microsoft-Windows-Kernel-Power","Information","The system session has transitioned from 718 to 719.","The system session has transitioned from 718 to 719.

Reason InputMouse 

BootId: 22"
"9/28/2025 12:20:24 AM","507","Microsoft-Windows-Kernel-Power","Information","The system is exiting Modern Standby ","The system is exiting Modern Standby 

Reason: 16777224."
"9/28/2025 12:20:24 AM","566","Microsoft-Windows-Kernel-Power","Information","The system session has transitioned from 719 to 720.","The system session has transitioned from 719 to 720.

Reason 16777224 

BootId: 22"
"9/28/2025 12:20:24 AM","506","Microsoft-Windows-Kernel-Power","Information","The system is entering Modern Standby ","The system is entering Modern Standby 

Reason: 16777224."
"9/28/2025 12:24:40 AM","566","Microsoft-Windows-Kernel-Power","Information","The system session has transitioned from 720 to 721.","The system session has transitioned from 720 to 721.

Reason InputMouse 

BootId: 22"
"9/28/2025 12:24:41 AM","507","Microsoft-Windows-Kernel-Power","Information","The system is exiting Modern Standby ","The system is exiting Modern Standby 

Reason: 16777220."
"9/28/2025 12:24:41 AM","566","Microsoft-Windows-Kernel-Power","Information","The system session has transitioned from 721 to 722.","The system session has transitioned from 721 to 722.

Reason 16777220 

BootId: 22"
"9/28/2025 12:24:41 AM","506","Microsoft-Windows-Kernel-Power","Information","The system is entering Modern Standby ","The system is entering Modern Standby 

Reason: 16777220."
"9/28/2025 12:29:42 AM","566","Microsoft-Windows-Kernel-Power","Information","The system session has transitioned from 722 to 723.","The system session has transitioned from 722 to 723.

Reason InputMouse 

BootId: 22"
"9/28/2025 12:29:42 AM","507","Microsoft-Windows-Kernel-Power","Information","The system is exiting Modern Standby ","The system is exiting Modern Standby 

Reason: 16777220."
"9/28/2025 12:29:42 AM","566","Microsoft-Windows-Kernel-Power","Information","The system session has transitioned from 723 to 724.","The system session has transitioned from 723 to 724.

Reason 16777220 

BootId: 22"
"9/28/2025 12:29:42 AM","506","Microsoft-Windows-Kernel-Power","Information","The system is entering Modern Standby ","The system is entering Modern Standby 

Reason: 16777220."
"9/28/2025 12:39:12 AM","566","Microsoft-Windows-Kernel-Power","Information","The system session has transitioned from 724 to 725.","The system session has transitioned from 724 to 725.

Reason InputMouse 

BootId: 22"
"9/28/2025 12:39:12 AM","507","Microsoft-Windows-Kernel-Power","Information","The system is exiting Modern Standby ","The system is exiting Modern Standby 

Reason: 16777220."
"9/28/2025 12:39:12 AM","566","Microsoft-Windows-Kernel-Power","Information","The system session has transitioned from 725 to 726.","The system session has transitioned from 725 to 726.

Reason 16777220 

BootId: 22"
"9/28/2025 12:39:12 AM","506","Microsoft-Windows-Kernel-Power","Information","The system is entering Modern Standby ","The system is entering Modern Standby 

Reason: 16777220."
"9/28/2025 12:43:31 AM","566","Microsoft-Windows-Kernel-Power","Information","The system session has transitioned from 726 to 727.","The system session has transitioned from 726 to 727.

Reason InputMouse 

BootId: 22"
"9/28/2025 12:43:32 AM","507","Microsoft-Windows-Kernel-Power","Information","The system is exiting Modern Standby ","The system is exiting Modern Standby 

Reason: 16777220."
"9/28/2025 12:43:32 AM","566","Microsoft-Windows-Kernel-Power","Information","The system session has transitioned from 727 to 728.","The system session has transitioned from 727 to 728.

Reason 16777220 

BootId: 22"
"9/28/2025 12:43:32 AM","506","Microsoft-Windows-Kernel-Power","Information","The system is entering Modern Standby ","The system is entering Modern Standby 

Reason: 16777220."
"9/28/2025 12:47:09 AM","566","Microsoft-Windows-Kernel-Power","Information","The system session has transitioned from 728 to 729.","The system session has transitioned from 728 to 729.

Reason InputMouse 

BootId: 22"
"9/28/2025 12:47:09 AM","507","Microsoft-Windows-Kernel-Power","Information","The system is exiting Modern Standby ","The system is exiting Modern Standby 

Reason: 16777220."
"9/28/2025 12:47:09 AM","566","Microsoft-Windows-Kernel-Power","Information","The system session has transitioned from 729 to 730.","The system session has transitioned from 729 to 730.

Reason 16777220 

BootId: 22"
"9/28/2025 12:47:09 AM","506","Microsoft-Windows-Kernel-Power","Information","The system is entering Modern Standby ","The system is entering Modern Standby 

Reason: 16777220."
"9/28/2025 12:50:17 AM","566","Microsoft-Windows-Kernel-Power","Information","The system session has transitioned from 730 to 731.","The system session has transitioned from 730 to 731.

Reason InputMouse 

BootId: 22"
"9/28/2025 1:20:54 AM","507","Microsoft-Windows-Kernel-Power","Information","The system is exiting Modern Standby ","The system is exiting Modern Standby 

Reason: 16777224."
"9/28/2025 1:20:54 AM","566","Microsoft-Windows-Kernel-Power","Information","The system session has transitioned from 731 to 732.","The system session has transitioned from 731 to 732.

Reason 16777224 

BootId: 22"
"9/28/2025 1:20:54 AM","506","Microsoft-Windows-Kernel-Power","Information","The system is entering Modern Standby ","The system is entering Modern Standby 

Reason: 16777224."
"9/28/2025 1:21:54 AM","566","Microsoft-Windows-Kernel-Power","Information","The system session has transitioned from 732 to 733.","The system session has transitioned from 732 to 733.

Reason InputMouse 

BootId: 22"
"9/28/2025 2:20:54 AM","507","Microsoft-Windows-Kernel-Power","Information","The system is exiting Modern Standby ","The system is exiting Modern Standby 

Reason: 16777224."
"9/28/2025 2:20:54 AM","566","Microsoft-Windows-Kernel-Power","Information","The system session has transitioned from 733 to 734.","The system session has transitioned from 733 to 734.

Reason 16777224 

BootId: 22"
"9/28/2025 2:20:54 AM","506","Microsoft-Windows-Kernel-Power","Information","The system is entering Modern Standby ","The system is entering Modern Standby 

Reason: 16777224."
"9/28/2025 2:22:03 AM","566","Microsoft-Windows-Kernel-Power","Information","The system session has transitioned from 734 to 735.","The system session has transitioned from 734 to 735.

Reason InputMouse 

BootId: 22"
"9/28/2025 3:06:25 AM","507","Microsoft-Windows-Kernel-Power","Information","The system is exiting Modern Standby ","The system is exiting Modern Standby 

Reason: 16777220."
"9/28/2025 3:06:25 AM","566","Microsoft-Windows-Kernel-Power","Information","The system session has transitioned from 735 to 736.","The system session has transitioned from 735 to 736.

Reason 16777220 

BootId: 22"
"9/28/2025 3:06:25 AM","506","Microsoft-Windows-Kernel-Power","Information","The system is entering Modern Standby ","The system is entering Modern Standby 

Reason: 16777220."
"9/28/2025 3:06:30 AM","566","Microsoft-Windows-Kernel-Power","Information","The system session has transitioned from 736 to 737.","The system session has transitioned from 736 to 737.

Reason InputMouse 

BootId: 22"
"9/28/2025 3:20:27 AM","507","Microsoft-Windows-Kernel-Power","Information","The system is exiting Modern Standby ","The system is exiting Modern Standby 

Reason: 16777224."
"9/28/2025 3:20:27 AM","566","Microsoft-Windows-Kernel-Power","Information","The system session has transitioned from 737 to 738.","The system session has transitioned from 737 to 738.

Reason 16777224 

BootId: 22"
"9/28/2025 3:20:27 AM","506","Microsoft-Windows-Kernel-Power","Information","The system is entering Modern Standby ","The system is entering Modern Standby 

Reason: 16777224."
"9/28/2025 3:21:21 AM","566","Microsoft-Windows-Kernel-Power","Information","The system session has transitioned from 738 to 739.","The system session has transitioned from 738 to 739.

Reason InputMouse 

BootId: 22"
"9/28/2025 4:20:25 AM","507","Microsoft-Windows-Kernel-Power","Information","The system is exiting Modern Standby ","The system is exiting Modern Standby 

Reason: 16777224."
"9/28/2025 4:20:25 AM","566","Microsoft-Windows-Kernel-Power","Information","The system session has transitioned from 739 to 740.","The system session has transitioned from 739 to 740.

Reason 16777224 

BootId: 22"
"9/28/2025 4:20:25 AM","506","Microsoft-Windows-Kernel-Power","Information","The system is entering Modern Standby ","The system is entering Modern Standby 

Reason: 16777224."
"9/28/2025 4:22:21 AM","566","Microsoft-Windows-Kernel-Power","Information","The system session has transitioned from 740 to 741.","The system session has transitioned from 740 to 741.

Reason InputMouse 

BootId: 22"
"9/28/2025 5:20:25 AM","507","Microsoft-Windows-Kernel-Power","Information","The system is exiting Modern Standby ","The system is exiting Modern Standby 

Reason: 16777224."
"9/28/2025 5:20:25 AM","566","Microsoft-Windows-Kernel-Power","Information","The system session has transitioned from 741 to 742.","The system session has transitioned from 741 to 742.

Reason 16777224 

BootId: 22"
"9/28/2025 5:20:25 AM","506","Microsoft-Windows-Kernel-Power","Information","The system is entering Modern Standby ","The system is entering Modern Standby 

Reason: 16777224."
"9/28/2025 5:21:42 AM","566","Microsoft-Windows-Kernel-Power","Information","The system session has transitioned from 742 to 743.","The system session has transitioned from 742 to 743.

Reason InputMouse 

BootId: 22"
"9/28/2025 6:09:26 AM","507","Microsoft-Windows-Kernel-Power","Information","The system is exiting Modern Standby ","The system is exiting Modern Standby 

Reason: 16777224."
"9/28/2025 6:09:26 AM","566","Microsoft-Windows-Kernel-Power","Information","The system session has transitioned from 743 to 744.","The system session has transitioned from 743 to 744.

Reason 16777224 

BootId: 22"
"9/28/2025 6:09:26 AM","506","Microsoft-Windows-Kernel-Power","Information","The system is entering Modern Standby ","The system is entering Modern Standby 

Reason: 16777224."
