"9/25/2025 2:31:37 PM","16","Microsoft-Windows-Kernel-General","","The access history in hive \??\C:\Users\angela\AppData\Local\Packages\Microsoft.LockApp_cw5n1h2txyewy\Settings\settings.dat was cleared updating 3 keys and creating 1 modified pages.","The access history in hive \??\C:\Users\angela\AppData\Local\Packages\Microsoft.LockApp_cw5n1h2txyewy\Settings\settings.dat was cleared updating 3 keys and creating 1 modified pages."
"9/25/2025 2:31:43 PM","566","Microsoft-Windows-Kernel-Power","Modern Standby transition (lid closed likely)","The system session has transitioned from 598 to 599.","The system session has transitioned from 598 to 599.

Reason SessionUnlock 

BootId: 22"
"9/25/2025 2:31:43 PM","24","Microsoft-Windows-Kernel-General","","The time zone information was refreshed with exit reason 0. Current time zone bias is 240.","The time zone information was refreshed with exit reason 0. Current time zone bias is 240."
"9/25/2025 2:31:43 PM","1","Microsoft-Windows-Kernel-General","","The system time has changed to ‎2025‎-‎09‎-‎25T18:31:43.203154700Z from ‎2025‎-‎09‎-‎25T18:31:43.203254800Z.","The system time has changed to ‎2025‎-‎09‎-‎25T18:31:43.203154700Z from ‎2025‎-‎09‎-‎25T18:31:43.203254800Z.
Time Delta: 0 ms

Change Reason: An application or system component changed the time.
Process: '\Device\HarddiskVolume3\Windows\System32\svchost.exe' (PID 1992).

RTC time: ‎2025‎-‎09‎-‎25T14:31:43.203154700Z
Current time zone bias: 240
RTC time is in UTC: false
System time was based on RTC time: false"
"9/25/2025 2:57:50 PM","507","Microsoft-Windows-Kernel-Power","Modern Standby transition (lid closed likely)","The system is exiting Modern Standby ","The system is exiting Modern Standby 

Reason: 16777224."
"9/25/2025 2:57:50 PM","566","Microsoft-Windows-Kernel-Power","Modern Standby transition (lid closed likely)","The system session has transitioned from 599 to 600.","The system session has transitioned from 599 to 600.

Reason 16777224 

BootId: 22"
"9/25/2025 2:57:50 PM","506","Microsoft-Windows-Kernel-Power","Modern Standby transition (lid closed likely)","The system is entering Modern Standby ","The system is entering Modern Standby 

Reason: 16777224."
"9/25/2025 2:57:50 PM","24","Microsoft-Windows-Kernel-General","","The time zone information was refreshed with exit reason 0. Current time zone bias is 240.","The time zone information was refreshed with exit reason 0. Current time zone bias is 240."
"9/25/2025 2:57:50 PM","1","Microsoft-Windows-Kernel-General","","The system time has changed to ‎2025‎-‎09‎-‎25T18:57:50.216367200Z from ‎2025‎-‎09‎-‎25T18:57:50.214494800Z.","The system time has changed to ‎2025‎-‎09‎-‎25T18:57:50.216367200Z from ‎2025‎-‎09‎-‎25T18:57:50.214494800Z.
Time Delta: 1 ms

Change Reason: An application or system component changed the time.
Process: '\Device\HarddiskVolume3\Windows\System32\svchost.exe' (PID 1992).

RTC time: ‎2025‎-‎09‎-‎25T14:57:50.216367200Z
Current time zone bias: 240
RTC time is in UTC: false
System time was based on RTC time: false"
"9/25/2025 2:57:52 PM","507","Microsoft-Windows-Kernel-Power","Modern Standby transition (lid closed likely)","The system is exiting Modern Standby ","The system is exiting Modern Standby 

Reason: Input Touchpad."
"9/25/2025 2:57:52 PM","566","Microsoft-Windows-Kernel-Power","Modern Standby transition (lid closed likely)","The system session has transitioned from 600 to 602.","The system session has transitioned from 600 to 602.

Reason InputPoUserPresent 

BootId: 22"
"9/25/2025 5:50:36 PM","566","Microsoft-Windows-Kernel-Power","Modern Standby transition (lid closed likely)","The system session has transitioned from 602 to 603.","The system session has transitioned from 602 to 603.

Reason SessionUnlock 

BootId: 22"
"9/25/2025 5:50:36 PM","506","Microsoft-Windows-Kernel-Power","Modern Standby transition (lid closed likely)","The system is entering Modern Standby ","The system is entering Modern Standby 

Reason: Idle Timeout."
"9/25/2025 5:50:43 PM","566","Microsoft-Windows-Kernel-Power","Modern Standby transition (lid closed likely)","The system session has transitioned from 603 to 604.","The system session has transitioned from 603 to 604.

Reason SessionUnlock 

BootId: 22"
"9/25/2025 5:50:43 PM","24","Microsoft-Windows-Kernel-General","","The time zone information was refreshed with exit reason 0. Current time zone bias is 240.","The time zone information was refreshed with exit reason 0. Current time zone bias is 240."
"9/25/2025 5:50:43 PM","1","Microsoft-Windows-Kernel-General","","The system time has changed to ‎2025‎-‎09‎-‎25T21:50:43.664486600Z from ‎2025‎-‎09‎-‎25T21:50:43.660945300Z.","The system time has changed to ‎2025‎-‎09‎-‎25T21:50:43.664486600Z from ‎2025‎-‎09‎-‎25T21:50:43.660945300Z.
Time Delta: 3 ms

Change Reason: An application or system component changed the time.
Process: '\Device\HarddiskVolume3\Windows\System32\svchost.exe' (PID 1992).

RTC time: ‎2025‎-‎09‎-‎25T17:50:43.664486600Z
Current time zone bias: 240
RTC time is in UTC: false
System time was based on RTC time: false"
"9/25/2025 5:55:18 PM","507","Microsoft-Windows-Kernel-Power","Modern Standby transition (lid closed likely)","The system is exiting Modern Standby ","The system is exiting Modern Standby 

Reason: 16777224."
"9/25/2025 5:55:18 PM","566","Microsoft-Windows-Kernel-Power","Modern Standby transition (lid closed likely)","The system session has transitioned from 604 to 605.","The system session has transitioned from 604 to 605.

Reason 16777224 

BootId: 22"
"9/25/2025 5:55:18 PM","506","Microsoft-Windows-Kernel-Power","Modern Standby transition (lid closed likely)","The system is entering Modern Standby ","The system is entering Modern Standby 

Reason: 16777224."
"9/25/2025 6:25:43 PM","507","Microsoft-Windows-Kernel-Power","Modern Standby transition (lid closed likely)","The system is exiting Modern Standby ","The system is exiting Modern Standby 

Reason: Input Mouse."
"9/25/2025 6:25:43 PM","566","Microsoft-Windows-Kernel-Power","Modern Standby transition (lid closed likely)","The system session has transitioned from 605 to 607.","The system session has transitioned from 605 to 607.

Reason InputHid 

BootId: 22"
"9/25/2025 6:34:24 PM","20003","Microsoft-Windows-UserPnp","","Driver Management has concluded the process to add Service HidUsb for Device Instance ID USB\VID_046D&PID_C548&MI_00\9&2F22F2BB&0&0000 with the following status: 0.","Driver Management has concluded the process to add Service HidUsb for Device Instance ID USB\VID_046D&PID_C548&MI_00\9&2F22F2BB&0&0000 with the following status: 0."
"9/25/2025 6:38:30 PM","16","Microsoft-Windows-Kernel-General","","The access history in hive \??\C:\ProgramData\Microsoft\Windows\AppRepository\Packages\Microsoft.OutlookForWindows_1.2025.916.400_x64__8wekyb3d8bbwe\ActivationStore.dat was cleared updating 0 keys and creating 0 modified pages.","The access history in hive \??\C:\ProgramData\Microsoft\Windows\AppRepository\Packages\Microsoft.OutlookForWindows_1.2025.916.400_x64__8wekyb3d8bbwe\ActivationStore.dat was cleared updating 0 keys and creating 0 modified pages."
"9/25/2025 9:36:43 PM","105","Microsoft-Windows-Kernel-Power","Power source change","Power source change.","Power source change."
"9/25/2025 9:38:16 PM","105","Microsoft-Windows-Kernel-Power","Power source change","Power source change.","Power source change."
"9/25/2025 9:38:33 PM","566","Microsoft-Windows-Kernel-Power","Modern Standby transition (lid closed likely)","The system session has transitioned from 607 to 608.","The system session has transitioned from 607 to 608.

Reason PolicyChange 

BootId: 22"
"9/25/2025 9:38:33 PM","506","Microsoft-Windows-Kernel-Power","Modern Standby transition (lid closed likely)","The system is entering Modern Standby ","The system is entering Modern Standby 

Reason: Lid."
"9/25/2025 9:38:37 PM","566","Microsoft-Windows-Kernel-Power","Modern Standby transition (lid closed likely)","The system session has transitioned from 608 to 609.","The system session has transitioned from 608 to 609.

Reason PolicyChange 

BootId: 22"
"9/25/2025 9:38:37 PM","24","Microsoft-Windows-Kernel-General","","The time zone information was refreshed with exit reason 0. Current time zone bias is 240.","The time zone information was refreshed with exit reason 0. Current time zone bias is 240."
"9/25/2025 9:38:37 PM","1","Microsoft-Windows-Kernel-General","","The system time has changed to ‎2025‎-‎09‎-‎26T01:38:37.509046800Z from ‎2025‎-‎09‎-‎26T01:38:37.508880100Z.","The system time has changed to ‎2025‎-‎09‎-‎26T01:38:37.509046800Z from ‎2025‎-‎09‎-‎26T01:38:37.508880100Z.
Time Delta: 0 ms

Change Reason: An application or system component changed the time.
Process: '\Device\HarddiskVolume3\Windows\System32\svchost.exe' (PID 1992).

RTC time: ‎2025‎-‎09‎-‎25T21:38:37.509046800Z
Current time zone bias: 240
RTC time is in UTC: false
System time was based on RTC time: false"
"9/25/2025 9:39:55 PM","24","Microsoft-Windows-Kernel-General","","The time zone information was refreshed with exit reason 0. Current time zone bias is 240.","The time zone information was refreshed with exit reason 0. Current time zone bias is 240."
"9/25/2025 9:39:55 PM","507","Microsoft-Windows-Kernel-Power","Modern Standby transition (lid closed likely)","The system is exiting Modern Standby ","The system is exiting Modern Standby 

Reason: Input Mouse."
"9/25/2025 9:39:55 PM","566","Microsoft-Windows-Kernel-Power","Modern Standby transition (lid closed likely)","The system session has transitioned from 609 to 610.","The system session has transitioned from 609 to 610.

Reason InputHid 

BootId: 22"
"9/25/2025 9:39:55 PM","1","Microsoft-Windows-Kernel-General","","The system time has changed to ‎2025‎-‎09‎-‎26T01:39:55.551515300Z from ‎2025‎-‎09‎-‎26T01:39:55.551394400Z.","The system time has changed to ‎2025‎-‎09‎-‎26T01:39:55.551515300Z from ‎2025‎-‎09‎-‎26T01:39:55.551394400Z.
Time Delta: 0 ms

Change Reason: An application or system component changed the time.
Process: '\Device\HarddiskVolume3\Windows\System32\svchost.exe' (PID 1992).

RTC time: ‎2025‎-‎09‎-‎25T21:39:55.551515300Z
Current time zone bias: 240
RTC time is in UTC: false
System time was based on RTC time: false"
"9/25/2025 9:40:33 PM","566","Microsoft-Windows-Kernel-Power","Modern Standby transition (lid closed likely)","The system session has transitioned from 610 to 611.","The system session has transitioned from 610 to 611.

Reason SessionUnlock 

BootId: 22"
"9/25/2025 9:40:33 PM","506","Microsoft-Windows-Kernel-Power","Modern Standby transition (lid closed likely)","The system is entering Modern Standby ","The system is entering Modern Standby 

Reason: Idle Timeout."
"9/25/2025 10:10:15 PM","566","Microsoft-Windows-Kernel-Power","Modern Standby transition (lid closed likely)","The system session has transitioned from 611 to 612.","The system session has transitioned from 611 to 612.

Reason SessionUnlock 

BootId: 22"
"9/25/2025 10:10:15 PM","24","Microsoft-Windows-Kernel-General","","The time zone information was refreshed with exit reason 0. Current time zone bias is 240.","The time zone information was refreshed with exit reason 0. Current time zone bias is 240."
"9/25/2025 10:10:15 PM","1","Microsoft-Windows-Kernel-General","","The system time has changed to ‎2025‎-‎09‎-‎26T02:10:15.925883000Z from ‎2025‎-‎09‎-‎26T02:10:15.924905600Z.","The system time has changed to ‎2025‎-‎09‎-‎26T02:10:15.925883000Z from ‎2025‎-‎09‎-‎26T02:10:15.924905600Z.
Time Delta: 0 ms

Change Reason: An application or system component changed the time.
Process: '\Device\HarddiskVolume3\Windows\System32\svchost.exe' (PID 1992).

RTC time: ‎2025‎-‎09‎-‎25T22:10:15.925883000Z
Current time zone bias: 240
RTC time is in UTC: false
System time was based on RTC time: false"
"9/25/2025 11:38:51 PM","507","Microsoft-Windows-Kernel-Power","Modern Standby transition (lid closed likely)","The system is exiting Modern Standby ","The system is exiting Modern Standby 

Reason: 16777224."
"9/25/2025 11:38:51 PM","566","Microsoft-Windows-Kernel-Power","Modern Standby transition (lid closed likely)","The system session has transitioned from 612 to 613.","The system session has transitioned from 612 to 613.

Reason 16777224 

BootId: 22"
"9/25/2025 11:38:51 PM","506","Microsoft-Windows-Kernel-Power","Modern Standby transition (lid closed likely)","The system is entering Modern Standby ","The system is entering Modern Standby 

Reason: 16777224."
"9/25/2025 11:38:51 PM","24","Microsoft-Windows-Kernel-General","","The time zone information was refreshed with exit reason 0. Current time zone bias is 240.","The time zone information was refreshed with exit reason 0. Current time zone bias is 240."
"9/25/2025 11:38:51 PM","1","Microsoft-Windows-Kernel-General","","The system time has changed to ‎2025‎-‎09‎-‎26T03:38:51.886731900Z from ‎2025‎-‎09‎-‎26T03:38:51.881085600Z.","The system time has changed to ‎2025‎-‎09‎-‎26T03:38:51.886731900Z from ‎2025‎-‎09‎-‎26T03:38:51.881085600Z.
Time Delta: 5 ms

Change Reason: An application or system component changed the time.
Process: '\Device\HarddiskVolume3\Windows\System32\svchost.exe' (PID 1992).

RTC time: ‎2025‎-‎09‎-‎25T23:38:51.886731900Z
Current time zone bias: 240
RTC time is in UTC: false
System time was based on RTC time: false"
"9/25/2025 11:45:50 PM","566","Microsoft-Windows-Kernel-Power","Modern Standby transition (lid closed likely)","The system session has transitioned from 613 to 614.","The system session has transitioned from 613 to 614.

Reason SessionUnlock 

BootId: 22"
"9/25/2025 11:45:50 PM","24","Microsoft-Windows-Kernel-General","","The time zone information was refreshed with exit reason 0. Current time zone bias is 240.","The time zone information was refreshed with exit reason 0. Current time zone bias is 240."
"9/25/2025 11:45:50 PM","1","Microsoft-Windows-Kernel-General","","The system time has changed to ‎2025‎-‎09‎-‎26T03:45:50.230248500Z from ‎2025‎-‎09‎-‎26T03:45:50.216810200Z.","The system time has changed to ‎2025‎-‎09‎-‎26T03:45:50.230248500Z from ‎2025‎-‎09‎-‎26T03:45:50.216810200Z.
Time Delta: 13 ms

Change Reason: An application or system component changed the time.
Process: '\Device\HarddiskVolume3\Windows\System32\svchost.exe' (PID 1992).

RTC time: ‎2025‎-‎09‎-‎25T23:45:50.230248500Z
Current time zone bias: 240
RTC time is in UTC: false
System time was based on RTC time: false"
"9/25/2025 11:47:13 PM","507","Microsoft-Windows-Kernel-Power","Modern Standby transition (lid closed likely)","The system is exiting Modern Standby ","The system is exiting Modern Standby 

Reason: 16777220."
"9/25/2025 11:47:13 PM","566","Microsoft-Windows-Kernel-Power","Modern Standby transition (lid closed likely)","The system session has transitioned from 614 to 615.","The system session has transitioned from 614 to 615.

Reason 16777220 

BootId: 22"
"9/25/2025 11:47:13 PM","506","Microsoft-Windows-Kernel-Power","Modern Standby transition (lid closed likely)","The system is entering Modern Standby ","The system is entering Modern Standby 

Reason: 16777220."
"9/25/2025 11:47:15 PM","566","Microsoft-Windows-Kernel-Power","Modern Standby transition (lid closed likely)","The system session has transitioned from 615 to 616.","The system session has transitioned from 615 to 616.

Reason SessionUnlock 

BootId: 22"
"9/26/2025 12:26:39 AM","507","Microsoft-Windows-Kernel-Power","Modern Standby transition (lid closed likely)","The system is exiting Modern Standby ","The system is exiting Modern Standby 

Reason: 16777220."
"9/26/2025 12:26:39 AM","566","Microsoft-Windows-Kernel-Power","Modern Standby transition (lid closed likely)","The system session has transitioned from 616 to 617.","The system session has transitioned from 616 to 617.

Reason 16777220 

BootId: 22"
"9/26/2025 12:26:39 AM","506","Microsoft-Windows-Kernel-Power","Modern Standby transition (lid closed likely)","The system is entering Modern Standby ","The system is entering Modern Standby 

Reason: 16777220."
"9/26/2025 12:26:39 AM","24","Microsoft-Windows-Kernel-General","","The time zone information was refreshed with exit reason 0. Current time zone bias is 240.","The time zone information was refreshed with exit reason 0. Current time zone bias is 240."
"9/26/2025 12:26:39 AM","1","Microsoft-Windows-Kernel-General","","The system time has changed to ‎2025‎-‎09‎-‎26T04:26:39.349624100Z from ‎2025‎-‎09‎-‎26T04:26:39.347804400Z.","The system time has changed to ‎2025‎-‎09‎-‎26T04:26:39.349624100Z from ‎2025‎-‎09‎-‎26T04:26:39.347804400Z.
Time Delta: 1 ms

Change Reason: An application or system component changed the time.
Process: '\Device\HarddiskVolume3\Windows\System32\svchost.exe' (PID 1992).

RTC time: ‎2025‎-‎09‎-‎26T00:26:39.349624100Z
Current time zone bias: 240
RTC time is in UTC: false
System time was based on RTC time: false"
"9/26/2025 12:36:25 AM","566","Microsoft-Windows-Kernel-Power","Modern Standby transition (lid closed likely)","The system session has transitioned from 617 to 618.","The system session has transitioned from 617 to 618.

Reason SessionUnlock 

BootId: 22"
"9/26/2025 12:36:25 AM","24","Microsoft-Windows-Kernel-General","","The time zone information was refreshed with exit reason 0. Current time zone bias is 240.","The time zone information was refreshed with exit reason 0. Current time zone bias is 240."
"9/26/2025 12:36:25 AM","1","Microsoft-Windows-Kernel-General","","The system time has changed to ‎2025‎-‎09‎-‎26T04:36:25.740023100Z from ‎2025‎-‎09‎-‎26T04:36:25.733108000Z.","The system time has changed to ‎2025‎-‎09‎-‎26T04:36:25.740023100Z from ‎2025‎-‎09‎-‎26T04:36:25.733108000Z.
Time Delta: 6 ms

Change Reason: An application or system component changed the time.
Process: '\Device\HarddiskVolume3\Windows\System32\svchost.exe' (PID 1992).

RTC time: ‎2025‎-‎09‎-‎26T00:36:25.740023100Z
Current time zone bias: 240
RTC time is in UTC: false
System time was based on RTC time: false"
"9/26/2025 12:36:26 AM","507","Microsoft-Windows-Kernel-Power","Modern Standby transition (lid closed likely)","The system is exiting Modern Standby ","The system is exiting Modern Standby 

Reason: 16777220."
"9/26/2025 12:36:26 AM","566","Microsoft-Windows-Kernel-Power","Modern Standby transition (lid closed likely)","The system session has transitioned from 618 to 619.","The system session has transitioned from 618 to 619.

Reason 16777220 

BootId: 22"
"9/26/2025 12:36:26 AM","506","Microsoft-Windows-Kernel-Power","Modern Standby transition (lid closed likely)","The system is entering Modern Standby ","The system is entering Modern Standby 

Reason: 16777220."
"9/26/2025 12:40:09 AM","566","Microsoft-Windows-Kernel-Power","Modern Standby transition (lid closed likely)","The system session has transitioned from 619 to 620.","The system session has transitioned from 619 to 620.

Reason SessionUnlock 

BootId: 22"
"9/26/2025 12:40:09 AM","24","Microsoft-Windows-Kernel-General","","The time zone information was refreshed with exit reason 0. Current time zone bias is 240.","The time zone information was refreshed with exit reason 0. Current time zone bias is 240."
"9/26/2025 12:40:09 AM","1","Microsoft-Windows-Kernel-General","","The system time has changed to ‎2025‎-‎09‎-‎26T04:40:09.904348400Z from ‎2025‎-‎09‎-‎26T04:40:09.903270100Z.","The system time has changed to ‎2025‎-‎09‎-‎26T04:40:09.904348400Z from ‎2025‎-‎09‎-‎26T04:40:09.903270100Z.
Time Delta: 1 ms

Change Reason: An application or system component changed the time.
Process: '\Device\HarddiskVolume3\Windows\System32\svchost.exe' (PID 1992).

RTC time: ‎2025‎-‎09‎-‎26T00:40:09.904348400Z
Current time zone bias: 240
RTC time is in UTC: false
System time was based on RTC time: false"
"9/26/2025 12:40:10 AM","507","Microsoft-Windows-Kernel-Power","Modern Standby transition (lid closed likely)","The system is exiting Modern Standby ","The system is exiting Modern Standby 

Reason: 16777220."
"9/26/2025 12:40:10 AM","566","Microsoft-Windows-Kernel-Power","Modern Standby transition (lid closed likely)","The system session has transitioned from 620 to 621.","The system session has transitioned from 620 to 621.

Reason 16777220 

BootId: 22"
"9/26/2025 12:40:10 AM","506","Microsoft-Windows-Kernel-Power","Modern Standby transition (lid closed likely)","The system is entering Modern Standby ","The system is entering Modern Standby 

Reason: 16777220."
"9/26/2025 12:41:30 AM","566","Microsoft-Windows-Kernel-Power","Modern Standby transition (lid closed likely)","The system session has transitioned from 621 to 622.","The system session has transitioned from 621 to 622.

Reason SessionUnlock 

BootId: 22"
"9/26/2025 12:41:30 AM","24","Microsoft-Windows-Kernel-General","","The time zone information was refreshed with exit reason 0. Current time zone bias is 240.","The time zone information was refreshed with exit reason 0. Current time zone bias is 240."
"9/26/2025 12:41:30 AM","1","Microsoft-Windows-Kernel-General","","The system time has changed to ‎2025‎-‎09‎-‎26T04:41:30.739369900Z from ‎2025‎-‎09‎-‎26T04:41:30.737430100Z.","The system time has changed to ‎2025‎-‎09‎-‎26T04:41:30.739369900Z from ‎2025‎-‎09‎-‎26T04:41:30.737430100Z.
Time Delta: 1 ms

Change Reason: An application or system component changed the time.
Process: '\Device\HarddiskVolume3\Windows\System32\svchost.exe' (PID 1992).

RTC time: ‎2025‎-‎09‎-‎26T00:41:30.739369900Z
Current time zone bias: 240
RTC time is in UTC: false
System time was based on RTC time: false"
"9/26/2025 12:41:31 AM","507","Microsoft-Windows-Kernel-Power","Modern Standby transition (lid closed likely)","The system is exiting Modern Standby ","The system is exiting Modern Standby 

Reason: 16777220."
"9/26/2025 12:41:31 AM","566","Microsoft-Windows-Kernel-Power","Modern Standby transition (lid closed likely)","The system session has transitioned from 622 to 623.","The system session has transitioned from 622 to 623.

Reason 16777220 

BootId: 22"
"9/26/2025 12:41:31 AM","506","Microsoft-Windows-Kernel-Power","Modern Standby transition (lid closed likely)","The system is entering Modern Standby ","The system is entering Modern Standby 

Reason: 16777220."
"9/26/2025 12:44:00 AM","566","Microsoft-Windows-Kernel-Power","Modern Standby transition (lid closed likely)","The system session has transitioned from 623 to 624.","The system session has transitioned from 623 to 624.

Reason SessionUnlock 

BootId: 22"
"9/26/2025 12:44:00 AM","24","Microsoft-Windows-Kernel-General","","The time zone information was refreshed with exit reason 0. Current time zone bias is 240.","The time zone information was refreshed with exit reason 0. Current time zone bias is 240."
"9/26/2025 12:44:00 AM","1","Microsoft-Windows-Kernel-General","","The system time has changed to ‎2025‎-‎09‎-‎26T04:44:00.108170700Z from ‎2025‎-‎09‎-‎26T04:44:00.108319800Z.","The system time has changed to ‎2025‎-‎09‎-‎26T04:44:00.108170700Z from ‎2025‎-‎09‎-‎26T04:44:00.108319800Z.
Time Delta: 0 ms

Change Reason: An application or system component changed the time.
Process: '\Device\HarddiskVolume3\Windows\System32\svchost.exe' (PID 1992).

RTC time: ‎2025‎-‎09‎-‎26T00:44:00.108170700Z
Current time zone bias: 240
RTC time is in UTC: false
System time was based on RTC time: false"
"9/26/2025 1:39:16 AM","507","Microsoft-Windows-Kernel-Power","Modern Standby transition (lid closed likely)","The system is exiting Modern Standby ","The system is exiting Modern Standby 

Reason: 16777224."
"9/26/2025 1:39:16 AM","566","Microsoft-Windows-Kernel-Power","Modern Standby transition (lid closed likely)","The system session has transitioned from 624 to 625.","The system session has transitioned from 624 to 625.

Reason 16777224 

BootId: 22"
"9/26/2025 1:39:16 AM","506","Microsoft-Windows-Kernel-Power","Modern Standby transition (lid closed likely)","The system is entering Modern Standby ","The system is entering Modern Standby 

Reason: 16777224."
"9/26/2025 1:39:16 AM","24","Microsoft-Windows-Kernel-General","","The time zone information was refreshed with exit reason 0. Current time zone bias is 240.","The time zone information was refreshed with exit reason 0. Current time zone bias is 240."
"9/26/2025 1:39:16 AM","1","Microsoft-Windows-Kernel-General","","The system time has changed to ‎2025‎-‎09‎-‎26T05:39:16.333236500Z from ‎2025‎-‎09‎-‎26T05:39:16.332588600Z.","The system time has changed to ‎2025‎-‎09‎-‎26T05:39:16.333236500Z from ‎2025‎-‎09‎-‎26T05:39:16.332588600Z.
Time Delta: 0 ms

Change Reason: An application or system component changed the time.
Process: '\Device\HarddiskVolume3\Windows\System32\svchost.exe' (PID 1992).

RTC time: ‎2025‎-‎09‎-‎26T01:39:16.333236500Z
Current time zone bias: 240
RTC time is in UTC: false
System time was based on RTC time: false"
"9/26/2025 1:44:17 AM","566","Microsoft-Windows-Kernel-Power","Modern Standby transition (lid closed likely)","The system session has transitioned from 625 to 626.","The system session has transitioned from 625 to 626.

Reason SessionUnlock 

BootId: 22"
"9/26/2025 1:44:17 AM","24","Microsoft-Windows-Kernel-General","","The time zone information was refreshed with exit reason 0. Current time zone bias is 240.","The time zone information was refreshed with exit reason 0. Current time zone bias is 240."
"9/26/2025 1:44:17 AM","1","Microsoft-Windows-Kernel-General","","The system time has changed to ‎2025‎-‎09‎-‎26T05:44:17.636558000Z from ‎2025‎-‎09‎-‎26T05:44:17.632115900Z.","The system time has changed to ‎2025‎-‎09‎-‎26T05:44:17.636558000Z from ‎2025‎-‎09‎-‎26T05:44:17.632115900Z.
Time Delta: 4 ms

Change Reason: An application or system component changed the time.
Process: '\Device\HarddiskVolume3\Windows\System32\svchost.exe' (PID 1992).

RTC time: ‎2025‎-‎09‎-‎26T01:44:17.636558000Z
Current time zone bias: 240
RTC time is in UTC: false
System time was based on RTC time: false"
"9/26/2025 2:38:46 AM","507","Microsoft-Windows-Kernel-Power","Modern Standby transition (lid closed likely)","The system is exiting Modern Standby ","The system is exiting Modern Standby 

Reason: 16777224."
"9/26/2025 2:38:46 AM","566","Microsoft-Windows-Kernel-Power","Modern Standby transition (lid closed likely)","The system session has transitioned from 626 to 627.","The system session has transitioned from 626 to 627.

Reason 16777224 

BootId: 22"
"9/26/2025 2:38:46 AM","506","Microsoft-Windows-Kernel-Power","Modern Standby transition (lid closed likely)","The system is entering Modern Standby ","The system is entering Modern Standby 

Reason: 16777224."
"9/26/2025 2:38:46 AM","24","Microsoft-Windows-Kernel-General","","The time zone information was refreshed with exit reason 0. Current time zone bias is 240.","The time zone information was refreshed with exit reason 0. Current time zone bias is 240."
"9/26/2025 2:38:46 AM","1","Microsoft-Windows-Kernel-General","","The system time has changed to ‎2025‎-‎09‎-‎26T06:38:46.711797700Z from ‎2025‎-‎09‎-‎26T06:38:46.711190800Z.","The system time has changed to ‎2025‎-‎09‎-‎26T06:38:46.711797700Z from ‎2025‎-‎09‎-‎26T06:38:46.711190800Z.
Time Delta: 0 ms

Change Reason: An application or system component changed the time.
Process: '\Device\HarddiskVolume3\Windows\System32\svchost.exe' (PID 1992).

RTC time: ‎2025‎-‎09‎-‎26T02:38:46.711797700Z
Current time zone bias: 240
RTC time is in UTC: false
System time was based on RTC time: false"
"9/26/2025 2:43:43 AM","566","Microsoft-Windows-Kernel-Power","Modern Standby transition (lid closed likely)","The system session has transitioned from 627 to 628.","The system session has transitioned from 627 to 628.

Reason SessionUnlock 

BootId: 22"
"9/26/2025 2:43:43 AM","24","Microsoft-Windows-Kernel-General","","The time zone information was refreshed with exit reason 0. Current time zone bias is 240.","The time zone information was refreshed with exit reason 0. Current time zone bias is 240."
"9/26/2025 2:43:43 AM","1","Microsoft-Windows-Kernel-General","","The system time has changed to ‎2025‎-‎09‎-‎26T06:43:43.971182000Z from ‎2025‎-‎09‎-‎26T06:43:43.968841200Z.","The system time has changed to ‎2025‎-‎09‎-‎26T06:43:43.971182000Z from ‎2025‎-‎09‎-‎26T06:43:43.968841200Z.
Time Delta: 2 ms

Change Reason: An application or system component changed the time.
Process: '\Device\HarddiskVolume3\Windows\System32\svchost.exe' (PID 1992).

RTC time: ‎2025‎-‎09‎-‎26T02:43:43.971182000Z
Current time zone bias: 240
RTC time is in UTC: false
System time was based on RTC time: false"
"9/26/2025 3:18:18 AM","507","Microsoft-Windows-Kernel-Power","Modern Standby transition (lid closed likely)","The system is exiting Modern Standby ","The system is exiting Modern Standby 

Reason: 16777220."
"9/26/2025 3:18:18 AM","566","Microsoft-Windows-Kernel-Power","Modern Standby transition (lid closed likely)","The system session has transitioned from 628 to 629.","The system session has transitioned from 628 to 629.

Reason 16777220 

BootId: 22"
"9/26/2025 3:18:18 AM","506","Microsoft-Windows-Kernel-Power","Modern Standby transition (lid closed likely)","The system is entering Modern Standby ","The system is entering Modern Standby 

Reason: 16777220."
"9/26/2025 3:18:18 AM","24","Microsoft-Windows-Kernel-General","","The time zone information was refreshed with exit reason 0. Current time zone bias is 240.","The time zone information was refreshed with exit reason 0. Current time zone bias is 240."
"9/26/2025 3:18:18 AM","1","Microsoft-Windows-Kernel-General","","The system time has changed to ‎2025‎-‎09‎-‎26T07:18:18.676099200Z from ‎2025‎-‎09‎-‎26T07:18:18.675342400Z.","The system time has changed to ‎2025‎-‎09‎-‎26T07:18:18.676099200Z from ‎2025‎-‎09‎-‎26T07:18:18.675342400Z.
Time Delta: 0 ms

Change Reason: An application or system component changed the time.
Process: '\Device\HarddiskVolume3\Windows\System32\svchost.exe' (PID 1992).

RTC time: ‎2025‎-‎09‎-‎26T03:18:18.676099200Z
Current time zone bias: 240
RTC time is in UTC: false
System time was based on RTC time: false"
"9/26/2025 3:20:20 AM","566","Microsoft-Windows-Kernel-Power","Modern Standby transition (lid closed likely)","The system session has transitioned from 629 to 630.","The system session has transitioned from 629 to 630.

Reason SessionUnlock 

BootId: 22"
"9/26/2025 3:20:20 AM","24","Microsoft-Windows-Kernel-General","","The time zone information was refreshed with exit reason 0. Current time zone bias is 240.","The time zone information was refreshed with exit reason 0. Current time zone bias is 240."
"9/26/2025 3:20:20 AM","1","Microsoft-Windows-Kernel-General","","The system time has changed to ‎2025‎-‎09‎-‎26T07:20:20.625127300Z from ‎2025‎-‎09‎-‎26T07:20:20.619493000Z.","The system time has changed to ‎2025‎-‎09‎-‎26T07:20:20.625127300Z from ‎2025‎-‎09‎-‎26T07:20:20.619493000Z.
Time Delta: 5 ms

Change Reason: An application or system component changed the time.
Process: '\Device\HarddiskVolume3\Windows\System32\svchost.exe' (PID 1992).

RTC time: ‎2025‎-‎09‎-‎26T03:20:20.625127300Z
Current time zone bias: 240
RTC time is in UTC: false
System time was based on RTC time: false"
"9/26/2025 3:39:18 AM","507","Microsoft-Windows-Kernel-Power","Modern Standby transition (lid closed likely)","The system is exiting Modern Standby ","The system is exiting Modern Standby 

Reason: 16777224."
"9/26/2025 3:39:18 AM","566","Microsoft-Windows-Kernel-Power","Modern Standby transition (lid closed likely)","The system session has transitioned from 630 to 631.","The system session has transitioned from 630 to 631.

Reason 16777224 

BootId: 22"
"9/26/2025 3:39:18 AM","506","Microsoft-Windows-Kernel-Power","Modern Standby transition (lid closed likely)","The system is entering Modern Standby ","The system is entering Modern Standby 

Reason: 16777224."
"9/26/2025 3:39:18 AM","24","Microsoft-Windows-Kernel-General","","The time zone information was refreshed with exit reason 0. Current time zone bias is 240.","The time zone information was refreshed with exit reason 0. Current time zone bias is 240."
"9/26/2025 3:39:18 AM","1","Microsoft-Windows-Kernel-General","","The system time has changed to ‎2025‎-‎09‎-‎26T07:39:18.498201300Z from ‎2025‎-‎09‎-‎26T07:39:18.497947100Z.","The system time has changed to ‎2025‎-‎09‎-‎26T07:39:18.498201300Z from ‎2025‎-‎09‎-‎26T07:39:18.497947100Z.
Time Delta: 0 ms

Change Reason: An application or system component changed the time.
Process: '\Device\HarddiskVolume3\Windows\System32\svchost.exe' (PID 1992).

RTC time: ‎2025‎-‎09‎-‎26T03:39:18.498201300Z
Current time zone bias: 240
RTC time is in UTC: false
System time was based on RTC time: false"
"9/26/2025 3:42:34 AM","566","Microsoft-Windows-Kernel-Power","Modern Standby transition (lid closed likely)","The system session has transitioned from 631 to 632.","The system session has transitioned from 631 to 632.

Reason SessionUnlock 

BootId: 22"
"9/26/2025 3:42:34 AM","24","Microsoft-Windows-Kernel-General","","The time zone information was refreshed with exit reason 0. Current time zone bias is 240.","The time zone information was refreshed with exit reason 0. Current time zone bias is 240."
"9/26/2025 3:42:34 AM","1","Microsoft-Windows-Kernel-General","","The system time has changed to ‎2025‎-‎09‎-‎26T07:42:34.063623700Z from ‎2025‎-‎09‎-‎26T07:42:34.056746000Z.","The system time has changed to ‎2025‎-‎09‎-‎26T07:42:34.063623700Z from ‎2025‎-‎09‎-‎26T07:42:34.056746000Z.
Time Delta: 6 ms

Change Reason: An application or system component changed the time.
Process: '\Device\HarddiskVolume3\Windows\System32\svchost.exe' (PID 1992).

RTC time: ‎2025‎-‎09‎-‎26T03:42:34.063623700Z
Current time zone bias: 240
RTC time is in UTC: false
System time was based on RTC time: false"
"9/26/2025 4:39:16 AM","507","Microsoft-Windows-Kernel-Power","Modern Standby transition (lid closed likely)","The system is exiting Modern Standby ","The system is exiting Modern Standby 

Reason: 16777224."
"9/26/2025 4:39:16 AM","566","Microsoft-Windows-Kernel-Power","Modern Standby transition (lid closed likely)","The system session has transitioned from 632 to 633.","The system session has transitioned from 632 to 633.

Reason 16777224 

BootId: 22"
"9/26/2025 4:39:16 AM","506","Microsoft-Windows-Kernel-Power","Modern Standby transition (lid closed likely)","The system is entering Modern Standby ","The system is entering Modern Standby 

Reason: 16777224."
"9/26/2025 4:39:16 AM","24","Microsoft-Windows-Kernel-General","","The time zone information was refreshed with exit reason 0. Current time zone bias is 240.","The time zone information was refreshed with exit reason 0. Current time zone bias is 240."
"9/26/2025 4:39:16 AM","1","Microsoft-Windows-Kernel-General","","The system time has changed to ‎2025‎-‎09‎-‎26T08:39:16.364766000Z from ‎2025‎-‎09‎-‎26T08:39:16.364385000Z.","The system time has changed to ‎2025‎-‎09‎-‎26T08:39:16.364766000Z from ‎2025‎-‎09‎-‎26T08:39:16.364385000Z.
Time Delta: 0 ms

Change Reason: An application or system component changed the time.
Process: '\Device\HarddiskVolume3\Windows\System32\svchost.exe' (PID 1992).

RTC time: ‎2025‎-‎09‎-‎26T04:39:16.364766000Z
Current time zone bias: 240
RTC time is in UTC: false
System time was based on RTC time: false"
"9/26/2025 4:43:34 AM","566","Microsoft-Windows-Kernel-Power","Modern Standby transition (lid closed likely)","The system session has transitioned from 633 to 634.","The system session has transitioned from 633 to 634.

Reason SessionUnlock 

BootId: 22"
"9/26/2025 4:43:34 AM","24","Microsoft-Windows-Kernel-General","","The time zone information was refreshed with exit reason 0. Current time zone bias is 240.","The time zone information was refreshed with exit reason 0. Current time zone bias is 240."
"9/26/2025 4:43:34 AM","1","Microsoft-Windows-Kernel-General","","The system time has changed to ‎2025‎-‎09‎-‎26T08:43:34.241198300Z from ‎2025‎-‎09‎-‎26T08:43:34.231726300Z.","The system time has changed to ‎2025‎-‎09‎-‎26T08:43:34.241198300Z from ‎2025‎-‎09‎-‎26T08:43:34.231726300Z.
Time Delta: 9 ms

Change Reason: An application or system component changed the time.
Process: '\Device\HarddiskVolume3\Windows\System32\svchost.exe' (PID 1992).

RTC time: ‎2025‎-‎09‎-‎26T04:43:34.241198300Z
Current time zone bias: 240
RTC time is in UTC: false
System time was based on RTC time: false"
"9/26/2025 4:47:15 AM","507","Microsoft-Windows-Kernel-Power","Modern Standby transition (lid closed likely)","The system is exiting Modern Standby ","The system is exiting Modern Standby 

Reason: 16777220."
"9/26/2025 4:47:15 AM","566","Microsoft-Windows-Kernel-Power","Modern Standby transition (lid closed likely)","The system session has transitioned from 634 to 635.","The system session has transitioned from 634 to 635.

Reason 16777220 

BootId: 22"
"9/26/2025 4:47:15 AM","506","Microsoft-Windows-Kernel-Power","Modern Standby transition (lid closed likely)","The system is entering Modern Standby ","The system is entering Modern Standby 

Reason: 16777220."
"9/26/2025 4:47:17 AM","566","Microsoft-Windows-Kernel-Power","Modern Standby transition (lid closed likely)","The system session has transitioned from 635 to 636.","The system session has transitioned from 635 to 636.

Reason SessionUnlock 

BootId: 22"
"9/26/2025 5:38:46 AM","507","Microsoft-Windows-Kernel-Power","Modern Standby transition (lid closed likely)","The system is exiting Modern Standby ","The system is exiting Modern Standby 

Reason: 16777224."
"9/26/2025 5:38:46 AM","566","Microsoft-Windows-Kernel-Power","Modern Standby transition (lid closed likely)","The system session has transitioned from 636 to 637.","The system session has transitioned from 636 to 637.

Reason 16777224 

BootId: 22"
"9/26/2025 5:38:46 AM","506","Microsoft-Windows-Kernel-Power","Modern Standby transition (lid closed likely)","The system is entering Modern Standby ","The system is entering Modern Standby 

Reason: 16777224."
"9/26/2025 5:38:46 AM","24","Microsoft-Windows-Kernel-General","","The time zone information was refreshed with exit reason 0. Current time zone bias is 240.","The time zone information was refreshed with exit reason 0. Current time zone bias is 240."
"9/26/2025 5:38:46 AM","1","Microsoft-Windows-Kernel-General","","The system time has changed to ‎2025‎-‎09‎-‎26T09:38:46.891305300Z from ‎2025‎-‎09‎-‎26T09:38:46.889162200Z.","The system time has changed to ‎2025‎-‎09‎-‎26T09:38:46.891305300Z from ‎2025‎-‎09‎-‎26T09:38:46.889162200Z.
Time Delta: 2 ms

Change Reason: An application or system component changed the time.
Process: '\Device\HarddiskVolume3\Windows\System32\svchost.exe' (PID 1992).

RTC time: ‎2025‎-‎09‎-‎26T05:38:46.891305300Z
Current time zone bias: 240
RTC time is in UTC: false
System time was based on RTC time: false"
"9/26/2025 5:41:54 AM","566","Microsoft-Windows-Kernel-Power","Modern Standby transition (lid closed likely)","The system session has transitioned from 637 to 638.","The system session has transitioned from 637 to 638.

Reason SessionUnlock 

BootId: 22"
"9/26/2025 5:41:54 AM","24","Microsoft-Windows-Kernel-General","","The time zone information was refreshed with exit reason 0. Current time zone bias is 240.","The time zone information was refreshed with exit reason 0. Current time zone bias is 240."
"9/26/2025 5:41:54 AM","1","Microsoft-Windows-Kernel-General","","The system time has changed to ‎2025‎-‎09‎-‎26T09:41:54.493250500Z from ‎2025‎-‎09‎-‎26T09:41:54.487130600Z.","The system time has changed to ‎2025‎-‎09‎-‎26T09:41:54.493250500Z from ‎2025‎-‎09‎-‎26T09:41:54.487130600Z.
Time Delta: 6 ms

Change Reason: An application or system component changed the time.
Process: '\Device\HarddiskVolume3\Windows\System32\svchost.exe' (PID 1992).

RTC time: ‎2025‎-‎09‎-‎26T05:41:54.493250500Z
Current time zone bias: 240
RTC time is in UTC: false
System time was based on RTC time: false"
"9/26/2025 6:39:16 AM","507","Microsoft-Windows-Kernel-Power","Modern Standby transition (lid closed likely)","The system is exiting Modern Standby ","The system is exiting Modern Standby 

Reason: 16777224."
"9/26/2025 6:39:16 AM","566","Microsoft-Windows-Kernel-Power","Modern Standby transition (lid closed likely)","The system session has transitioned from 638 to 639.","The system session has transitioned from 638 to 639.

Reason 16777224 

BootId: 22"
"9/26/2025 6:39:16 AM","506","Microsoft-Windows-Kernel-Power","Modern Standby transition (lid closed likely)","The system is entering Modern Standby ","The system is entering Modern Standby 

Reason: 16777224."
"9/26/2025 6:39:17 AM","24","Microsoft-Windows-Kernel-General","","The time zone information was refreshed with exit reason 0. Current time zone bias is 240.","The time zone information was refreshed with exit reason 0. Current time zone bias is 240."
"9/26/2025 6:39:17 AM","1","Microsoft-Windows-Kernel-General","","The system time has changed to ‎2025‎-‎09‎-‎26T10:39:17.011090500Z from ‎2025‎-‎09‎-‎26T10:39:17.009778000Z.","The system time has changed to ‎2025‎-‎09‎-‎26T10:39:17.011090500Z from ‎2025‎-‎09‎-‎26T10:39:17.009778000Z.
Time Delta: 1 ms

Change Reason: An application or system component changed the time.
Process: '\Device\HarddiskVolume3\Windows\System32\svchost.exe' (PID 1992).

RTC time: ‎2025‎-‎09‎-‎26T06:39:17.011090500Z
Current time zone bias: 240
RTC time is in UTC: false
System time was based on RTC time: false"
"9/26/2025 6:44:30 AM","566","Microsoft-Windows-Kernel-Power","Modern Standby transition (lid closed likely)","The system session has transitioned from 639 to 640.","The system session has transitioned from 639 to 640.

Reason SessionUnlock 

BootId: 22"
"9/26/2025 6:44:30 AM","24","Microsoft-Windows-Kernel-General","","The time zone information was refreshed with exit reason 0. Current time zone bias is 240.","The time zone information was refreshed with exit reason 0. Current time zone bias is 240."
"9/26/2025 6:44:30 AM","1","Microsoft-Windows-Kernel-General","","The system time has changed to ‎2025‎-‎09‎-‎26T10:44:30.321760700Z from ‎2025‎-‎09‎-‎26T10:44:30.312725600Z.","The system time has changed to ‎2025‎-‎09‎-‎26T10:44:30.321760700Z from ‎2025‎-‎09‎-‎26T10:44:30.312725600Z.
Time Delta: 9 ms

Change Reason: An application or system component changed the time.
Process: '\Device\HarddiskVolume3\Windows\System32\svchost.exe' (PID 1992).

RTC time: ‎2025‎-‎09‎-‎26T06:44:30.321760700Z
Current time zone bias: 240
RTC time is in UTC: false
System time was based on RTC time: false"
"9/26/2025 7:39:16 AM","507","Microsoft-Windows-Kernel-Power","Modern Standby transition (lid closed likely)","The system is exiting Modern Standby ","The system is exiting Modern Standby 

Reason: 16777224."
"9/26/2025 7:39:16 AM","566","Microsoft-Windows-Kernel-Power","Modern Standby transition (lid closed likely)","The system session has transitioned from 640 to 641.","The system session has transitioned from 640 to 641.

Reason 16777224 

BootId: 22"
"9/26/2025 7:39:16 AM","506","Microsoft-Windows-Kernel-Power","Modern Standby transition (lid closed likely)","The system is entering Modern Standby ","The system is entering Modern Standby 

Reason: 16777224."
"9/26/2025 7:39:16 AM","24","Microsoft-Windows-Kernel-General","","The time zone information was refreshed with exit reason 0. Current time zone bias is 240.","The time zone information was refreshed with exit reason 0. Current time zone bias is 240."
"9/26/2025 7:39:16 AM","1","Microsoft-Windows-Kernel-General","","The system time has changed to ‎2025‎-‎09‎-‎26T11:39:16.788709900Z from ‎2025‎-‎09‎-‎26T11:39:16.788255000Z.","The system time has changed to ‎2025‎-‎09‎-‎26T11:39:16.788709900Z from ‎2025‎-‎09‎-‎26T11:39:16.788255000Z.
Time Delta: 0 ms

Change Reason: An application or system component changed the time.
Process: '\Device\HarddiskVolume3\Windows\System32\svchost.exe' (PID 1992).

RTC time: ‎2025‎-‎09‎-‎26T07:39:16.788709900Z
Current time zone bias: 240
RTC time is in UTC: false
System time was based on RTC time: false"
"9/26/2025 7:43:14 AM","566","Microsoft-Windows-Kernel-Power","Modern Standby transition (lid closed likely)","The system session has transitioned from 641 to 642.","The system session has transitioned from 641 to 642.

Reason SessionUnlock 

BootId: 22"
"9/26/2025 7:43:14 AM","24","Microsoft-Windows-Kernel-General","","The time zone information was refreshed with exit reason 0. Current time zone bias is 240.","The time zone information was refreshed with exit reason 0. Current time zone bias is 240."
"9/26/2025 7:43:14 AM","1","Microsoft-Windows-Kernel-General","","The system time has changed to ‎2025‎-‎09‎-‎26T11:43:14.509689700Z from ‎2025‎-‎09‎-‎26T11:43:14.507685300Z.","The system time has changed to ‎2025‎-‎09‎-‎26T11:43:14.509689700Z from ‎2025‎-‎09‎-‎26T11:43:14.507685300Z.
Time Delta: 2 ms

Change Reason: An application or system component changed the time.
Process: '\Device\HarddiskVolume3\Windows\System32\svchost.exe' (PID 1992).

RTC time: ‎2025‎-‎09‎-‎26T07:43:14.509689700Z
Current time zone bias: 240
RTC time is in UTC: false
System time was based on RTC time: false"
"9/26/2025 8:09:52 AM","24","Microsoft-Windows-Kernel-General","","The time zone information was refreshed with exit reason 0. Current time zone bias is 240.","The time zone information was refreshed with exit reason 0. Current time zone bias is 240."
"9/26/2025 8:09:52 AM","507","Microsoft-Windows-Kernel-Power","Modern Standby transition (lid closed likely)","The system is exiting Modern Standby ","The system is exiting Modern Standby 

Reason: Input Mouse."
"9/26/2025 8:09:52 AM","566","Microsoft-Windows-Kernel-Power","Modern Standby transition (lid closed likely)","The system session has transitioned from 642 to 643.","The system session has transitioned from 642 to 643.

Reason InputHid 

BootId: 22"
"9/26/2025 8:09:52 AM","1","Microsoft-Windows-Kernel-General","","The system time has changed to ‎2025‎-‎09‎-‎26T12:09:52.524459300Z from ‎2025‎-‎09‎-‎26T12:09:52.524419900Z.","The system time has changed to ‎2025‎-‎09‎-‎26T12:09:52.524459300Z from ‎2025‎-‎09‎-‎26T12:09:52.524419900Z.
Time Delta: 0 ms

Change Reason: An application or system component changed the time.
Process: '\Device\HarddiskVolume3\Windows\System32\svchost.exe' (PID 1992).

RTC time: ‎2025‎-‎09‎-‎26T08:09:52.524459300Z
Current time zone bias: 240
RTC time is in UTC: false
System time was based on RTC time: false"
"9/26/2025 8:10:22 AM","566","Microsoft-Windows-Kernel-Power","Modern Standby transition (lid closed likely)","The system session has transitioned from 643 to 644.","The system session has transitioned from 643 to 644.

Reason SessionUnlock 

BootId: 22"
"9/26/2025 8:10:22 AM","506","Microsoft-Windows-Kernel-Power","Modern Standby transition (lid closed likely)","The system is entering Modern Standby ","The system is entering Modern Standby 

Reason: Idle Timeout."
"9/26/2025 8:12:10 AM","507","Microsoft-Windows-Kernel-Power","Modern Standby transition (lid closed likely)","The system is exiting Modern Standby ","The system is exiting Modern Standby 

Reason: Lid."
"9/26/2025 8:12:10 AM","566","Microsoft-Windows-Kernel-Power","Modern Standby transition (lid closed likely)","The system session has transitioned from 644 to 646.","The system session has transitioned from 644 to 646.

Reason PolicyChange 

BootId: 22"
"9/26/2025 10:26:37 AM","16","Microsoft-Windows-Kernel-General","","The access history in hive \??\C:\ProgramData\Microsoft\Windows\AppRepository\Packages\Microsoft.WindowsStore_22508.1401.4.0_x64__8wekyb3d8bbwe\ActivationStore.dat was cleared updating 0 keys and creating 0 modified pages.","The access history in hive \??\C:\ProgramData\Microsoft\Windows\AppRepository\Packages\Microsoft.WindowsStore_22508.1401.4.0_x64__8wekyb3d8bbwe\ActivationStore.dat was cleared updating 0 keys and creating 0 modified pages."
"9/26/2025 10:52:24 AM","105","Microsoft-Windows-Kernel-Power","Power source change","Power source change.","Power source change."
"9/26/2025 10:55:04 AM","105","Microsoft-Windows-Kernel-Power","Power source change","Power source change.","Power source change."
"9/26/2025 11:55:19 AM","16","Microsoft-Windows-Kernel-General","","The access history in hive \??\C:\Users\angela\AppData\Local\Packages\Windows.PrintDialog_cw5n1h2txyewy\Settings\settings.dat was cleared updating 2 keys and creating 1 modified pages.","The access history in hive \??\C:\Users\angela\AppData\Local\Packages\Windows.PrintDialog_cw5n1h2txyewy\Settings\settings.dat was cleared updating 2 keys and creating 1 modified pages."
"9/26/2025 12:00:01 PM","6013","EventLog","","The system uptime is 963330 seconds.","The system uptime is 963330 seconds."
"9/26/2025 1:11:43 PM","16","Microsoft-Windows-Kernel-General","","The access history in hive \??\C:\Users\angela\AppData\Local\Packages\Microsoft.OutlookForWindows_8wekyb3d8bbwe\Settings\settings.dat was cleared updating 1 keys and creating 1 modified pages.","The access history in hive \??\C:\Users\angela\AppData\Local\Packages\Microsoft.OutlookForWindows_8wekyb3d8bbwe\Settings\settings.dat was cleared updating 1 keys and creating 1 modified pages."
"9/26/2025 3:57:36 PM","566","Microsoft-Windows-Kernel-Power","Modern Standby transition (lid closed likely)","The system session has transitioned from 646 to 647.","The system session has transitioned from 646 to 647.

Reason SessionUnlock 

BootId: 22"
"9/26/2025 3:57:36 PM","506","Microsoft-Windows-Kernel-Power","Modern Standby transition (lid closed likely)","The system is entering Modern Standby ","The system is entering Modern Standby 

Reason: Idle Timeout."
"9/26/2025 3:57:43 PM","566","Microsoft-Windows-Kernel-Power","Modern Standby transition (lid closed likely)","The system session has transitioned from 647 to 648.","The system session has transitioned from 647 to 648.

Reason SessionUnlock 

BootId: 22"
